CRITICAL - 2022-11-16 06:39:05 --> Invalid file: admin/VSignIn.php
in SYSTEMPATH\Exceptions\FrameworkException.php on line 33.
 1 SYSTEMPATH\View\View.php(201): CodeIgniter\Exceptions\FrameworkException::forInvalidFile('admin/VSignIn.php')
 2 SYSTEMPATH\Common.php(1134): CodeIgniter\View\View->render('admin/VSignIn', [], true)
 3 APPPATH\Controllers\Signin.php(11): view('admin/VSignIn')
 4 SYSTEMPATH\CodeIgniter.php(927): App\Controllers\Signin->administrator()
 5 SYSTEMPATH\CodeIgniter.php(482): CodeIgniter\CodeIgniter->runController(Object(App\Controllers\Signin))
 6 SYSTEMPATH\CodeIgniter.php(351): CodeIgniter\CodeIgniter->handleRequest(null, Object(Config\Cache), false)
 7 FCPATH\index.php(67): CodeIgniter\CodeIgniter->run()
 8 SYSTEMPATH\Commands\Server\rewrite.php(46): require_once('FCPATH\\index.php')
CRITICAL - 2022-11-16 06:39:41 --> Invalid file: /admin/VSignIn.php
in SYSTEMPATH\Exceptions\FrameworkException.php on line 33.
 1 SYSTEMPATH\View\View.php(201): CodeIgniter\Exceptions\FrameworkException::forInvalidFile('/admin/VSignIn.php')
 2 SYSTEMPATH\Common.php(1134): CodeIgniter\View\View->render('/admin/VSignIn', [], true)
 3 APPPATH\Controllers\Signin.php(11): view('/admin/VSignIn')
 4 SYSTEMPATH\CodeIgniter.php(927): App\Controllers\Signin->administrator()
 5 SYSTEMPATH\CodeIgniter.php(482): CodeIgniter\CodeIgniter->runController(Object(App\Controllers\Signin))
 6 SYSTEMPATH\CodeIgniter.php(351): CodeIgniter\CodeIgniter->handleRequest(null, Object(Config\Cache), false)
 7 FCPATH\index.php(67): CodeIgniter\CodeIgniter->run()
 8 SYSTEMPATH\Commands\Server\rewrite.php(46): require_once('FCPATH\\index.php')
CRITICAL - 2022-11-16 06:39:43 --> Invalid file: /admin/VSignIn.php
in SYSTEMPATH\Exceptions\FrameworkException.php on line 33.
 1 SYSTEMPATH\View\View.php(201): CodeIgniter\Exceptions\FrameworkException::forInvalidFile('/admin/VSignIn.php')
 2 SYSTEMPATH\Common.php(1134): CodeIgniter\View\View->render('/admin/VSignIn', [], true)
 3 APPPATH\Controllers\Signin.php(11): view('/admin/VSignIn')
 4 SYSTEMPATH\CodeIgniter.php(927): App\Controllers\Signin->administrator()
 5 SYSTEMPATH\CodeIgniter.php(482): CodeIgniter\CodeIgniter->runController(Object(App\Controllers\Signin))
 6 SYSTEMPATH\CodeIgniter.php(351): CodeIgniter\CodeIgniter->handleRequest(null, Object(Config\Cache), false)
 7 FCPATH\index.php(67): CodeIgniter\CodeIgniter->run()
 8 SYSTEMPATH\Commands\Server\rewrite.php(46): require_once('FCPATH\\index.php')
