CRITICAL - 2023-01-25 19:53:56 --> Call to undefined function form_open()
in APPPATH\Views\admin\V_Data_siswa.php on line 64.
 1 SYSTEMPATH\View\View.php(213): include()
 2 SYSTEMPATH\View\View.php(216): CodeIgniter\View\View->CodeIgniter\View\{closure}()
 3 SYSTEMPATH\Common.php(1134): CodeIgniter\View\View->render('/admin/V_Data_siswa', [], true)
 4 APPPATH\Controllers\Siswa.php(16): view('/admin/V_Data_siswa')
 5 SYSTEMPATH\CodeIgniter.php(927): App\Controllers\Siswa->data_siswa()
 6 SYSTEMPATH\CodeIgniter.php(482): CodeIgniter\CodeIgniter->runController(Object(App\Controllers\Siswa))
 7 SYSTEMPATH\CodeIgniter.php(351): CodeIgniter\CodeIgniter->handleRequest(null, Object(Config\Cache), false)
 8 FCPATH\index.php(67): CodeIgniter\CodeIgniter->run()
 9 SYSTEMPATH\Commands\Server\rewrite.php(46): require_once('FCPATH\\index.php')
CRITICAL - 2023-01-25 20:10:45 --> Call to a member function getMethod() on null
in APPPATH\Controllers\Siswa.php on line 12.
 1 SYSTEMPATH\CodeIgniter.php(889): App\Controllers\Siswa->__construct()
 2 SYSTEMPATH\CodeIgniter.php(473): CodeIgniter\CodeIgniter->createController()
 3 SYSTEMPATH\CodeIgniter.php(351): CodeIgniter\CodeIgniter->handleRequest(null, Object(Config\Cache), false)
 4 FCPATH\index.php(67): CodeIgniter\CodeIgniter->run()
 5 SYSTEMPATH\Commands\Server\rewrite.php(46): require_once('FCPATH\\index.php')
CRITICAL - 2023-01-25 20:46:20 --> form_open(): Argument #3 ($hidden) must be of type array, string given, called in C:\xampp\htdocs\SPPTerpadu\app\Views\admin\V_Form_siswa.php on line 31
in SYSTEMPATH\Helpers\form_helper.php on line 27.
 1 APPPATH\Views\admin\V_Form_siswa.php(31): form_open('http://localhost:8080/siswa/simpan_siswa', 'enctype="multipart/form-data"', 'data-parsley-validate=""')
 2 SYSTEMPATH\View\View.php(213): include('APPPATH\\Views\\admin\\V_Form_siswa.php')
 3 SYSTEMPATH\View\View.php(216): CodeIgniter\View\View->CodeIgniter\View\{closure}()
 4 SYSTEMPATH\Common.php(1134): CodeIgniter\View\View->render('/admin/V_Form_siswa', [], true)
 5 APPPATH\Controllers\Siswa.php(29): view('/admin/V_Form_siswa', [...])
 6 SYSTEMPATH\CodeIgniter.php(927): App\Controllers\Siswa->form_siswa(' ZnBKWEFrL2VaMFZCWjU5aWdGRHF2Zz09')
 7 SYSTEMPATH\CodeIgniter.php(482): CodeIgniter\CodeIgniter->runController(Object(App\Controllers\Siswa))
 8 SYSTEMPATH\CodeIgniter.php(351): CodeIgniter\CodeIgniter->handleRequest(null, Object(Config\Cache), false)
 9 FCPATH\index.php(67): CodeIgniter\CodeIgniter->run()
10 SYSTEMPATH\Commands\Server\rewrite.php(46): require_once('FCPATH\\index.php')
ERROR - 2023-01-25 23:09:38 --> Error connecting to the database: mysqli_sql_exception: Access denied for user 'root'@'localhost' (using password: YES) in C:\xampp\htdocs\SPPTerpadu\system\Database\MySQLi\Connection.php:171
Stack trace:
#0 C:\xampp\htdocs\SPPTerpadu\system\Database\MySQLi\Connection.php(171): mysqli->real_connect('localhost', 'root', 'php', 'db_spp_terpadu', 3306, '', 0)
#1 C:\xampp\htdocs\SPPTerpadu\system\Database\BaseConnection.php(382): CodeIgniter\Database\MySQLi\Connection->connect(false)
#2 C:\xampp\htdocs\SPPTerpadu\system\Database\BaseConnection.php(561): CodeIgniter\Database\BaseConnection->initialize()
#3 C:\xampp\htdocs\SPPTerpadu\system\Database\BaseBuilder.php(1585): CodeIgniter\Database\BaseConnection->query('SELECT *\nFROM `...', Array, false)
#4 C:\xampp\htdocs\SPPTerpadu\system\Model.php(223): CodeIgniter\Database\BaseBuilder->get()
#5 C:\xampp\htdocs\SPPTerpadu\system\BaseModel.php(585): CodeIgniter\Model->doFindAll(0, 0)
#6 C:\xampp\htdocs\SPPTerpadu\app\Controllers\Autentifikasi.php(28): CodeIgniter\BaseModel->findAll()
#7 C:\xampp\htdocs\SPPTerpadu\system\CodeIgniter.php(927): App\Controllers\Autentifikasi->validasi_login()
#8 C:\xampp\htdocs\SPPTerpadu\system\CodeIgniter.php(482): CodeIgniter\CodeIgniter->runController(Object(App\Controllers\Autentifikasi))
#9 C:\xampp\htdocs\SPPTerpadu\system\CodeIgniter.php(351): CodeIgniter\CodeIgniter->handleRequest(NULL, Object(Config\Cache), false)
#10 C:\xampp\htdocs\SPPTerpadu\public\index.php(67): CodeIgniter\CodeIgniter->run()
#11 C:\xampp\htdocs\SPPTerpadu\system\Commands\Server\rewrite.php(46): require_once('C:\\xampp\\htdocs...')
#12 {main}

Next CodeIgniter\Database\Exceptions\DatabaseException: Access denied for user '****'@'localhost' (using password: YES) in C:\xampp\htdocs\SPPTerpadu\system\Database\MySQLi\Connection.php:215
Stack trace:
#0 C:\xampp\htdocs\SPPTerpadu\system\Database\BaseConnection.php(382): CodeIgniter\Database\MySQLi\Connection->connect(false)
#1 C:\xampp\htdocs\SPPTerpadu\system\Database\BaseConnection.php(561): CodeIgniter\Database\BaseConnection->initialize()
#2 C:\xampp\htdocs\SPPTerpadu\system\Database\BaseBuilder.php(1585): CodeIgniter\Database\BaseConnection->query('SELECT *\nFROM `...', Array, false)
#3 C:\xampp\htdocs\SPPTerpadu\system\Model.php(223): CodeIgniter\Database\BaseBuilder->get()
#4 C:\xampp\htdocs\SPPTerpadu\system\BaseModel.php(585): CodeIgniter\Model->doFindAll(0, 0)
#5 C:\xampp\htdocs\SPPTerpadu\app\Controllers\Autentifikasi.php(28): CodeIgniter\BaseModel->findAll()
#6 C:\xampp\htdocs\SPPTerpadu\system\CodeIgniter.php(927): App\Controllers\Autentifikasi->validasi_login()
#7 C:\xampp\htdocs\SPPTerpadu\system\CodeIgniter.php(482): CodeIgniter\CodeIgniter->runController(Object(App\Controllers\Autentifikasi))
#8 C:\xampp\htdocs\SPPTerpadu\system\CodeIgniter.php(351): CodeIgniter\CodeIgniter->handleRequest(NULL, Object(Config\Cache), false)
#9 C:\xampp\htdocs\SPPTerpadu\public\index.php(67): CodeIgniter\CodeIgniter->run()
#10 C:\xampp\htdocs\SPPTerpadu\system\Commands\Server\rewrite.php(46): require_once('C:\\xampp\\htdocs...')
#11 {main}
CRITICAL - 2023-01-25 23:09:38 --> Unable to connect to the database.
Main connection [MySQLi]: Access denied for user '****'@'localhost' (using password: YES)
in SYSTEMPATH\Database\BaseConnection.php on line 418.
 1 SYSTEMPATH\Database\BaseConnection.php(561): CodeIgniter\Database\BaseConnection->initialize()
 2 SYSTEMPATH\Database\BaseBuilder.php(1585): CodeIgniter\Database\BaseConnection->query('SELECT *
FROM `t_akun_admin`', [], false)
 3 SYSTEMPATH\Model.php(223): CodeIgniter\Database\BaseBuilder->get()
 4 SYSTEMPATH\BaseModel.php(585): CodeIgniter\Model->doFindAll(0, 0)
 5 APPPATH\Controllers\Autentifikasi.php(28): CodeIgniter\BaseModel->findAll()
 6 SYSTEMPATH\CodeIgniter.php(927): App\Controllers\Autentifikasi->validasi_login()
 7 SYSTEMPATH\CodeIgniter.php(482): CodeIgniter\CodeIgniter->runController(Object(App\Controllers\Autentifikasi))
 8 SYSTEMPATH\CodeIgniter.php(351): CodeIgniter\CodeIgniter->handleRequest(null, Object(Config\Cache), false)
 9 FCPATH\index.php(67): CodeIgniter\CodeIgniter->run()
10 SYSTEMPATH\Commands\Server\rewrite.php(46): require_once('FCPATH\\index.php')
ERROR - 2023-01-25 23:09:53 --> Error connecting to the database: mysqli_sql_exception: Unknown database 'db_spp_terpadu' in C:\xampp\htdocs\SPPTerpadu\system\Database\MySQLi\Connection.php:171
Stack trace:
#0 C:\xampp\htdocs\SPPTerpadu\system\Database\MySQLi\Connection.php(171): mysqli->real_connect('localhost', 'root', '', 'db_spp_terpadu', 3306, '', 0)
#1 C:\xampp\htdocs\SPPTerpadu\system\Database\BaseConnection.php(382): CodeIgniter\Database\MySQLi\Connection->connect(false)
#2 C:\xampp\htdocs\SPPTerpadu\system\Database\BaseConnection.php(561): CodeIgniter\Database\BaseConnection->initialize()
#3 C:\xampp\htdocs\SPPTerpadu\system\Database\BaseBuilder.php(1585): CodeIgniter\Database\BaseConnection->query('SELECT *\nFROM `...', Array, false)
#4 C:\xampp\htdocs\SPPTerpadu\system\Model.php(223): CodeIgniter\Database\BaseBuilder->get()
#5 C:\xampp\htdocs\SPPTerpadu\system\BaseModel.php(585): CodeIgniter\Model->doFindAll(0, 0)
#6 C:\xampp\htdocs\SPPTerpadu\app\Controllers\Autentifikasi.php(28): CodeIgniter\BaseModel->findAll()
#7 C:\xampp\htdocs\SPPTerpadu\system\CodeIgniter.php(927): App\Controllers\Autentifikasi->validasi_login()
#8 C:\xampp\htdocs\SPPTerpadu\system\CodeIgniter.php(482): CodeIgniter\CodeIgniter->runController(Object(App\Controllers\Autentifikasi))
#9 C:\xampp\htdocs\SPPTerpadu\system\CodeIgniter.php(351): CodeIgniter\CodeIgniter->handleRequest(NULL, Object(Config\Cache), false)
#10 C:\xampp\htdocs\SPPTerpadu\public\index.php(67): CodeIgniter\CodeIgniter->run()
#11 C:\xampp\htdocs\SPPTerpadu\system\Commands\Server\rewrite.php(46): require_once('C:\\xampp\\htdocs...')
#12 {main}

Next CodeIgniter\Database\Exceptions\DatabaseException: Unknown database 'db_spp_terpadu' in C:\xampp\htdocs\SPPTerpadu\system\Database\MySQLi\Connection.php:215
Stack trace:
#0 C:\xampp\htdocs\SPPTerpadu\system\Database\BaseConnection.php(382): CodeIgniter\Database\MySQLi\Connection->connect(false)
#1 C:\xampp\htdocs\SPPTerpadu\system\Database\BaseConnection.php(561): CodeIgniter\Database\BaseConnection->initialize()
#2 C:\xampp\htdocs\SPPTerpadu\system\Database\BaseBuilder.php(1585): CodeIgniter\Database\BaseConnection->query('SELECT *\nFROM `...', Array, false)
#3 C:\xampp\htdocs\SPPTerpadu\system\Model.php(223): CodeIgniter\Database\BaseBuilder->get()
#4 C:\xampp\htdocs\SPPTerpadu\system\BaseModel.php(585): CodeIgniter\Model->doFindAll(0, 0)
#5 C:\xampp\htdocs\SPPTerpadu\app\Controllers\Autentifikasi.php(28): CodeIgniter\BaseModel->findAll()
#6 C:\xampp\htdocs\SPPTerpadu\system\CodeIgniter.php(927): App\Controllers\Autentifikasi->validasi_login()
#7 C:\xampp\htdocs\SPPTerpadu\system\CodeIgniter.php(482): CodeIgniter\CodeIgniter->runController(Object(App\Controllers\Autentifikasi))
#8 C:\xampp\htdocs\SPPTerpadu\system\CodeIgniter.php(351): CodeIgniter\CodeIgniter->handleRequest(NULL, Object(Config\Cache), false)
#9 C:\xampp\htdocs\SPPTerpadu\public\index.php(67): CodeIgniter\CodeIgniter->run()
#10 C:\xampp\htdocs\SPPTerpadu\system\Commands\Server\rewrite.php(46): require_once('C:\\xampp\\htdocs...')
#11 {main}
CRITICAL - 2023-01-25 23:09:53 --> Unable to connect to the database.
Main connection [MySQLi]: Unknown database 'db_spp_terpadu'
in SYSTEMPATH\Database\BaseConnection.php on line 418.
 1 SYSTEMPATH\Database\BaseConnection.php(561): CodeIgniter\Database\BaseConnection->initialize()
 2 SYSTEMPATH\Database\BaseBuilder.php(1585): CodeIgniter\Database\BaseConnection->query('SELECT *
FROM `t_akun_admin`', [], false)
 3 SYSTEMPATH\Model.php(223): CodeIgniter\Database\BaseBuilder->get()
 4 SYSTEMPATH\BaseModel.php(585): CodeIgniter\Model->doFindAll(0, 0)
 5 APPPATH\Controllers\Autentifikasi.php(28): CodeIgniter\BaseModel->findAll()
 6 SYSTEMPATH\CodeIgniter.php(927): App\Controllers\Autentifikasi->validasi_login()
 7 SYSTEMPATH\CodeIgniter.php(482): CodeIgniter\CodeIgniter->runController(Object(App\Controllers\Autentifikasi))
 8 SYSTEMPATH\CodeIgniter.php(351): CodeIgniter\CodeIgniter->handleRequest(null, Object(Config\Cache), false)
 9 FCPATH\index.php(67): CodeIgniter\CodeIgniter->run()
10 SYSTEMPATH\Commands\Server\rewrite.php(46): require_once('FCPATH\\index.php')
