CRITICAL - 2023-01-26 20:39:05 --> Invalid file: error/V_404.php
in SYSTEMPATH\Exceptions\FrameworkException.php on line 33.
 1 SYSTEMPATH\View\View.php(201): CodeIgniter\Exceptions\FrameworkException::forInvalidFile('error/V_404.php')
 2 SYSTEMPATH\Common.php(1134): CodeIgniter\View\View->render('error/V_404', [], true)
 3 APPPATH\Config\Routes.php(24): view('error/V_404')
 4 SYSTEMPATH\CodeIgniter.php(948): CodeIgniter\CodeIgniter->Config\{closure}('Controller method is not found: admin')
 5 SYSTEMPATH\CodeIgniter.php(370): CodeIgniter\CodeIgniter->display404errors(Object(CodeIgniter\Exceptions\PageNotFoundException))
 6 FCPATH\index.php(67): CodeIgniter\CodeIgniter->run()
 7 SYSTEMPATH\Commands\Server\rewrite.php(46): require_once('FCPATH\\index.php')
CRITICAL - 2023-01-26 20:39:08 --> Invalid file: error/V_404.php
in SYSTEMPATH\Exceptions\FrameworkException.php on line 33.
 1 SYSTEMPATH\View\View.php(201): CodeIgniter\Exceptions\FrameworkException::forInvalidFile('error/V_404.php')
 2 SYSTEMPATH\Common.php(1134): CodeIgniter\View\View->render('error/V_404', [], true)
 3 APPPATH\Config\Routes.php(24): view('error/V_404')
 4 SYSTEMPATH\CodeIgniter.php(948): CodeIgniter\CodeIgniter->Config\{closure}('Controller method is not found: index')
 5 SYSTEMPATH\CodeIgniter.php(370): CodeIgniter\CodeIgniter->display404errors(Object(CodeIgniter\Exceptions\PageNotFoundException))
 6 FCPATH\index.php(67): CodeIgniter\CodeIgniter->run()
 7 SYSTEMPATH\Commands\Server\rewrite.php(46): require_once('FCPATH\\index.php')
CRITICAL - 2023-01-26 20:44:46 --> Invalid file: error/V_404.php
in SYSTEMPATH\Exceptions\FrameworkException.php on line 33.
 1 SYSTEMPATH\View\View.php(201): CodeIgniter\Exceptions\FrameworkException::forInvalidFile('error/V_404.php')
 2 SYSTEMPATH\Common.php(1134): CodeIgniter\View\View->render('error/V_404', [], true)
 3 APPPATH\Config\Routes.php(24): view('error/V_404')
 4 SYSTEMPATH\CodeIgniter.php(948): CodeIgniter\CodeIgniter->Config\{closure}('Controller or its method is not found: \\App\\Controllers\\Assets::plugins')
 5 SYSTEMPATH\CodeIgniter.php(370): CodeIgniter\CodeIgniter->display404errors(Object(CodeIgniter\Exceptions\PageNotFoundException))
 6 FCPATH\index.php(67): CodeIgniter\CodeIgniter->run()
 7 SYSTEMPATH\Commands\Server\rewrite.php(46): require_once('FCPATH\\index.php')
CRITICAL - 2023-01-26 20:44:46 --> Invalid file: error/V_404.php
in SYSTEMPATH\Exceptions\FrameworkException.php on line 33.
 1 SYSTEMPATH\View\View.php(201): CodeIgniter\Exceptions\FrameworkException::forInvalidFile('error/V_404.php')
 2 SYSTEMPATH\Common.php(1134): CodeIgniter\View\View->render('error/V_404', [], true)
 3 APPPATH\Config\Routes.php(24): view('error/V_404')
 4 SYSTEMPATH\CodeIgniter.php(948): CodeIgniter\CodeIgniter->Config\{closure}('Controller or its method is not found: \\App\\Controllers\\Assets::plugins')
 5 SYSTEMPATH\CodeIgniter.php(370): CodeIgniter\CodeIgniter->display404errors(Object(CodeIgniter\Exceptions\PageNotFoundException))
 6 FCPATH\index.php(67): CodeIgniter\CodeIgniter->run()
 7 SYSTEMPATH\Commands\Server\rewrite.php(46): require_once('FCPATH\\index.php')
CRITICAL - 2023-01-26 20:44:46 --> Invalid file: error/V_404.php
in SYSTEMPATH\Exceptions\FrameworkException.php on line 33.
 1 SYSTEMPATH\View\View.php(201): CodeIgniter\Exceptions\FrameworkException::forInvalidFile('error/V_404.php')
 2 SYSTEMPATH\Common.php(1134): CodeIgniter\View\View->render('error/V_404', [], true)
 3 APPPATH\Config\Routes.php(24): view('error/V_404')
 4 SYSTEMPATH\CodeIgniter.php(948): CodeIgniter\CodeIgniter->Config\{closure}('Controller or its method is not found: \\App\\Controllers\\Assets::plugins')
 5 SYSTEMPATH\CodeIgniter.php(370): CodeIgniter\CodeIgniter->display404errors(Object(CodeIgniter\Exceptions\PageNotFoundException))
 6 FCPATH\index.php(67): CodeIgniter\CodeIgniter->run()
 7 SYSTEMPATH\Commands\Server\rewrite.php(46): require_once('FCPATH\\index.php')
CRITICAL - 2023-01-26 20:46:30 --> Invalid file: error/V_404.php
in SYSTEMPATH\Exceptions\FrameworkException.php on line 33.
 1 SYSTEMPATH\View\View.php(201): CodeIgniter\Exceptions\FrameworkException::forInvalidFile('error/V_404.php')
 2 SYSTEMPATH\Common.php(1134): CodeIgniter\View\View->render('error/V_404', [], true)
 3 APPPATH\Config\Routes.php(24): view('error/V_404')
 4 SYSTEMPATH\CodeIgniter.php(948): CodeIgniter\CodeIgniter->Config\{closure}('Controller or its method is not found: \\App\\Controllers\\Assets::plugins')
 5 SYSTEMPATH\CodeIgniter.php(370): CodeIgniter\CodeIgniter->display404errors(Object(CodeIgniter\Exceptions\PageNotFoundException))
 6 FCPATH\index.php(67): CodeIgniter\CodeIgniter->run()
 7 SYSTEMPATH\Commands\Server\rewrite.php(46): require_once('FCPATH\\index.php')
CRITICAL - 2023-01-26 20:46:30 --> Invalid file: error/V_404.php
in SYSTEMPATH\Exceptions\FrameworkException.php on line 33.
 1 SYSTEMPATH\View\View.php(201): CodeIgniter\Exceptions\FrameworkException::forInvalidFile('error/V_404.php')
 2 SYSTEMPATH\Common.php(1134): CodeIgniter\View\View->render('error/V_404', [], true)
 3 APPPATH\Config\Routes.php(24): view('error/V_404')
 4 SYSTEMPATH\CodeIgniter.php(948): CodeIgniter\CodeIgniter->Config\{closure}('Controller or its method is not found: \\App\\Controllers\\Assets::plugins')
 5 SYSTEMPATH\CodeIgniter.php(370): CodeIgniter\CodeIgniter->display404errors(Object(CodeIgniter\Exceptions\PageNotFoundException))
 6 FCPATH\index.php(67): CodeIgniter\CodeIgniter->run()
 7 SYSTEMPATH\Commands\Server\rewrite.php(46): require_once('FCPATH\\index.php')
CRITICAL - 2023-01-26 20:46:30 --> Invalid file: error/V_404.php
in SYSTEMPATH\Exceptions\FrameworkException.php on line 33.
 1 SYSTEMPATH\View\View.php(201): CodeIgniter\Exceptions\FrameworkException::forInvalidFile('error/V_404.php')
 2 SYSTEMPATH\Common.php(1134): CodeIgniter\View\View->render('error/V_404', [], true)
 3 APPPATH\Config\Routes.php(24): view('error/V_404')
 4 SYSTEMPATH\CodeIgniter.php(948): CodeIgniter\CodeIgniter->Config\{closure}('Controller or its method is not found: \\App\\Controllers\\Assets::plugins')
 5 SYSTEMPATH\CodeIgniter.php(370): CodeIgniter\CodeIgniter->display404errors(Object(CodeIgniter\Exceptions\PageNotFoundException))
 6 FCPATH\index.php(67): CodeIgniter\CodeIgniter->run()
 7 SYSTEMPATH\Commands\Server\rewrite.php(46): require_once('FCPATH\\index.php')
CRITICAL - 2023-01-26 22:05:15 --> Trying to access array offset on value of type null
in APPPATH\Controllers\Autentifikasi.php on line 57.
 1 APPPATH\Controllers\Autentifikasi.php(57): CodeIgniter\Debug\Exceptions->errorHandler(2, 'Trying to access array offset on value of type null', 'APPPATH\\Controllers\\Autentifikasi.php', 57)
 2 SYSTEMPATH\CodeIgniter.php(927): App\Controllers\Autentifikasi->validasi_login_admin()
 3 SYSTEMPATH\CodeIgniter.php(482): CodeIgniter\CodeIgniter->runController(Object(App\Controllers\Autentifikasi))
 4 SYSTEMPATH\CodeIgniter.php(351): CodeIgniter\CodeIgniter->handleRequest(null, Object(Config\Cache), false)
 5 FCPATH\index.php(67): CodeIgniter\CodeIgniter->run()
 6 SYSTEMPATH\Commands\Server\rewrite.php(46): require_once('FCPATH\\index.php')
CRITICAL - 2023-01-26 22:16:57 --> Undefined property: CodeIgniter\View\View::$session
in APPPATH\Views\admin\V_Dashboard.php on line 167.
 1 APPPATH\Views\admin\V_Dashboard.php(167): CodeIgniter\Debug\Exceptions->errorHandler(2, 'Undefined property: CodeIgniter\\View\\View::$session', 'APPPATH\\Views\\admin\\V_Dashboard.php', 167)
 2 SYSTEMPATH\View\View.php(213): include('APPPATH\\Views\\admin\\V_Dashboard.php')
 3 SYSTEMPATH\View\View.php(216): CodeIgniter\View\View->CodeIgniter\View\{closure}()
 4 SYSTEMPATH\View\View.php(229): CodeIgniter\View\View->render('/admin/V_Dashboard', [], true)
 5 SYSTEMPATH\Common.php(1134): CodeIgniter\View\View->render('admin/V_beranda', [], true)
 6 APPPATH\Controllers\Dashboard.php(23): view('admin/V_beranda')
 7 SYSTEMPATH\CodeIgniter.php(927): App\Controllers\Dashboard->index()
 8 SYSTEMPATH\CodeIgniter.php(482): CodeIgniter\CodeIgniter->runController(Object(App\Controllers\Dashboard))
 9 SYSTEMPATH\CodeIgniter.php(351): CodeIgniter\CodeIgniter->handleRequest(null, Object(Config\Cache), false)
10 FCPATH\index.php(67): CodeIgniter\CodeIgniter->run()
11 SYSTEMPATH\Commands\Server\rewrite.php(46): require_once('FCPATH\\index.php')
CRITICAL - 2023-01-26 22:17:35 --> Undefined property: CodeIgniter\View\View::$session
in APPPATH\Views\admin\V_Dashboard.php on line 167.
 1 APPPATH\Views\admin\V_Dashboard.php(167): CodeIgniter\Debug\Exceptions->errorHandler(2, 'Undefined property: CodeIgniter\\View\\View::$session', 'APPPATH\\Views\\admin\\V_Dashboard.php', 167)
 2 SYSTEMPATH\View\View.php(213): include('APPPATH\\Views\\admin\\V_Dashboard.php')
 3 SYSTEMPATH\View\View.php(216): CodeIgniter\View\View->CodeIgniter\View\{closure}()
 4 SYSTEMPATH\View\View.php(229): CodeIgniter\View\View->render('/admin/V_Dashboard', [], true)
 5 SYSTEMPATH\Common.php(1134): CodeIgniter\View\View->render('admin/V_beranda', [], true)
 6 APPPATH\Controllers\Dashboard.php(23): view('admin/V_beranda')
 7 SYSTEMPATH\CodeIgniter.php(927): App\Controllers\Dashboard->index()
 8 SYSTEMPATH\CodeIgniter.php(482): CodeIgniter\CodeIgniter->runController(Object(App\Controllers\Dashboard))
 9 SYSTEMPATH\CodeIgniter.php(351): CodeIgniter\CodeIgniter->handleRequest(null, Object(Config\Cache), false)
10 FCPATH\index.php(67): CodeIgniter\CodeIgniter->run()
11 SYSTEMPATH\Commands\Server\rewrite.php(46): require_once('FCPATH\\index.php')
CRITICAL - 2023-01-26 22:17:37 --> Undefined property: CodeIgniter\View\View::$session
in APPPATH\Views\admin\V_Dashboard.php on line 167.
 1 APPPATH\Views\admin\V_Dashboard.php(167): CodeIgniter\Debug\Exceptions->errorHandler(2, 'Undefined property: CodeIgniter\\View\\View::$session', 'APPPATH\\Views\\admin\\V_Dashboard.php', 167)
 2 SYSTEMPATH\View\View.php(213): include('APPPATH\\Views\\admin\\V_Dashboard.php')
 3 SYSTEMPATH\View\View.php(216): CodeIgniter\View\View->CodeIgniter\View\{closure}()
 4 SYSTEMPATH\View\View.php(229): CodeIgniter\View\View->render('/admin/V_Dashboard', [], true)
 5 SYSTEMPATH\Common.php(1134): CodeIgniter\View\View->render('admin/V_beranda', [], true)
 6 APPPATH\Controllers\Dashboard.php(23): view('admin/V_beranda')
 7 SYSTEMPATH\CodeIgniter.php(927): App\Controllers\Dashboard->index()
 8 SYSTEMPATH\CodeIgniter.php(482): CodeIgniter\CodeIgniter->runController(Object(App\Controllers\Dashboard))
 9 SYSTEMPATH\CodeIgniter.php(351): CodeIgniter\CodeIgniter->handleRequest(null, Object(Config\Cache), false)
10 FCPATH\index.php(67): CodeIgniter\CodeIgniter->run()
11 SYSTEMPATH\Commands\Server\rewrite.php(46): require_once('FCPATH\\index.php')
CRITICAL - 2023-01-26 22:17:54 --> Undefined property: CodeIgniter\View\View::$session
in APPPATH\Views\admin\V_Dashboard.php on line 167.
 1 APPPATH\Views\admin\V_Dashboard.php(167): CodeIgniter\Debug\Exceptions->errorHandler(2, 'Undefined property: CodeIgniter\\View\\View::$session', 'APPPATH\\Views\\admin\\V_Dashboard.php', 167)
 2 SYSTEMPATH\View\View.php(213): include('APPPATH\\Views\\admin\\V_Dashboard.php')
 3 SYSTEMPATH\View\View.php(216): CodeIgniter\View\View->CodeIgniter\View\{closure}()
 4 SYSTEMPATH\View\View.php(229): CodeIgniter\View\View->render('/admin/V_Dashboard', [], true)
 5 SYSTEMPATH\Common.php(1134): CodeIgniter\View\View->render('admin/V_beranda', [], true)
 6 APPPATH\Controllers\Dashboard.php(23): view('admin/V_beranda')
 7 SYSTEMPATH\CodeIgniter.php(927): App\Controllers\Dashboard->index()
 8 SYSTEMPATH\CodeIgniter.php(482): CodeIgniter\CodeIgniter->runController(Object(App\Controllers\Dashboard))
 9 SYSTEMPATH\CodeIgniter.php(351): CodeIgniter\CodeIgniter->handleRequest(null, Object(Config\Cache), false)
10 FCPATH\index.php(67): CodeIgniter\CodeIgniter->run()
11 SYSTEMPATH\Commands\Server\rewrite.php(46): require_once('FCPATH\\index.php')
CRITICAL - 2023-01-26 22:19:20 --> Undefined property: CodeIgniter\View\View::$session
in APPPATH\Views\admin\V_Dashboard.php on line 167.
 1 APPPATH\Views\admin\V_Dashboard.php(167): CodeIgniter\Debug\Exceptions->errorHandler(2, 'Undefined property: CodeIgniter\\View\\View::$session', 'APPPATH\\Views\\admin\\V_Dashboard.php', 167)
 2 SYSTEMPATH\View\View.php(213): include('APPPATH\\Views\\admin\\V_Dashboard.php')
 3 SYSTEMPATH\View\View.php(216): CodeIgniter\View\View->CodeIgniter\View\{closure}()
 4 SYSTEMPATH\View\View.php(229): CodeIgniter\View\View->render('/admin/V_Dashboard', [], true)
 5 SYSTEMPATH\Common.php(1134): CodeIgniter\View\View->render('admin/V_beranda', [], true)
 6 APPPATH\Controllers\Dashboard.php(23): view('admin/V_beranda')
 7 SYSTEMPATH\CodeIgniter.php(927): App\Controllers\Dashboard->index()
 8 SYSTEMPATH\CodeIgniter.php(482): CodeIgniter\CodeIgniter->runController(Object(App\Controllers\Dashboard))
 9 SYSTEMPATH\CodeIgniter.php(351): CodeIgniter\CodeIgniter->handleRequest(null, Object(Config\Cache), false)
10 FCPATH\index.php(67): CodeIgniter\CodeIgniter->run()
11 SYSTEMPATH\Commands\Server\rewrite.php(46): require_once('FCPATH\\index.php')
CRITICAL - 2023-01-26 22:20:06 --> Undefined property: CodeIgniter\View\View::$session
in APPPATH\Views\admin\V_Dashboard.php on line 167.
 1 APPPATH\Views\admin\V_Dashboard.php(167): CodeIgniter\Debug\Exceptions->errorHandler(2, 'Undefined property: CodeIgniter\\View\\View::$session', 'APPPATH\\Views\\admin\\V_Dashboard.php', 167)
 2 SYSTEMPATH\View\View.php(213): include('APPPATH\\Views\\admin\\V_Dashboard.php')
 3 SYSTEMPATH\View\View.php(216): CodeIgniter\View\View->CodeIgniter\View\{closure}()
 4 SYSTEMPATH\View\View.php(229): CodeIgniter\View\View->render('/admin/V_Dashboard', [], true)
 5 SYSTEMPATH\Common.php(1134): CodeIgniter\View\View->render('admin/V_beranda', [], true)
 6 APPPATH\Controllers\Dashboard.php(23): view('admin/V_beranda', [...])
 7 SYSTEMPATH\CodeIgniter.php(927): App\Controllers\Dashboard->index()
 8 SYSTEMPATH\CodeIgniter.php(482): CodeIgniter\CodeIgniter->runController(Object(App\Controllers\Dashboard))
 9 SYSTEMPATH\CodeIgniter.php(351): CodeIgniter\CodeIgniter->handleRequest(null, Object(Config\Cache), false)
10 FCPATH\index.php(67): CodeIgniter\CodeIgniter->run()
11 SYSTEMPATH\Commands\Server\rewrite.php(46): require_once('FCPATH\\index.php')
CRITICAL - 2023-01-26 22:20:07 --> Undefined property: CodeIgniter\View\View::$session
in APPPATH\Views\admin\V_Dashboard.php on line 167.
 1 APPPATH\Views\admin\V_Dashboard.php(167): CodeIgniter\Debug\Exceptions->errorHandler(2, 'Undefined property: CodeIgniter\\View\\View::$session', 'APPPATH\\Views\\admin\\V_Dashboard.php', 167)
 2 SYSTEMPATH\View\View.php(213): include('APPPATH\\Views\\admin\\V_Dashboard.php')
 3 SYSTEMPATH\View\View.php(216): CodeIgniter\View\View->CodeIgniter\View\{closure}()
 4 SYSTEMPATH\View\View.php(229): CodeIgniter\View\View->render('/admin/V_Dashboard', [], true)
 5 SYSTEMPATH\Common.php(1134): CodeIgniter\View\View->render('admin/V_beranda', [], true)
 6 APPPATH\Controllers\Dashboard.php(23): view('admin/V_beranda', [...])
 7 SYSTEMPATH\CodeIgniter.php(927): App\Controllers\Dashboard->index()
 8 SYSTEMPATH\CodeIgniter.php(482): CodeIgniter\CodeIgniter->runController(Object(App\Controllers\Dashboard))
 9 SYSTEMPATH\CodeIgniter.php(351): CodeIgniter\CodeIgniter->handleRequest(null, Object(Config\Cache), false)
10 FCPATH\index.php(67): CodeIgniter\CodeIgniter->run()
11 SYSTEMPATH\Commands\Server\rewrite.php(46): require_once('FCPATH\\index.php')
CRITICAL - 2023-01-26 22:20:12 --> Undefined property: CodeIgniter\View\View::$session
in APPPATH\Views\admin\V_Dashboard.php on line 167.
 1 APPPATH\Views\admin\V_Dashboard.php(167): CodeIgniter\Debug\Exceptions->errorHandler(2, 'Undefined property: CodeIgniter\\View\\View::$session', 'APPPATH\\Views\\admin\\V_Dashboard.php', 167)
 2 SYSTEMPATH\View\View.php(213): include('APPPATH\\Views\\admin\\V_Dashboard.php')
 3 SYSTEMPATH\View\View.php(216): CodeIgniter\View\View->CodeIgniter\View\{closure}()
 4 SYSTEMPATH\View\View.php(229): CodeIgniter\View\View->render('/admin/V_Dashboard', [], true)
 5 SYSTEMPATH\Common.php(1134): CodeIgniter\View\View->render('admin/V_beranda', [], true)
 6 APPPATH\Controllers\Dashboard.php(23): view('admin/V_beranda', [...])
 7 SYSTEMPATH\CodeIgniter.php(927): App\Controllers\Dashboard->index()
 8 SYSTEMPATH\CodeIgniter.php(482): CodeIgniter\CodeIgniter->runController(Object(App\Controllers\Dashboard))
 9 SYSTEMPATH\CodeIgniter.php(351): CodeIgniter\CodeIgniter->handleRequest(null, Object(Config\Cache), false)
10 FCPATH\index.php(67): CodeIgniter\CodeIgniter->run()
11 SYSTEMPATH\Commands\Server\rewrite.php(46): require_once('FCPATH\\index.php')
CRITICAL - 2023-01-26 22:21:14 --> Undefined property: CodeIgniter\View\View::$session
in APPPATH\Views\admin\V_Dashboard.php on line 167.
 1 APPPATH\Views\admin\V_Dashboard.php(167): CodeIgniter\Debug\Exceptions->errorHandler(2, 'Undefined property: CodeIgniter\\View\\View::$session', 'APPPATH\\Views\\admin\\V_Dashboard.php', 167)
 2 SYSTEMPATH\View\View.php(213): include('APPPATH\\Views\\admin\\V_Dashboard.php')
 3 SYSTEMPATH\View\View.php(216): CodeIgniter\View\View->CodeIgniter\View\{closure}()
 4 SYSTEMPATH\View\View.php(229): CodeIgniter\View\View->render('/admin/V_Dashboard', [], true)
 5 SYSTEMPATH\Common.php(1134): CodeIgniter\View\View->render('admin/V_beranda', [], true)
 6 APPPATH\Controllers\Dashboard.php(23): view('admin/V_beranda', [...])
 7 SYSTEMPATH\CodeIgniter.php(927): App\Controllers\Dashboard->index()
 8 SYSTEMPATH\CodeIgniter.php(482): CodeIgniter\CodeIgniter->runController(Object(App\Controllers\Dashboard))
 9 SYSTEMPATH\CodeIgniter.php(351): CodeIgniter\CodeIgniter->handleRequest(null, Object(Config\Cache), false)
10 FCPATH\index.php(67): CodeIgniter\CodeIgniter->run()
11 SYSTEMPATH\Commands\Server\rewrite.php(46): require_once('FCPATH\\index.php')
CRITICAL - 2023-01-26 22:21:46 --> Undefined property: CodeIgniter\View\View::$session
in APPPATH\Views\admin\V_Dashboard.php on line 167.
 1 APPPATH\Views\admin\V_Dashboard.php(167): CodeIgniter\Debug\Exceptions->errorHandler(2, 'Undefined property: CodeIgniter\\View\\View::$session', 'APPPATH\\Views\\admin\\V_Dashboard.php', 167)
 2 SYSTEMPATH\View\View.php(213): include('APPPATH\\Views\\admin\\V_Dashboard.php')
 3 SYSTEMPATH\View\View.php(216): CodeIgniter\View\View->CodeIgniter\View\{closure}()
 4 SYSTEMPATH\View\View.php(229): CodeIgniter\View\View->render('/admin/V_Dashboard', [], true)
 5 SYSTEMPATH\Common.php(1134): CodeIgniter\View\View->render('admin/V_beranda', [], true)
 6 APPPATH\Controllers\Dashboard.php(23): view('admin/V_beranda', [...])
 7 SYSTEMPATH\CodeIgniter.php(927): App\Controllers\Dashboard->index()
 8 SYSTEMPATH\CodeIgniter.php(482): CodeIgniter\CodeIgniter->runController(Object(App\Controllers\Dashboard))
 9 SYSTEMPATH\CodeIgniter.php(351): CodeIgniter\CodeIgniter->handleRequest(null, Object(Config\Cache), false)
10 FCPATH\index.php(67): CodeIgniter\CodeIgniter->run()
11 SYSTEMPATH\Commands\Server\rewrite.php(46): require_once('FCPATH\\index.php')
CRITICAL - 2023-01-26 22:21:48 --> Undefined property: CodeIgniter\View\View::$session
in APPPATH\Views\admin\V_Dashboard.php on line 167.
 1 APPPATH\Views\admin\V_Dashboard.php(167): CodeIgniter\Debug\Exceptions->errorHandler(2, 'Undefined property: CodeIgniter\\View\\View::$session', 'APPPATH\\Views\\admin\\V_Dashboard.php', 167)
 2 SYSTEMPATH\View\View.php(213): include('APPPATH\\Views\\admin\\V_Dashboard.php')
 3 SYSTEMPATH\View\View.php(216): CodeIgniter\View\View->CodeIgniter\View\{closure}()
 4 SYSTEMPATH\View\View.php(229): CodeIgniter\View\View->render('/admin/V_Dashboard', [], true)
 5 SYSTEMPATH\Common.php(1134): CodeIgniter\View\View->render('admin/V_beranda', [], true)
 6 APPPATH\Controllers\Dashboard.php(23): view('admin/V_beranda', [...])
 7 SYSTEMPATH\CodeIgniter.php(927): App\Controllers\Dashboard->index()
 8 SYSTEMPATH\CodeIgniter.php(482): CodeIgniter\CodeIgniter->runController(Object(App\Controllers\Dashboard))
 9 SYSTEMPATH\CodeIgniter.php(351): CodeIgniter\CodeIgniter->handleRequest(null, Object(Config\Cache), false)
10 FCPATH\index.php(67): CodeIgniter\CodeIgniter->run()
11 SYSTEMPATH\Commands\Server\rewrite.php(46): require_once('FCPATH\\index.php')
CRITICAL - 2023-01-26 22:21:48 --> Undefined property: CodeIgniter\View\View::$session
in APPPATH\Views\admin\V_Dashboard.php on line 167.
 1 APPPATH\Views\admin\V_Dashboard.php(167): CodeIgniter\Debug\Exceptions->errorHandler(2, 'Undefined property: CodeIgniter\\View\\View::$session', 'APPPATH\\Views\\admin\\V_Dashboard.php', 167)
 2 SYSTEMPATH\View\View.php(213): include('APPPATH\\Views\\admin\\V_Dashboard.php')
 3 SYSTEMPATH\View\View.php(216): CodeIgniter\View\View->CodeIgniter\View\{closure}()
 4 SYSTEMPATH\View\View.php(229): CodeIgniter\View\View->render('/admin/V_Dashboard', [], true)
 5 SYSTEMPATH\Common.php(1134): CodeIgniter\View\View->render('admin/V_beranda', [], true)
 6 APPPATH\Controllers\Dashboard.php(23): view('admin/V_beranda', [...])
 7 SYSTEMPATH\CodeIgniter.php(927): App\Controllers\Dashboard->index()
 8 SYSTEMPATH\CodeIgniter.php(482): CodeIgniter\CodeIgniter->runController(Object(App\Controllers\Dashboard))
 9 SYSTEMPATH\CodeIgniter.php(351): CodeIgniter\CodeIgniter->handleRequest(null, Object(Config\Cache), false)
10 FCPATH\index.php(67): CodeIgniter\CodeIgniter->run()
11 SYSTEMPATH\Commands\Server\rewrite.php(46): require_once('FCPATH\\index.php')
CRITICAL - 2023-01-26 22:21:49 --> Undefined property: CodeIgniter\View\View::$session
in APPPATH\Views\admin\V_Dashboard.php on line 167.
 1 APPPATH\Views\admin\V_Dashboard.php(167): CodeIgniter\Debug\Exceptions->errorHandler(2, 'Undefined property: CodeIgniter\\View\\View::$session', 'APPPATH\\Views\\admin\\V_Dashboard.php', 167)
 2 SYSTEMPATH\View\View.php(213): include('APPPATH\\Views\\admin\\V_Dashboard.php')
 3 SYSTEMPATH\View\View.php(216): CodeIgniter\View\View->CodeIgniter\View\{closure}()
 4 SYSTEMPATH\View\View.php(229): CodeIgniter\View\View->render('/admin/V_Dashboard', [], true)
 5 SYSTEMPATH\Common.php(1134): CodeIgniter\View\View->render('admin/V_beranda', [], true)
 6 APPPATH\Controllers\Dashboard.php(23): view('admin/V_beranda', [...])
 7 SYSTEMPATH\CodeIgniter.php(927): App\Controllers\Dashboard->index()
 8 SYSTEMPATH\CodeIgniter.php(482): CodeIgniter\CodeIgniter->runController(Object(App\Controllers\Dashboard))
 9 SYSTEMPATH\CodeIgniter.php(351): CodeIgniter\CodeIgniter->handleRequest(null, Object(Config\Cache), false)
10 FCPATH\index.php(67): CodeIgniter\CodeIgniter->run()
11 SYSTEMPATH\Commands\Server\rewrite.php(46): require_once('FCPATH\\index.php')
CRITICAL - 2023-01-26 22:21:49 --> Undefined property: CodeIgniter\View\View::$session
in APPPATH\Views\admin\V_Dashboard.php on line 167.
 1 APPPATH\Views\admin\V_Dashboard.php(167): CodeIgniter\Debug\Exceptions->errorHandler(2, 'Undefined property: CodeIgniter\\View\\View::$session', 'APPPATH\\Views\\admin\\V_Dashboard.php', 167)
 2 SYSTEMPATH\View\View.php(213): include('APPPATH\\Views\\admin\\V_Dashboard.php')
 3 SYSTEMPATH\View\View.php(216): CodeIgniter\View\View->CodeIgniter\View\{closure}()
 4 SYSTEMPATH\View\View.php(229): CodeIgniter\View\View->render('/admin/V_Dashboard', [], true)
 5 SYSTEMPATH\Common.php(1134): CodeIgniter\View\View->render('admin/V_beranda', [], true)
 6 APPPATH\Controllers\Dashboard.php(23): view('admin/V_beranda', [...])
 7 SYSTEMPATH\CodeIgniter.php(927): App\Controllers\Dashboard->index()
 8 SYSTEMPATH\CodeIgniter.php(482): CodeIgniter\CodeIgniter->runController(Object(App\Controllers\Dashboard))
 9 SYSTEMPATH\CodeIgniter.php(351): CodeIgniter\CodeIgniter->handleRequest(null, Object(Config\Cache), false)
10 FCPATH\index.php(67): CodeIgniter\CodeIgniter->run()
11 SYSTEMPATH\Commands\Server\rewrite.php(46): require_once('FCPATH\\index.php')
CRITICAL - 2023-01-26 22:21:49 --> Undefined property: CodeIgniter\View\View::$session
in APPPATH\Views\admin\V_Dashboard.php on line 167.
 1 APPPATH\Views\admin\V_Dashboard.php(167): CodeIgniter\Debug\Exceptions->errorHandler(2, 'Undefined property: CodeIgniter\\View\\View::$session', 'APPPATH\\Views\\admin\\V_Dashboard.php', 167)
 2 SYSTEMPATH\View\View.php(213): include('APPPATH\\Views\\admin\\V_Dashboard.php')
 3 SYSTEMPATH\View\View.php(216): CodeIgniter\View\View->CodeIgniter\View\{closure}()
 4 SYSTEMPATH\View\View.php(229): CodeIgniter\View\View->render('/admin/V_Dashboard', [], true)
 5 SYSTEMPATH\Common.php(1134): CodeIgniter\View\View->render('admin/V_beranda', [], true)
 6 APPPATH\Controllers\Dashboard.php(23): view('admin/V_beranda', [...])
 7 SYSTEMPATH\CodeIgniter.php(927): App\Controllers\Dashboard->index()
 8 SYSTEMPATH\CodeIgniter.php(482): CodeIgniter\CodeIgniter->runController(Object(App\Controllers\Dashboard))
 9 SYSTEMPATH\CodeIgniter.php(351): CodeIgniter\CodeIgniter->handleRequest(null, Object(Config\Cache), false)
10 FCPATH\index.php(67): CodeIgniter\CodeIgniter->run()
11 SYSTEMPATH\Commands\Server\rewrite.php(46): require_once('FCPATH\\index.php')
CRITICAL - 2023-01-26 22:21:53 --> Undefined property: CodeIgniter\View\View::$session
in APPPATH\Views\admin\V_Dashboard.php on line 167.
 1 APPPATH\Views\admin\V_Dashboard.php(167): CodeIgniter\Debug\Exceptions->errorHandler(2, 'Undefined property: CodeIgniter\\View\\View::$session', 'APPPATH\\Views\\admin\\V_Dashboard.php', 167)
 2 SYSTEMPATH\View\View.php(213): include('APPPATH\\Views\\admin\\V_Dashboard.php')
 3 SYSTEMPATH\View\View.php(216): CodeIgniter\View\View->CodeIgniter\View\{closure}()
 4 SYSTEMPATH\View\View.php(229): CodeIgniter\View\View->render('/admin/V_Dashboard', [], true)
 5 SYSTEMPATH\Common.php(1134): CodeIgniter\View\View->render('admin/V_beranda', [], true)
 6 APPPATH\Controllers\Dashboard.php(23): view('admin/V_beranda', [...])
 7 SYSTEMPATH\CodeIgniter.php(927): App\Controllers\Dashboard->index()
 8 SYSTEMPATH\CodeIgniter.php(482): CodeIgniter\CodeIgniter->runController(Object(App\Controllers\Dashboard))
 9 SYSTEMPATH\CodeIgniter.php(351): CodeIgniter\CodeIgniter->handleRequest(null, Object(Config\Cache), false)
10 FCPATH\index.php(67): CodeIgniter\CodeIgniter->run()
11 SYSTEMPATH\Commands\Server\rewrite.php(46): require_once('FCPATH\\index.php')
CRITICAL - 2023-01-26 22:26:59 --> Undefined variable $sesion
in APPPATH\Views\admin\V_Dashboard.php on line 152.
 1 APPPATH\Views\admin\V_Dashboard.php(152): CodeIgniter\Debug\Exceptions->errorHandler(2, 'Undefined variable $sesion', 'APPPATH\\Views\\admin\\V_Dashboard.php', 152)
 2 SYSTEMPATH\View\View.php(213): include('APPPATH\\Views\\admin\\V_Dashboard.php')
 3 SYSTEMPATH\View\View.php(216): CodeIgniter\View\View->CodeIgniter\View\{closure}()
 4 SYSTEMPATH\View\View.php(229): CodeIgniter\View\View->render('/admin/V_Dashboard', [], true)
 5 SYSTEMPATH\Common.php(1134): CodeIgniter\View\View->render('admin/V_beranda', [], true)
 6 APPPATH\Controllers\Dashboard.php(23): view('admin/V_beranda', [...])
 7 SYSTEMPATH\CodeIgniter.php(927): App\Controllers\Dashboard->index()
 8 SYSTEMPATH\CodeIgniter.php(482): CodeIgniter\CodeIgniter->runController(Object(App\Controllers\Dashboard))
 9 SYSTEMPATH\CodeIgniter.php(351): CodeIgniter\CodeIgniter->handleRequest(null, Object(Config\Cache), false)
10 FCPATH\index.php(67): CodeIgniter\CodeIgniter->run()
11 SYSTEMPATH\Commands\Server\rewrite.php(46): require_once('FCPATH\\index.php')
CRITICAL - 2023-01-26 22:55:58 --> syntax error, unexpected token "{", expecting "("
in APPPATH\Filters\AuthFilter.php on line 32.
 1 SYSTEMPATH\Autoloader\Autoloader.php(259): CodeIgniter\Autoloader\Autoloader->includeFile('APPPATH\\Filters\\AuthFilter.php')
 2 SYSTEMPATH\Autoloader\Autoloader.php(237): CodeIgniter\Autoloader\Autoloader->loadInNamespace('App\\Filters\\AuthFilter')
 3 SYSTEMPATH\Filters\Filters.php(166): CodeIgniter\Autoloader\Autoloader->loadClass('App\\Filters\\AuthFilter')
 4 SYSTEMPATH\CodeIgniter.php(455): CodeIgniter\Filters\Filters->run('dashboard', 'before')
 5 SYSTEMPATH\CodeIgniter.php(351): CodeIgniter\CodeIgniter->handleRequest(null, Object(Config\Cache), false)
 6 FCPATH\index.php(67): CodeIgniter\CodeIgniter->run()
 7 SYSTEMPATH\Commands\Server\rewrite.php(46): require_once('FCPATH\\index.php')
CRITICAL - 2023-01-26 22:57:28 --> Undefined property: App\Filters\AuthFilter::$session
in APPPATH\Filters\AuthFilter.php on line 31.
 1 APPPATH\Filters\AuthFilter.php(31): CodeIgniter\Debug\Exceptions->errorHandler(2, 'Undefined property: App\\Filters\\AuthFilter::$session', 'APPPATH\\Filters\\AuthFilter.php', 31)
 2 SYSTEMPATH\Filters\Filters.php(173): App\Filters\AuthFilter->before(Object(CodeIgniter\HTTP\IncomingRequest), null)
 3 SYSTEMPATH\CodeIgniter.php(455): CodeIgniter\Filters\Filters->run('dashboard', 'before')
 4 SYSTEMPATH\CodeIgniter.php(351): CodeIgniter\CodeIgniter->handleRequest(null, Object(Config\Cache), false)
 5 FCPATH\index.php(67): CodeIgniter\CodeIgniter->run()
 6 SYSTEMPATH\Commands\Server\rewrite.php(46): require_once('FCPATH\\index.php')
