CRITICAL - 2023-01-28 19:50:15 --> Invalid file: error/V_404.php
in SYSTEMPATH\Exceptions\FrameworkException.php on line 33.
 1 SYSTEMPATH\View\View.php(201): CodeIgniter\Exceptions\FrameworkException::forInvalidFile('error/V_404.php')
 2 SYSTEMPATH\Common.php(1134): CodeIgniter\View\View->render('error/V_404', [], true)
 3 APPPATH\Config\Routes.php(24): view('error/V_404')
 4 SYSTEMPATH\CodeIgniter.php(948): CodeIgniter\CodeIgniter->Config\{closure}('Controller method is not found: dashboard')
 5 SYSTEMPATH\CodeIgniter.php(370): CodeIgniter\CodeIgniter->display404errors(Object(CodeIgniter\Exceptions\PageNotFoundException))
 6 FCPATH\index.php(67): CodeIgniter\CodeIgniter->run()
 7 SYSTEMPATH\Commands\Server\rewrite.php(46): require_once('FCPATH\\index.php')
CRITICAL - 2023-01-28 19:54:27 --> Undefined variable $session
in APPPATH\Views\admin\V_Dashboard.php on line 153.
 1 APPPATH\Views\admin\V_Dashboard.php(153): CodeIgniter\Debug\Exceptions->errorHandler(2, 'Undefined variable $session', 'APPPATH\\Views\\admin\\V_Dashboard.php', 153)
 2 SYSTEMPATH\View\View.php(213): include('APPPATH\\Views\\admin\\V_Dashboard.php')
 3 SYSTEMPATH\View\View.php(216): CodeIgniter\View\View->CodeIgniter\View\{closure}()
 4 SYSTEMPATH\View\View.php(229): CodeIgniter\View\View->render('/admin/V_Dashboard', [], true)
 5 SYSTEMPATH\Common.php(1134): CodeIgniter\View\View->render('/admin/V_Data_siswa', [], true)
 6 APPPATH\Controllers\Siswa.php(16): view('/admin/V_Data_siswa')
 7 SYSTEMPATH\CodeIgniter.php(927): App\Controllers\Siswa->data_siswa()
 8 SYSTEMPATH\CodeIgniter.php(482): CodeIgniter\CodeIgniter->runController(Object(App\Controllers\Siswa))
 9 SYSTEMPATH\CodeIgniter.php(351): CodeIgniter\CodeIgniter->handleRequest(null, Object(Config\Cache), false)
10 FCPATH\index.php(67): CodeIgniter\CodeIgniter->run()
11 SYSTEMPATH\Commands\Server\rewrite.php(46): require_once('FCPATH\\index.php')
CRITICAL - 2023-01-28 19:56:45 --> Undefined variable $session
in APPPATH\Views\admin\V_Dashboard.php on line 153.
 1 APPPATH\Views\admin\V_Dashboard.php(153): CodeIgniter\Debug\Exceptions->errorHandler(2, 'Undefined variable $session', 'APPPATH\\Views\\admin\\V_Dashboard.php', 153)
 2 SYSTEMPATH\View\View.php(213): include('APPPATH\\Views\\admin\\V_Dashboard.php')
 3 SYSTEMPATH\View\View.php(216): CodeIgniter\View\View->CodeIgniter\View\{closure}()
 4 SYSTEMPATH\View\View.php(229): CodeIgniter\View\View->render('/admin/V_Dashboard', [], true)
 5 SYSTEMPATH\Common.php(1134): CodeIgniter\View\View->render('/admin/V_Data_siswa', [], true)
 6 APPPATH\Controllers\Siswa.php(19): view('/admin/V_Data_siswa')
 7 SYSTEMPATH\CodeIgniter.php(927): App\Controllers\Siswa->data_siswa()
 8 SYSTEMPATH\CodeIgniter.php(482): CodeIgniter\CodeIgniter->runController(Object(App\Controllers\Siswa))
 9 SYSTEMPATH\CodeIgniter.php(351): CodeIgniter\CodeIgniter->handleRequest(null, Object(Config\Cache), false)
10 FCPATH\index.php(67): CodeIgniter\CodeIgniter->run()
11 SYSTEMPATH\Commands\Server\rewrite.php(46): require_once('FCPATH\\index.php')
CRITICAL - 2023-01-28 19:56:50 --> Undefined variable $session
in APPPATH\Views\admin\V_Dashboard.php on line 153.
 1 APPPATH\Views\admin\V_Dashboard.php(153): CodeIgniter\Debug\Exceptions->errorHandler(2, 'Undefined variable $session', 'APPPATH\\Views\\admin\\V_Dashboard.php', 153)
 2 SYSTEMPATH\View\View.php(213): include('APPPATH\\Views\\admin\\V_Dashboard.php')
 3 SYSTEMPATH\View\View.php(216): CodeIgniter\View\View->CodeIgniter\View\{closure}()
 4 SYSTEMPATH\View\View.php(229): CodeIgniter\View\View->render('/admin/V_Dashboard', [], true)
 5 SYSTEMPATH\Common.php(1134): CodeIgniter\View\View->render('/admin/V_Data_siswa', [], true)
 6 APPPATH\Controllers\Siswa.php(19): view('/admin/V_Data_siswa')
 7 SYSTEMPATH\CodeIgniter.php(927): App\Controllers\Siswa->data_siswa()
 8 SYSTEMPATH\CodeIgniter.php(482): CodeIgniter\CodeIgniter->runController(Object(App\Controllers\Siswa))
 9 SYSTEMPATH\CodeIgniter.php(351): CodeIgniter\CodeIgniter->handleRequest(null, Object(Config\Cache), false)
10 FCPATH\index.php(67): CodeIgniter\CodeIgniter->run()
11 SYSTEMPATH\Commands\Server\rewrite.php(46): require_once('FCPATH\\index.php')
CRITICAL - 2023-01-28 19:56:51 --> Undefined variable $session
in APPPATH\Views\admin\V_Dashboard.php on line 153.
 1 APPPATH\Views\admin\V_Dashboard.php(153): CodeIgniter\Debug\Exceptions->errorHandler(2, 'Undefined variable $session', 'APPPATH\\Views\\admin\\V_Dashboard.php', 153)
 2 SYSTEMPATH\View\View.php(213): include('APPPATH\\Views\\admin\\V_Dashboard.php')
 3 SYSTEMPATH\View\View.php(216): CodeIgniter\View\View->CodeIgniter\View\{closure}()
 4 SYSTEMPATH\View\View.php(229): CodeIgniter\View\View->render('/admin/V_Dashboard', [], true)
 5 SYSTEMPATH\Common.php(1134): CodeIgniter\View\View->render('/admin/V_Data_siswa', [], true)
 6 APPPATH\Controllers\Siswa.php(19): view('/admin/V_Data_siswa')
 7 SYSTEMPATH\CodeIgniter.php(927): App\Controllers\Siswa->data_siswa()
 8 SYSTEMPATH\CodeIgniter.php(482): CodeIgniter\CodeIgniter->runController(Object(App\Controllers\Siswa))
 9 SYSTEMPATH\CodeIgniter.php(351): CodeIgniter\CodeIgniter->handleRequest(null, Object(Config\Cache), false)
10 FCPATH\index.php(67): CodeIgniter\CodeIgniter->run()
11 SYSTEMPATH\Commands\Server\rewrite.php(46): require_once('FCPATH\\index.php')
CRITICAL - 2023-01-28 19:56:51 --> Undefined variable $session
in APPPATH\Views\admin\V_Dashboard.php on line 153.
 1 APPPATH\Views\admin\V_Dashboard.php(153): CodeIgniter\Debug\Exceptions->errorHandler(2, 'Undefined variable $session', 'APPPATH\\Views\\admin\\V_Dashboard.php', 153)
 2 SYSTEMPATH\View\View.php(213): include('APPPATH\\Views\\admin\\V_Dashboard.php')
 3 SYSTEMPATH\View\View.php(216): CodeIgniter\View\View->CodeIgniter\View\{closure}()
 4 SYSTEMPATH\View\View.php(229): CodeIgniter\View\View->render('/admin/V_Dashboard', [], true)
 5 SYSTEMPATH\Common.php(1134): CodeIgniter\View\View->render('/admin/V_Data_siswa', [], true)
 6 APPPATH\Controllers\Siswa.php(19): view('/admin/V_Data_siswa')
 7 SYSTEMPATH\CodeIgniter.php(927): App\Controllers\Siswa->data_siswa()
 8 SYSTEMPATH\CodeIgniter.php(482): CodeIgniter\CodeIgniter->runController(Object(App\Controllers\Siswa))
 9 SYSTEMPATH\CodeIgniter.php(351): CodeIgniter\CodeIgniter->handleRequest(null, Object(Config\Cache), false)
10 FCPATH\index.php(67): CodeIgniter\CodeIgniter->run()
11 SYSTEMPATH\Commands\Server\rewrite.php(46): require_once('FCPATH\\index.php')
CRITICAL - 2023-01-28 19:56:51 --> Undefined variable $session
in APPPATH\Views\admin\V_Dashboard.php on line 153.
 1 APPPATH\Views\admin\V_Dashboard.php(153): CodeIgniter\Debug\Exceptions->errorHandler(2, 'Undefined variable $session', 'APPPATH\\Views\\admin\\V_Dashboard.php', 153)
 2 SYSTEMPATH\View\View.php(213): include('APPPATH\\Views\\admin\\V_Dashboard.php')
 3 SYSTEMPATH\View\View.php(216): CodeIgniter\View\View->CodeIgniter\View\{closure}()
 4 SYSTEMPATH\View\View.php(229): CodeIgniter\View\View->render('/admin/V_Dashboard', [], true)
 5 SYSTEMPATH\Common.php(1134): CodeIgniter\View\View->render('/admin/V_Data_siswa', [], true)
 6 APPPATH\Controllers\Siswa.php(19): view('/admin/V_Data_siswa')
 7 SYSTEMPATH\CodeIgniter.php(927): App\Controllers\Siswa->data_siswa()
 8 SYSTEMPATH\CodeIgniter.php(482): CodeIgniter\CodeIgniter->runController(Object(App\Controllers\Siswa))
 9 SYSTEMPATH\CodeIgniter.php(351): CodeIgniter\CodeIgniter->handleRequest(null, Object(Config\Cache), false)
10 FCPATH\index.php(67): CodeIgniter\CodeIgniter->run()
11 SYSTEMPATH\Commands\Server\rewrite.php(46): require_once('FCPATH\\index.php')
CRITICAL - 2023-01-28 19:56:52 --> Undefined variable $session
in APPPATH\Views\admin\V_Dashboard.php on line 153.
 1 APPPATH\Views\admin\V_Dashboard.php(153): CodeIgniter\Debug\Exceptions->errorHandler(2, 'Undefined variable $session', 'APPPATH\\Views\\admin\\V_Dashboard.php', 153)
 2 SYSTEMPATH\View\View.php(213): include('APPPATH\\Views\\admin\\V_Dashboard.php')
 3 SYSTEMPATH\View\View.php(216): CodeIgniter\View\View->CodeIgniter\View\{closure}()
 4 SYSTEMPATH\View\View.php(229): CodeIgniter\View\View->render('/admin/V_Dashboard', [], true)
 5 SYSTEMPATH\Common.php(1134): CodeIgniter\View\View->render('/admin/V_Data_siswa', [], true)
 6 APPPATH\Controllers\Siswa.php(19): view('/admin/V_Data_siswa')
 7 SYSTEMPATH\CodeIgniter.php(927): App\Controllers\Siswa->data_siswa()
 8 SYSTEMPATH\CodeIgniter.php(482): CodeIgniter\CodeIgniter->runController(Object(App\Controllers\Siswa))
 9 SYSTEMPATH\CodeIgniter.php(351): CodeIgniter\CodeIgniter->handleRequest(null, Object(Config\Cache), false)
10 FCPATH\index.php(67): CodeIgniter\CodeIgniter->run()
11 SYSTEMPATH\Commands\Server\rewrite.php(46): require_once('FCPATH\\index.php')
CRITICAL - 2023-01-28 19:56:52 --> Undefined variable $session
in APPPATH\Views\admin\V_Dashboard.php on line 153.
 1 APPPATH\Views\admin\V_Dashboard.php(153): CodeIgniter\Debug\Exceptions->errorHandler(2, 'Undefined variable $session', 'APPPATH\\Views\\admin\\V_Dashboard.php', 153)
 2 SYSTEMPATH\View\View.php(213): include('APPPATH\\Views\\admin\\V_Dashboard.php')
 3 SYSTEMPATH\View\View.php(216): CodeIgniter\View\View->CodeIgniter\View\{closure}()
 4 SYSTEMPATH\View\View.php(229): CodeIgniter\View\View->render('/admin/V_Dashboard', [], true)
 5 SYSTEMPATH\Common.php(1134): CodeIgniter\View\View->render('/admin/V_Data_siswa', [], true)
 6 APPPATH\Controllers\Siswa.php(19): view('/admin/V_Data_siswa')
 7 SYSTEMPATH\CodeIgniter.php(927): App\Controllers\Siswa->data_siswa()
 8 SYSTEMPATH\CodeIgniter.php(482): CodeIgniter\CodeIgniter->runController(Object(App\Controllers\Siswa))
 9 SYSTEMPATH\CodeIgniter.php(351): CodeIgniter\CodeIgniter->handleRequest(null, Object(Config\Cache), false)
10 FCPATH\index.php(67): CodeIgniter\CodeIgniter->run()
11 SYSTEMPATH\Commands\Server\rewrite.php(46): require_once('FCPATH\\index.php')
CRITICAL - 2023-01-28 19:56:52 --> Undefined variable $session
in APPPATH\Views\admin\V_Dashboard.php on line 153.
 1 APPPATH\Views\admin\V_Dashboard.php(153): CodeIgniter\Debug\Exceptions->errorHandler(2, 'Undefined variable $session', 'APPPATH\\Views\\admin\\V_Dashboard.php', 153)
 2 SYSTEMPATH\View\View.php(213): include('APPPATH\\Views\\admin\\V_Dashboard.php')
 3 SYSTEMPATH\View\View.php(216): CodeIgniter\View\View->CodeIgniter\View\{closure}()
 4 SYSTEMPATH\View\View.php(229): CodeIgniter\View\View->render('/admin/V_Dashboard', [], true)
 5 SYSTEMPATH\Common.php(1134): CodeIgniter\View\View->render('/admin/V_Data_siswa', [], true)
 6 APPPATH\Controllers\Siswa.php(19): view('/admin/V_Data_siswa')
 7 SYSTEMPATH\CodeIgniter.php(927): App\Controllers\Siswa->data_siswa()
 8 SYSTEMPATH\CodeIgniter.php(482): CodeIgniter\CodeIgniter->runController(Object(App\Controllers\Siswa))
 9 SYSTEMPATH\CodeIgniter.php(351): CodeIgniter\CodeIgniter->handleRequest(null, Object(Config\Cache), false)
10 FCPATH\index.php(67): CodeIgniter\CodeIgniter->run()
11 SYSTEMPATH\Commands\Server\rewrite.php(46): require_once('FCPATH\\index.php')
CRITICAL - 2023-01-28 19:56:53 --> Undefined variable $session
in APPPATH\Views\admin\V_Dashboard.php on line 153.
 1 APPPATH\Views\admin\V_Dashboard.php(153): CodeIgniter\Debug\Exceptions->errorHandler(2, 'Undefined variable $session', 'APPPATH\\Views\\admin\\V_Dashboard.php', 153)
 2 SYSTEMPATH\View\View.php(213): include('APPPATH\\Views\\admin\\V_Dashboard.php')
 3 SYSTEMPATH\View\View.php(216): CodeIgniter\View\View->CodeIgniter\View\{closure}()
 4 SYSTEMPATH\View\View.php(229): CodeIgniter\View\View->render('/admin/V_Dashboard', [], true)
 5 SYSTEMPATH\Common.php(1134): CodeIgniter\View\View->render('/admin/V_Data_siswa', [], true)
 6 APPPATH\Controllers\Siswa.php(19): view('/admin/V_Data_siswa')
 7 SYSTEMPATH\CodeIgniter.php(927): App\Controllers\Siswa->data_siswa()
 8 SYSTEMPATH\CodeIgniter.php(482): CodeIgniter\CodeIgniter->runController(Object(App\Controllers\Siswa))
 9 SYSTEMPATH\CodeIgniter.php(351): CodeIgniter\CodeIgniter->handleRequest(null, Object(Config\Cache), false)
10 FCPATH\index.php(67): CodeIgniter\CodeIgniter->run()
11 SYSTEMPATH\Commands\Server\rewrite.php(46): require_once('FCPATH\\index.php')
CRITICAL - 2023-01-28 19:56:53 --> Undefined variable $session
in APPPATH\Views\admin\V_Dashboard.php on line 153.
 1 APPPATH\Views\admin\V_Dashboard.php(153): CodeIgniter\Debug\Exceptions->errorHandler(2, 'Undefined variable $session', 'APPPATH\\Views\\admin\\V_Dashboard.php', 153)
 2 SYSTEMPATH\View\View.php(213): include('APPPATH\\Views\\admin\\V_Dashboard.php')
 3 SYSTEMPATH\View\View.php(216): CodeIgniter\View\View->CodeIgniter\View\{closure}()
 4 SYSTEMPATH\View\View.php(229): CodeIgniter\View\View->render('/admin/V_Dashboard', [], true)
 5 SYSTEMPATH\Common.php(1134): CodeIgniter\View\View->render('/admin/V_Data_siswa', [], true)
 6 APPPATH\Controllers\Siswa.php(19): view('/admin/V_Data_siswa')
 7 SYSTEMPATH\CodeIgniter.php(927): App\Controllers\Siswa->data_siswa()
 8 SYSTEMPATH\CodeIgniter.php(482): CodeIgniter\CodeIgniter->runController(Object(App\Controllers\Siswa))
 9 SYSTEMPATH\CodeIgniter.php(351): CodeIgniter\CodeIgniter->handleRequest(null, Object(Config\Cache), false)
10 FCPATH\index.php(67): CodeIgniter\CodeIgniter->run()
11 SYSTEMPATH\Commands\Server\rewrite.php(46): require_once('FCPATH\\index.php')
CRITICAL - 2023-01-28 19:56:53 --> Undefined variable $session
in APPPATH\Views\admin\V_Dashboard.php on line 153.
 1 APPPATH\Views\admin\V_Dashboard.php(153): CodeIgniter\Debug\Exceptions->errorHandler(2, 'Undefined variable $session', 'APPPATH\\Views\\admin\\V_Dashboard.php', 153)
 2 SYSTEMPATH\View\View.php(213): include('APPPATH\\Views\\admin\\V_Dashboard.php')
 3 SYSTEMPATH\View\View.php(216): CodeIgniter\View\View->CodeIgniter\View\{closure}()
 4 SYSTEMPATH\View\View.php(229): CodeIgniter\View\View->render('/admin/V_Dashboard', [], true)
 5 SYSTEMPATH\Common.php(1134): CodeIgniter\View\View->render('/admin/V_Data_siswa', [], true)
 6 APPPATH\Controllers\Siswa.php(19): view('/admin/V_Data_siswa')
 7 SYSTEMPATH\CodeIgniter.php(927): App\Controllers\Siswa->data_siswa()
 8 SYSTEMPATH\CodeIgniter.php(482): CodeIgniter\CodeIgniter->runController(Object(App\Controllers\Siswa))
 9 SYSTEMPATH\CodeIgniter.php(351): CodeIgniter\CodeIgniter->handleRequest(null, Object(Config\Cache), false)
10 FCPATH\index.php(67): CodeIgniter\CodeIgniter->run()
11 SYSTEMPATH\Commands\Server\rewrite.php(46): require_once('FCPATH\\index.php')
CRITICAL - 2023-01-28 19:56:54 --> Undefined variable $session
in APPPATH\Views\admin\V_Dashboard.php on line 153.
 1 APPPATH\Views\admin\V_Dashboard.php(153): CodeIgniter\Debug\Exceptions->errorHandler(2, 'Undefined variable $session', 'APPPATH\\Views\\admin\\V_Dashboard.php', 153)
 2 SYSTEMPATH\View\View.php(213): include('APPPATH\\Views\\admin\\V_Dashboard.php')
 3 SYSTEMPATH\View\View.php(216): CodeIgniter\View\View->CodeIgniter\View\{closure}()
 4 SYSTEMPATH\View\View.php(229): CodeIgniter\View\View->render('/admin/V_Dashboard', [], true)
 5 SYSTEMPATH\Common.php(1134): CodeIgniter\View\View->render('/admin/V_Data_siswa', [], true)
 6 APPPATH\Controllers\Siswa.php(19): view('/admin/V_Data_siswa')
 7 SYSTEMPATH\CodeIgniter.php(927): App\Controllers\Siswa->data_siswa()
 8 SYSTEMPATH\CodeIgniter.php(482): CodeIgniter\CodeIgniter->runController(Object(App\Controllers\Siswa))
 9 SYSTEMPATH\CodeIgniter.php(351): CodeIgniter\CodeIgniter->handleRequest(null, Object(Config\Cache), false)
10 FCPATH\index.php(67): CodeIgniter\CodeIgniter->run()
11 SYSTEMPATH\Commands\Server\rewrite.php(46): require_once('FCPATH\\index.php')
CRITICAL - 2023-01-28 19:56:54 --> Undefined variable $session
in APPPATH\Views\admin\V_Dashboard.php on line 153.
 1 APPPATH\Views\admin\V_Dashboard.php(153): CodeIgniter\Debug\Exceptions->errorHandler(2, 'Undefined variable $session', 'APPPATH\\Views\\admin\\V_Dashboard.php', 153)
 2 SYSTEMPATH\View\View.php(213): include('APPPATH\\Views\\admin\\V_Dashboard.php')
 3 SYSTEMPATH\View\View.php(216): CodeIgniter\View\View->CodeIgniter\View\{closure}()
 4 SYSTEMPATH\View\View.php(229): CodeIgniter\View\View->render('/admin/V_Dashboard', [], true)
 5 SYSTEMPATH\Common.php(1134): CodeIgniter\View\View->render('/admin/V_Data_siswa', [], true)
 6 APPPATH\Controllers\Siswa.php(19): view('/admin/V_Data_siswa')
 7 SYSTEMPATH\CodeIgniter.php(927): App\Controllers\Siswa->data_siswa()
 8 SYSTEMPATH\CodeIgniter.php(482): CodeIgniter\CodeIgniter->runController(Object(App\Controllers\Siswa))
 9 SYSTEMPATH\CodeIgniter.php(351): CodeIgniter\CodeIgniter->handleRequest(null, Object(Config\Cache), false)
10 FCPATH\index.php(67): CodeIgniter\CodeIgniter->run()
11 SYSTEMPATH\Commands\Server\rewrite.php(46): require_once('FCPATH\\index.php')
CRITICAL - 2023-01-28 19:56:54 --> Undefined variable $session
in APPPATH\Views\admin\V_Dashboard.php on line 153.
 1 APPPATH\Views\admin\V_Dashboard.php(153): CodeIgniter\Debug\Exceptions->errorHandler(2, 'Undefined variable $session', 'APPPATH\\Views\\admin\\V_Dashboard.php', 153)
 2 SYSTEMPATH\View\View.php(213): include('APPPATH\\Views\\admin\\V_Dashboard.php')
 3 SYSTEMPATH\View\View.php(216): CodeIgniter\View\View->CodeIgniter\View\{closure}()
 4 SYSTEMPATH\View\View.php(229): CodeIgniter\View\View->render('/admin/V_Dashboard', [], true)
 5 SYSTEMPATH\Common.php(1134): CodeIgniter\View\View->render('/admin/V_Data_siswa', [], true)
 6 APPPATH\Controllers\Siswa.php(19): view('/admin/V_Data_siswa')
 7 SYSTEMPATH\CodeIgniter.php(927): App\Controllers\Siswa->data_siswa()
 8 SYSTEMPATH\CodeIgniter.php(482): CodeIgniter\CodeIgniter->runController(Object(App\Controllers\Siswa))
 9 SYSTEMPATH\CodeIgniter.php(351): CodeIgniter\CodeIgniter->handleRequest(null, Object(Config\Cache), false)
10 FCPATH\index.php(67): CodeIgniter\CodeIgniter->run()
11 SYSTEMPATH\Commands\Server\rewrite.php(46): require_once('FCPATH\\index.php')
CRITICAL - 2023-01-28 20:33:40 --> Undefined variable $session
in APPPATH\Views\admin\V_Dashboard.php on line 153.
 1 APPPATH\Views\admin\V_Dashboard.php(153): CodeIgniter\Debug\Exceptions->errorHandler(2, 'Undefined variable $session', 'APPPATH\\Views\\admin\\V_Dashboard.php', 153)
 2 SYSTEMPATH\View\View.php(213): include('APPPATH\\Views\\admin\\V_Dashboard.php')
 3 SYSTEMPATH\View\View.php(216): CodeIgniter\View\View->CodeIgniter\View\{closure}()
 4 SYSTEMPATH\View\View.php(229): CodeIgniter\View\View->render('/admin/V_Dashboard', [], true)
 5 SYSTEMPATH\Common.php(1134): CodeIgniter\View\View->render('admin/V_Data_akun_siswa', [], true)
 6 APPPATH\Controllers\Pengguna.php(11): view('admin/V_Data_akun_siswa')
 7 SYSTEMPATH\CodeIgniter.php(927): App\Controllers\Pengguna->akun_siswa()
 8 SYSTEMPATH\CodeIgniter.php(482): CodeIgniter\CodeIgniter->runController(Object(App\Controllers\Pengguna))
 9 SYSTEMPATH\CodeIgniter.php(351): CodeIgniter\CodeIgniter->handleRequest(null, Object(Config\Cache), false)
10 FCPATH\index.php(67): CodeIgniter\CodeIgniter->run()
11 SYSTEMPATH\Commands\Server\rewrite.php(46): require_once('FCPATH\\index.php')
CRITICAL - 2023-01-28 20:35:02 --> Invalid file: error/V_404.php
in SYSTEMPATH\Exceptions\FrameworkException.php on line 33.
 1 SYSTEMPATH\View\View.php(201): CodeIgniter\Exceptions\FrameworkException::forInvalidFile('error/V_404.php')
 2 SYSTEMPATH\Common.php(1134): CodeIgniter\View\View->render('error/V_404', [], true)
 3 APPPATH\Config\Routes.php(24): view('error/V_404')
 4 SYSTEMPATH\CodeIgniter.php(948): CodeIgniter\CodeIgniter->Config\{closure}('Controller or its method is not found: \\App\\Controllers\\Aplikasi::konfigurasi')
 5 SYSTEMPATH\CodeIgniter.php(370): CodeIgniter\CodeIgniter->display404errors(Object(CodeIgniter\Exceptions\PageNotFoundException))
 6 FCPATH\index.php(67): CodeIgniter\CodeIgniter->run()
 7 SYSTEMPATH\Commands\Server\rewrite.php(46): require_once('FCPATH\\index.php')
CRITICAL - 2023-01-28 20:40:17 --> Invalid file: error/V_404.php
in SYSTEMPATH\Exceptions\FrameworkException.php on line 33.
 1 SYSTEMPATH\View\View.php(201): CodeIgniter\Exceptions\FrameworkException::forInvalidFile('error/V_404.php')
 2 SYSTEMPATH\Common.php(1134): CodeIgniter\View\View->render('error/V_404', [], true)
 3 APPPATH\Config\Routes.php(24): view('error/V_404')
 4 SYSTEMPATH\CodeIgniter.php(948): CodeIgniter\CodeIgniter->Config\{closure}('Controller method is not found: akun_admin')
 5 SYSTEMPATH\CodeIgniter.php(370): CodeIgniter\CodeIgniter->display404errors(Object(CodeIgniter\Exceptions\PageNotFoundException))
 6 FCPATH\index.php(67): CodeIgniter\CodeIgniter->run()
 7 SYSTEMPATH\Commands\Server\rewrite.php(46): require_once('FCPATH\\index.php')
CRITICAL - 2023-01-28 20:40:21 --> Undefined variable $session
in APPPATH\Views\admin\V_Dashboard.php on line 153.
 1 APPPATH\Views\admin\V_Dashboard.php(153): CodeIgniter\Debug\Exceptions->errorHandler(2, 'Undefined variable $session', 'APPPATH\\Views\\admin\\V_Dashboard.php', 153)
 2 SYSTEMPATH\View\View.php(213): include('APPPATH\\Views\\admin\\V_Dashboard.php')
 3 SYSTEMPATH\View\View.php(216): CodeIgniter\View\View->CodeIgniter\View\{closure}()
 4 SYSTEMPATH\View\View.php(229): CodeIgniter\View\View->render('/admin/V_Dashboard', [], true)
 5 SYSTEMPATH\Common.php(1134): CodeIgniter\View\View->render('admin/V_Data_akun_siswa', [], true)
 6 APPPATH\Controllers\Pengguna.php(11): view('admin/V_Data_akun_siswa')
 7 SYSTEMPATH\CodeIgniter.php(927): App\Controllers\Pengguna->akun_siswa()
 8 SYSTEMPATH\CodeIgniter.php(482): CodeIgniter\CodeIgniter->runController(Object(App\Controllers\Pengguna))
 9 SYSTEMPATH\CodeIgniter.php(351): CodeIgniter\CodeIgniter->handleRequest(null, Object(Config\Cache), false)
10 FCPATH\index.php(67): CodeIgniter\CodeIgniter->run()
11 SYSTEMPATH\Commands\Server\rewrite.php(46): require_once('FCPATH\\index.php')
CRITICAL - 2023-01-28 21:14:11 --> syntax error, unexpected token "as", expecting ")"
in APPPATH\Views\admin\V_Data_siswa.php on line 42.
 1 SYSTEMPATH\View\View.php(216): CodeIgniter\View\View->CodeIgniter\View\{closure}()
 2 SYSTEMPATH\Common.php(1134): CodeIgniter\View\View->render('/admin/V_Data_siswa', [], true)
 3 APPPATH\Controllers\Siswa.php(33): view('/admin/V_Data_siswa', [...])
 4 SYSTEMPATH\CodeIgniter.php(927): App\Controllers\Siswa->data_siswa()
 5 SYSTEMPATH\CodeIgniter.php(482): CodeIgniter\CodeIgniter->runController(Object(App\Controllers\Siswa))
 6 SYSTEMPATH\CodeIgniter.php(351): CodeIgniter\CodeIgniter->handleRequest(null, Object(Config\Cache), false)
 7 FCPATH\index.php(67): CodeIgniter\CodeIgniter->run()
 8 SYSTEMPATH\Commands\Server\rewrite.php(46): require_once('FCPATH\\index.php')
CRITICAL - 2023-01-28 21:42:40 --> Undefined constant "App\Controllers\kelas"
in APPPATH\Controllers\Siswa.php on line 91.
 1 SYSTEMPATH\CodeIgniter.php(927): App\Controllers\Siswa->form_kelas(' ZnBKWEFrL2VaMFZCWjU5aWdGRHF2Zz09')
 2 SYSTEMPATH\CodeIgniter.php(482): CodeIgniter\CodeIgniter->runController(Object(App\Controllers\Siswa))
 3 SYSTEMPATH\CodeIgniter.php(351): CodeIgniter\CodeIgniter->handleRequest(null, Object(Config\Cache), false)
 4 FCPATH\index.php(67): CodeIgniter\CodeIgniter->run()
 5 SYSTEMPATH\Commands\Server\rewrite.php(46): require_once('FCPATH\\index.php')
CRITICAL - 2023-01-28 21:43:29 --> Attempt to read property "ID" on array
in APPPATH\Controllers\Siswa.php on line 91.
 1 APPPATH\Controllers\Siswa.php(91): CodeIgniter\Debug\Exceptions->errorHandler(2, 'Attempt to read property "ID" on array', 'APPPATH\\Controllers\\Siswa.php', 91)
 2 SYSTEMPATH\CodeIgniter.php(927): App\Controllers\Siswa->form_kelas(' ZnBKWEFrL2VaMFZCWjU5aWdGRHF2Zz09')
 3 SYSTEMPATH\CodeIgniter.php(482): CodeIgniter\CodeIgniter->runController(Object(App\Controllers\Siswa))
 4 SYSTEMPATH\CodeIgniter.php(351): CodeIgniter\CodeIgniter->handleRequest(null, Object(Config\Cache), false)
 5 FCPATH\index.php(67): CodeIgniter\CodeIgniter->run()
 6 SYSTEMPATH\Commands\Server\rewrite.php(46): require_once('FCPATH\\index.php')
CRITICAL - 2023-01-28 21:43:48 --> Attempt to read property "ID" on array
in APPPATH\Controllers\Siswa.php on line 91.
 1 APPPATH\Controllers\Siswa.php(91): CodeIgniter\Debug\Exceptions->errorHandler(2, 'Attempt to read property "ID" on array', 'APPPATH\\Controllers\\Siswa.php', 91)
 2 SYSTEMPATH\CodeIgniter.php(927): App\Controllers\Siswa->form_kelas(' ZnBKWEFrL2VaMFZCWjU5aWdGRHF2Zz09')
 3 SYSTEMPATH\CodeIgniter.php(482): CodeIgniter\CodeIgniter->runController(Object(App\Controllers\Siswa))
 4 SYSTEMPATH\CodeIgniter.php(351): CodeIgniter\CodeIgniter->handleRequest(null, Object(Config\Cache), false)
 5 FCPATH\index.php(67): CodeIgniter\CodeIgniter->run()
 6 SYSTEMPATH\Commands\Server\rewrite.php(46): require_once('FCPATH\\index.php')
CRITICAL - 2023-01-28 21:44:08 --> Attempt to read property "ID" on array
in APPPATH\Controllers\Siswa.php on line 91.
 1 APPPATH\Controllers\Siswa.php(91): CodeIgniter\Debug\Exceptions->errorHandler(2, 'Attempt to read property "ID" on array', 'APPPATH\\Controllers\\Siswa.php', 91)
 2 SYSTEMPATH\CodeIgniter.php(927): App\Controllers\Siswa->form_kelas(' ZnBKWEFrL2VaMFZCWjU5aWdGRHF2Zz09')
 3 SYSTEMPATH\CodeIgniter.php(482): CodeIgniter\CodeIgniter->runController(Object(App\Controllers\Siswa))
 4 SYSTEMPATH\CodeIgniter.php(351): CodeIgniter\CodeIgniter->handleRequest(null, Object(Config\Cache), false)
 5 FCPATH\index.php(67): CodeIgniter\CodeIgniter->run()
 6 SYSTEMPATH\Commands\Server\rewrite.php(46): require_once('FCPATH\\index.php')
CRITICAL - 2023-01-28 21:44:09 --> Attempt to read property "ID" on array
in APPPATH\Controllers\Siswa.php on line 91.
 1 APPPATH\Controllers\Siswa.php(91): CodeIgniter\Debug\Exceptions->errorHandler(2, 'Attempt to read property "ID" on array', 'APPPATH\\Controllers\\Siswa.php', 91)
 2 SYSTEMPATH\CodeIgniter.php(927): App\Controllers\Siswa->form_kelas(' ZnBKWEFrL2VaMFZCWjU5aWdGRHF2Zz09')
 3 SYSTEMPATH\CodeIgniter.php(482): CodeIgniter\CodeIgniter->runController(Object(App\Controllers\Siswa))
 4 SYSTEMPATH\CodeIgniter.php(351): CodeIgniter\CodeIgniter->handleRequest(null, Object(Config\Cache), false)
 5 FCPATH\index.php(67): CodeIgniter\CodeIgniter->run()
 6 SYSTEMPATH\Commands\Server\rewrite.php(46): require_once('FCPATH\\index.php')
CRITICAL - 2023-01-28 21:44:12 --> Attempt to read property "ID" on array
in APPPATH\Controllers\Siswa.php on line 91.
 1 APPPATH\Controllers\Siswa.php(91): CodeIgniter\Debug\Exceptions->errorHandler(2, 'Attempt to read property "ID" on array', 'APPPATH\\Controllers\\Siswa.php', 91)
 2 SYSTEMPATH\CodeIgniter.php(927): App\Controllers\Siswa->form_kelas(' ZnBKWEFrL2VaMFZCWjU5aWdGRHF2Zz09')
 3 SYSTEMPATH\CodeIgniter.php(482): CodeIgniter\CodeIgniter->runController(Object(App\Controllers\Siswa))
 4 SYSTEMPATH\CodeIgniter.php(351): CodeIgniter\CodeIgniter->handleRequest(null, Object(Config\Cache), false)
 5 FCPATH\index.php(67): CodeIgniter\CodeIgniter->run()
 6 SYSTEMPATH\Commands\Server\rewrite.php(46): require_once('FCPATH\\index.php')
CRITICAL - 2023-01-28 21:44:51 --> Array to string conversion
in APPPATH\Controllers\Siswa.php on line 91.
 1 APPPATH\Controllers\Siswa.php(91): CodeIgniter\Debug\Exceptions->errorHandler(2, 'Array to string conversion', 'APPPATH\\Controllers\\Siswa.php', 91)
 2 SYSTEMPATH\CodeIgniter.php(927): App\Controllers\Siswa->form_kelas(' ZnBKWEFrL2VaMFZCWjU5aWdGRHF2Zz09')
 3 SYSTEMPATH\CodeIgniter.php(482): CodeIgniter\CodeIgniter->runController(Object(App\Controllers\Siswa))
 4 SYSTEMPATH\CodeIgniter.php(351): CodeIgniter\CodeIgniter->handleRequest(null, Object(Config\Cache), false)
 5 FCPATH\index.php(67): CodeIgniter\CodeIgniter->run()
 6 SYSTEMPATH\Commands\Server\rewrite.php(46): require_once('FCPATH\\index.php')
CRITICAL - 2023-01-28 21:46:19 --> Attempt to read property "ID" on array
in APPPATH\Controllers\Siswa.php on line 91.
 1 APPPATH\Controllers\Siswa.php(91): CodeIgniter\Debug\Exceptions->errorHandler(2, 'Attempt to read property "ID" on array', 'APPPATH\\Controllers\\Siswa.php', 91)
 2 SYSTEMPATH\CodeIgniter.php(927): App\Controllers\Siswa->form_kelas(' ZnBKWEFrL2VaMFZCWjU5aWdGRHF2Zz09')
 3 SYSTEMPATH\CodeIgniter.php(482): CodeIgniter\CodeIgniter->runController(Object(App\Controllers\Siswa))
 4 SYSTEMPATH\CodeIgniter.php(351): CodeIgniter\CodeIgniter->handleRequest(null, Object(Config\Cache), false)
 5 FCPATH\index.php(67): CodeIgniter\CodeIgniter->run()
 6 SYSTEMPATH\Commands\Server\rewrite.php(46): require_once('FCPATH\\index.php')
CRITICAL - 2023-01-28 21:46:29 --> Attempt to read property "ID" on array
in APPPATH\Controllers\Siswa.php on line 91.
 1 APPPATH\Controllers\Siswa.php(91): CodeIgniter\Debug\Exceptions->errorHandler(2, 'Attempt to read property "ID" on array', 'APPPATH\\Controllers\\Siswa.php', 91)
 2 SYSTEMPATH\CodeIgniter.php(927): App\Controllers\Siswa->form_kelas(' ZnBKWEFrL2VaMFZCWjU5aWdGRHF2Zz09')
 3 SYSTEMPATH\CodeIgniter.php(482): CodeIgniter\CodeIgniter->runController(Object(App\Controllers\Siswa))
 4 SYSTEMPATH\CodeIgniter.php(351): CodeIgniter\CodeIgniter->handleRequest(null, Object(Config\Cache), false)
 5 FCPATH\index.php(67): CodeIgniter\CodeIgniter->run()
 6 SYSTEMPATH\Commands\Server\rewrite.php(46): require_once('FCPATH\\index.php')
CRITICAL - 2023-01-28 21:47:33 --> Cannot access offset of type string on string
in APPPATH\Controllers\Siswa.php on line 92.
 1 SYSTEMPATH\CodeIgniter.php(927): App\Controllers\Siswa->form_kelas(' ZnBKWEFrL2VaMFZCWjU5aWdGRHF2Zz09')
 2 SYSTEMPATH\CodeIgniter.php(482): CodeIgniter\CodeIgniter->runController(Object(App\Controllers\Siswa))
 3 SYSTEMPATH\CodeIgniter.php(351): CodeIgniter\CodeIgniter->handleRequest(null, Object(Config\Cache), false)
 4 FCPATH\index.php(67): CodeIgniter\CodeIgniter->run()
 5 SYSTEMPATH\Commands\Server\rewrite.php(46): require_once('FCPATH\\index.php')
CRITICAL - 2023-01-28 21:47:56 --> Cannot access offset of type string on string
in APPPATH\Controllers\Siswa.php on line 91.
 1 SYSTEMPATH\CodeIgniter.php(927): App\Controllers\Siswa->form_kelas(' ZnBKWEFrL2VaMFZCWjU5aWdGRHF2Zz09')
 2 SYSTEMPATH\CodeIgniter.php(482): CodeIgniter\CodeIgniter->runController(Object(App\Controllers\Siswa))
 3 SYSTEMPATH\CodeIgniter.php(351): CodeIgniter\CodeIgniter->handleRequest(null, Object(Config\Cache), false)
 4 FCPATH\index.php(67): CodeIgniter\CodeIgniter->run()
 5 SYSTEMPATH\Commands\Server\rewrite.php(46): require_once('FCPATH\\index.php')
CRITICAL - 2023-01-28 21:48:07 --> Attempt to read property "ID" on string
in APPPATH\Controllers\Siswa.php on line 91.
 1 APPPATH\Controllers\Siswa.php(91): CodeIgniter\Debug\Exceptions->errorHandler(2, 'Attempt to read property "ID" on string', 'APPPATH\\Controllers\\Siswa.php', 91)
 2 SYSTEMPATH\CodeIgniter.php(927): App\Controllers\Siswa->form_kelas(' ZnBKWEFrL2VaMFZCWjU5aWdGRHF2Zz09')
 3 SYSTEMPATH\CodeIgniter.php(482): CodeIgniter\CodeIgniter->runController(Object(App\Controllers\Siswa))
 4 SYSTEMPATH\CodeIgniter.php(351): CodeIgniter\CodeIgniter->handleRequest(null, Object(Config\Cache), false)
 5 FCPATH\index.php(67): CodeIgniter\CodeIgniter->run()
 6 SYSTEMPATH\Commands\Server\rewrite.php(46): require_once('FCPATH\\index.php')
CRITICAL - 2023-01-28 21:48:37 --> Undefined variable $kelas
in APPPATH\Controllers\Siswa.php on line 88.
 1 APPPATH\Controllers\Siswa.php(88): CodeIgniter\Debug\Exceptions->errorHandler(2, 'Undefined variable $kelas', 'APPPATH\\Controllers\\Siswa.php', 88)
 2 SYSTEMPATH\CodeIgniter.php(927): App\Controllers\Siswa->form_kelas(' ZnBKWEFrL2VaMFZCWjU5aWdGRHF2Zz09')
 3 SYSTEMPATH\CodeIgniter.php(482): CodeIgniter\CodeIgniter->runController(Object(App\Controllers\Siswa))
 4 SYSTEMPATH\CodeIgniter.php(351): CodeIgniter\CodeIgniter->handleRequest(null, Object(Config\Cache), false)
 5 FCPATH\index.php(67): CodeIgniter\CodeIgniter->run()
 6 SYSTEMPATH\Commands\Server\rewrite.php(46): require_once('FCPATH\\index.php')
CRITICAL - 2023-01-28 21:48:46 --> Undefined variable $kelas
in APPPATH\Controllers\Siswa.php on line 88.
 1 APPPATH\Controllers\Siswa.php(88): CodeIgniter\Debug\Exceptions->errorHandler(2, 'Undefined variable $kelas', 'APPPATH\\Controllers\\Siswa.php', 88)
 2 SYSTEMPATH\CodeIgniter.php(927): App\Controllers\Siswa->form_kelas(' ZnBKWEFrL2VaMFZCWjU5aWdGRHF2Zz09')
 3 SYSTEMPATH\CodeIgniter.php(482): CodeIgniter\CodeIgniter->runController(Object(App\Controllers\Siswa))
 4 SYSTEMPATH\CodeIgniter.php(351): CodeIgniter\CodeIgniter->handleRequest(null, Object(Config\Cache), false)
 5 FCPATH\index.php(67): CodeIgniter\CodeIgniter->run()
 6 SYSTEMPATH\Commands\Server\rewrite.php(46): require_once('FCPATH\\index.php')
CRITICAL - 2023-01-28 21:48:57 --> Undefined variable $kelas
in APPPATH\Controllers\Siswa.php on line 88.
 1 APPPATH\Controllers\Siswa.php(88): CodeIgniter\Debug\Exceptions->errorHandler(2, 'Undefined variable $kelas', 'APPPATH\\Controllers\\Siswa.php', 88)
 2 SYSTEMPATH\CodeIgniter.php(927): App\Controllers\Siswa->form_kelas(' ZnBKWEFrL2VaMFZCWjU5aWdGRHF2Zz09')
 3 SYSTEMPATH\CodeIgniter.php(482): CodeIgniter\CodeIgniter->runController(Object(App\Controllers\Siswa))
 4 SYSTEMPATH\CodeIgniter.php(351): CodeIgniter\CodeIgniter->handleRequest(null, Object(Config\Cache), false)
 5 FCPATH\index.php(67): CodeIgniter\CodeIgniter->run()
 6 SYSTEMPATH\Commands\Server\rewrite.php(46): require_once('FCPATH\\index.php')
CRITICAL - 2023-01-28 21:49:09 --> Cannot access offset of type string on string
in APPPATH\Controllers\Siswa.php on line 92.
 1 SYSTEMPATH\CodeIgniter.php(927): App\Controllers\Siswa->form_kelas(' ZnBKWEFrL2VaMFZCWjU5aWdGRHF2Zz09')
 2 SYSTEMPATH\CodeIgniter.php(482): CodeIgniter\CodeIgniter->runController(Object(App\Controllers\Siswa))
 3 SYSTEMPATH\CodeIgniter.php(351): CodeIgniter\CodeIgniter->handleRequest(null, Object(Config\Cache), false)
 4 FCPATH\index.php(67): CodeIgniter\CodeIgniter->run()
 5 SYSTEMPATH\Commands\Server\rewrite.php(46): require_once('FCPATH\\index.php')
CRITICAL - 2023-01-28 21:49:20 --> Attempt to read property "ID" on string
in APPPATH\Controllers\Siswa.php on line 92.
 1 APPPATH\Controllers\Siswa.php(92): CodeIgniter\Debug\Exceptions->errorHandler(2, 'Attempt to read property "ID" on string', 'APPPATH\\Controllers\\Siswa.php', 92)
 2 SYSTEMPATH\CodeIgniter.php(927): App\Controllers\Siswa->form_kelas(' ZnBKWEFrL2VaMFZCWjU5aWdGRHF2Zz09')
 3 SYSTEMPATH\CodeIgniter.php(482): CodeIgniter\CodeIgniter->runController(Object(App\Controllers\Siswa))
 4 SYSTEMPATH\CodeIgniter.php(351): CodeIgniter\CodeIgniter->handleRequest(null, Object(Config\Cache), false)
 5 FCPATH\index.php(67): CodeIgniter\CodeIgniter->run()
 6 SYSTEMPATH\Commands\Server\rewrite.php(46): require_once('FCPATH\\index.php')
CRITICAL - 2023-01-28 21:49:21 --> Attempt to read property "ID" on string
in APPPATH\Controllers\Siswa.php on line 92.
 1 APPPATH\Controllers\Siswa.php(92): CodeIgniter\Debug\Exceptions->errorHandler(2, 'Attempt to read property "ID" on string', 'APPPATH\\Controllers\\Siswa.php', 92)
 2 SYSTEMPATH\CodeIgniter.php(927): App\Controllers\Siswa->form_kelas(' ZnBKWEFrL2VaMFZCWjU5aWdGRHF2Zz09')
 3 SYSTEMPATH\CodeIgniter.php(482): CodeIgniter\CodeIgniter->runController(Object(App\Controllers\Siswa))
 4 SYSTEMPATH\CodeIgniter.php(351): CodeIgniter\CodeIgniter->handleRequest(null, Object(Config\Cache), false)
 5 FCPATH\index.php(67): CodeIgniter\CodeIgniter->run()
 6 SYSTEMPATH\Commands\Server\rewrite.php(46): require_once('FCPATH\\index.php')
CRITICAL - 2023-01-28 21:49:22 --> Attempt to read property "ID" on string
in APPPATH\Controllers\Siswa.php on line 92.
 1 APPPATH\Controllers\Siswa.php(92): CodeIgniter\Debug\Exceptions->errorHandler(2, 'Attempt to read property "ID" on string', 'APPPATH\\Controllers\\Siswa.php', 92)
 2 SYSTEMPATH\CodeIgniter.php(927): App\Controllers\Siswa->form_kelas(' ZnBKWEFrL2VaMFZCWjU5aWdGRHF2Zz09')
 3 SYSTEMPATH\CodeIgniter.php(482): CodeIgniter\CodeIgniter->runController(Object(App\Controllers\Siswa))
 4 SYSTEMPATH\CodeIgniter.php(351): CodeIgniter\CodeIgniter->handleRequest(null, Object(Config\Cache), false)
 5 FCPATH\index.php(67): CodeIgniter\CodeIgniter->run()
 6 SYSTEMPATH\Commands\Server\rewrite.php(46): require_once('FCPATH\\index.php')
CRITICAL - 2023-01-28 21:49:23 --> Attempt to read property "ID" on string
in APPPATH\Controllers\Siswa.php on line 92.
 1 APPPATH\Controllers\Siswa.php(92): CodeIgniter\Debug\Exceptions->errorHandler(2, 'Attempt to read property "ID" on string', 'APPPATH\\Controllers\\Siswa.php', 92)
 2 SYSTEMPATH\CodeIgniter.php(927): App\Controllers\Siswa->form_kelas(' ZnBKWEFrL2VaMFZCWjU5aWdGRHF2Zz09')
 3 SYSTEMPATH\CodeIgniter.php(482): CodeIgniter\CodeIgniter->runController(Object(App\Controllers\Siswa))
 4 SYSTEMPATH\CodeIgniter.php(351): CodeIgniter\CodeIgniter->handleRequest(null, Object(Config\Cache), false)
 5 FCPATH\index.php(67): CodeIgniter\CodeIgniter->run()
 6 SYSTEMPATH\Commands\Server\rewrite.php(46): require_once('FCPATH\\index.php')
CRITICAL - 2023-01-28 21:49:23 --> Attempt to read property "ID" on string
in APPPATH\Controllers\Siswa.php on line 92.
 1 APPPATH\Controllers\Siswa.php(92): CodeIgniter\Debug\Exceptions->errorHandler(2, 'Attempt to read property "ID" on string', 'APPPATH\\Controllers\\Siswa.php', 92)
 2 SYSTEMPATH\CodeIgniter.php(927): App\Controllers\Siswa->form_kelas(' ZnBKWEFrL2VaMFZCWjU5aWdGRHF2Zz09')
 3 SYSTEMPATH\CodeIgniter.php(482): CodeIgniter\CodeIgniter->runController(Object(App\Controllers\Siswa))
 4 SYSTEMPATH\CodeIgniter.php(351): CodeIgniter\CodeIgniter->handleRequest(null, Object(Config\Cache), false)
 5 FCPATH\index.php(67): CodeIgniter\CodeIgniter->run()
 6 SYSTEMPATH\Commands\Server\rewrite.php(46): require_once('FCPATH\\index.php')
CRITICAL - 2023-01-28 21:49:27 --> Attempt to read property "ID" on string
in APPPATH\Controllers\Siswa.php on line 92.
 1 APPPATH\Controllers\Siswa.php(92): CodeIgniter\Debug\Exceptions->errorHandler(2, 'Attempt to read property "ID" on string', 'APPPATH\\Controllers\\Siswa.php', 92)
 2 SYSTEMPATH\CodeIgniter.php(927): App\Controllers\Siswa->form_kelas(' ZnBKWEFrL2VaMFZCWjU5aWdGRHF2Zz09')
 3 SYSTEMPATH\CodeIgniter.php(482): CodeIgniter\CodeIgniter->runController(Object(App\Controllers\Siswa))
 4 SYSTEMPATH\CodeIgniter.php(351): CodeIgniter\CodeIgniter->handleRequest(null, Object(Config\Cache), false)
 5 FCPATH\index.php(67): CodeIgniter\CodeIgniter->run()
 6 SYSTEMPATH\Commands\Server\rewrite.php(46): require_once('FCPATH\\index.php')
CRITICAL - 2023-01-28 21:49:28 --> Attempt to read property "ID" on string
in APPPATH\Controllers\Siswa.php on line 92.
 1 APPPATH\Controllers\Siswa.php(92): CodeIgniter\Debug\Exceptions->errorHandler(2, 'Attempt to read property "ID" on string', 'APPPATH\\Controllers\\Siswa.php', 92)
 2 SYSTEMPATH\CodeIgniter.php(927): App\Controllers\Siswa->form_kelas(' ZnBKWEFrL2VaMFZCWjU5aWdGRHF2Zz09')
 3 SYSTEMPATH\CodeIgniter.php(482): CodeIgniter\CodeIgniter->runController(Object(App\Controllers\Siswa))
 4 SYSTEMPATH\CodeIgniter.php(351): CodeIgniter\CodeIgniter->handleRequest(null, Object(Config\Cache), false)
 5 FCPATH\index.php(67): CodeIgniter\CodeIgniter->run()
 6 SYSTEMPATH\Commands\Server\rewrite.php(46): require_once('FCPATH\\index.php')
CRITICAL - 2023-01-28 21:50:20 --> Array to string conversion
in APPPATH\Views\admin\V_Form_kelas.php on line 2.
 1 APPPATH\Views\admin\V_Form_kelas.php(2): CodeIgniter\Debug\Exceptions->errorHandler(2, 'Array to string conversion', 'APPPATH\\Views\\admin\\V_Form_kelas.php', 2)
 2 SYSTEMPATH\View\View.php(213): include('APPPATH\\Views\\admin\\V_Form_kelas.php')
 3 SYSTEMPATH\View\View.php(216): CodeIgniter\View\View->CodeIgniter\View\{closure}()
 4 SYSTEMPATH\Common.php(1134): CodeIgniter\View\View->render('/admin/V_Form_kelas', [], true)
 5 APPPATH\Controllers\Siswa.php(90): view('/admin/V_Form_kelas', [...])
 6 SYSTEMPATH\CodeIgniter.php(927): App\Controllers\Siswa->form_kelas(' ZnBKWEFrL2VaMFZCWjU5aWdGRHF2Zz09')
 7 SYSTEMPATH\CodeIgniter.php(482): CodeIgniter\CodeIgniter->runController(Object(App\Controllers\Siswa))
 8 SYSTEMPATH\CodeIgniter.php(351): CodeIgniter\CodeIgniter->handleRequest(null, Object(Config\Cache), false)
 9 FCPATH\index.php(67): CodeIgniter\CodeIgniter->run()
10 SYSTEMPATH\Commands\Server\rewrite.php(46): require_once('FCPATH\\index.php')
CRITICAL - 2023-01-28 21:50:41 --> Undefined variable $kelstatus_formas1
in APPPATH\Controllers\Siswa.php on line 88.
 1 APPPATH\Controllers\Siswa.php(88): CodeIgniter\Debug\Exceptions->errorHandler(2, 'Undefined variable $kelstatus_formas1', 'APPPATH\\Controllers\\Siswa.php', 88)
 2 SYSTEMPATH\CodeIgniter.php(927): App\Controllers\Siswa->form_kelas(' ZnBKWEFrL2VaMFZCWjU5aWdGRHF2Zz09')
 3 SYSTEMPATH\CodeIgniter.php(482): CodeIgniter\CodeIgniter->runController(Object(App\Controllers\Siswa))
 4 SYSTEMPATH\CodeIgniter.php(351): CodeIgniter\CodeIgniter->handleRequest(null, Object(Config\Cache), false)
 5 FCPATH\index.php(67): CodeIgniter\CodeIgniter->run()
 6 SYSTEMPATH\Commands\Server\rewrite.php(46): require_once('FCPATH\\index.php')
CRITICAL - 2023-01-28 21:51:05 --> Array to string conversion
in APPPATH\Views\admin\V_Form_kelas.php on line 35.
 1 APPPATH\Views\admin\V_Form_kelas.php(35): CodeIgniter\Debug\Exceptions->errorHandler(2, 'Array to string conversion', 'APPPATH\\Views\\admin\\V_Form_kelas.php', 35)
 2 SYSTEMPATH\View\View.php(213): include('APPPATH\\Views\\admin\\V_Form_kelas.php')
 3 SYSTEMPATH\View\View.php(216): CodeIgniter\View\View->CodeIgniter\View\{closure}()
 4 SYSTEMPATH\Common.php(1134): CodeIgniter\View\View->render('/admin/V_Form_kelas', [], true)
 5 APPPATH\Controllers\Siswa.php(91): view('/admin/V_Form_kelas', [...])
 6 SYSTEMPATH\CodeIgniter.php(927): App\Controllers\Siswa->form_kelas(' ZnBKWEFrL2VaMFZCWjU5aWdGRHF2Zz09')
 7 SYSTEMPATH\CodeIgniter.php(482): CodeIgniter\CodeIgniter->runController(Object(App\Controllers\Siswa))
 8 SYSTEMPATH\CodeIgniter.php(351): CodeIgniter\CodeIgniter->handleRequest(null, Object(Config\Cache), false)
 9 FCPATH\index.php(67): CodeIgniter\CodeIgniter->run()
10 SYSTEMPATH\Commands\Server\rewrite.php(46): require_once('FCPATH\\index.php')
CRITICAL - 2023-01-28 21:51:22 --> Attempt to read property "ID" on array
in APPPATH\Views\admin\V_Form_kelas.php on line 35.
 1 APPPATH\Views\admin\V_Form_kelas.php(35): CodeIgniter\Debug\Exceptions->errorHandler(2, 'Attempt to read property "ID" on array', 'APPPATH\\Views\\admin\\V_Form_kelas.php', 35)
 2 SYSTEMPATH\View\View.php(213): include('APPPATH\\Views\\admin\\V_Form_kelas.php')
 3 SYSTEMPATH\View\View.php(216): CodeIgniter\View\View->CodeIgniter\View\{closure}()
 4 SYSTEMPATH\Common.php(1134): CodeIgniter\View\View->render('/admin/V_Form_kelas', [], true)
 5 APPPATH\Controllers\Siswa.php(91): view('/admin/V_Form_kelas', [...])
 6 SYSTEMPATH\CodeIgniter.php(927): App\Controllers\Siswa->form_kelas(' ZnBKWEFrL2VaMFZCWjU5aWdGRHF2Zz09')
 7 SYSTEMPATH\CodeIgniter.php(482): CodeIgniter\CodeIgniter->runController(Object(App\Controllers\Siswa))
 8 SYSTEMPATH\CodeIgniter.php(351): CodeIgniter\CodeIgniter->handleRequest(null, Object(Config\Cache), false)
 9 FCPATH\index.php(67): CodeIgniter\CodeIgniter->run()
10 SYSTEMPATH\Commands\Server\rewrite.php(46): require_once('FCPATH\\index.php')
CRITICAL - 2023-01-28 21:51:32 --> Attempt to read property "ID" on array
in APPPATH\Views\admin\V_Form_kelas.php on line 35.
 1 APPPATH\Views\admin\V_Form_kelas.php(35): CodeIgniter\Debug\Exceptions->errorHandler(2, 'Attempt to read property "ID" on array', 'APPPATH\\Views\\admin\\V_Form_kelas.php', 35)
 2 SYSTEMPATH\View\View.php(213): include('APPPATH\\Views\\admin\\V_Form_kelas.php')
 3 SYSTEMPATH\View\View.php(216): CodeIgniter\View\View->CodeIgniter\View\{closure}()
 4 SYSTEMPATH\Common.php(1134): CodeIgniter\View\View->render('/admin/V_Form_kelas', [], true)
 5 APPPATH\Controllers\Siswa.php(91): view('/admin/V_Form_kelas', [...])
 6 SYSTEMPATH\CodeIgniter.php(927): App\Controllers\Siswa->form_kelas(' ZnBKWEFrL2VaMFZCWjU5aWdGRHF2Zz09')
 7 SYSTEMPATH\CodeIgniter.php(482): CodeIgniter\CodeIgniter->runController(Object(App\Controllers\Siswa))
 8 SYSTEMPATH\CodeIgniter.php(351): CodeIgniter\CodeIgniter->handleRequest(null, Object(Config\Cache), false)
 9 FCPATH\index.php(67): CodeIgniter\CodeIgniter->run()
10 SYSTEMPATH\Commands\Server\rewrite.php(46): require_once('FCPATH\\index.php')
CRITICAL - 2023-01-28 21:52:49 --> Undefined variable $kelas
in APPPATH\Views\admin\V_Form_kelas.php on line 38.
 1 APPPATH\Views\admin\V_Form_kelas.php(38): CodeIgniter\Debug\Exceptions->errorHandler(2, 'Undefined variable $kelas', 'APPPATH\\Views\\admin\\V_Form_kelas.php', 38)
 2 SYSTEMPATH\View\View.php(213): include('APPPATH\\Views\\admin\\V_Form_kelas.php')
 3 SYSTEMPATH\View\View.php(216): CodeIgniter\View\View->CodeIgniter\View\{closure}()
 4 SYSTEMPATH\Common.php(1134): CodeIgniter\View\View->render('/admin/V_Form_kelas', [], true)
 5 APPPATH\Controllers\Siswa.php(90): view('/admin/V_Form_kelas', [...])
 6 SYSTEMPATH\CodeIgniter.php(927): App\Controllers\Siswa->form_kelas(' ZnBKWEFrL2VaMFZCWjU5aWdGRHF2Zz09')
 7 SYSTEMPATH\CodeIgniter.php(482): CodeIgniter\CodeIgniter->runController(Object(App\Controllers\Siswa))
 8 SYSTEMPATH\CodeIgniter.php(351): CodeIgniter\CodeIgniter->handleRequest(null, Object(Config\Cache), false)
 9 FCPATH\index.php(67): CodeIgniter\CodeIgniter->run()
10 SYSTEMPATH\Commands\Server\rewrite.php(46): require_once('FCPATH\\index.php')
CRITICAL - 2023-01-28 21:52:58 --> Undefined array key "ID"
in APPPATH\Views\admin\V_Form_kelas.php on line 38.
 1 APPPATH\Views\admin\V_Form_kelas.php(38): CodeIgniter\Debug\Exceptions->errorHandler(2, 'Undefined array key "ID"', 'APPPATH\\Views\\admin\\V_Form_kelas.php', 38)
 2 SYSTEMPATH\View\View.php(213): include('APPPATH\\Views\\admin\\V_Form_kelas.php')
 3 SYSTEMPATH\View\View.php(216): CodeIgniter\View\View->CodeIgniter\View\{closure}()
 4 SYSTEMPATH\Common.php(1134): CodeIgniter\View\View->render('/admin/V_Form_kelas', [], true)
 5 APPPATH\Controllers\Siswa.php(90): view('/admin/V_Form_kelas', [...])
 6 SYSTEMPATH\CodeIgniter.php(927): App\Controllers\Siswa->form_kelas(' ZnBKWEFrL2VaMFZCWjU5aWdGRHF2Zz09')
 7 SYSTEMPATH\CodeIgniter.php(482): CodeIgniter\CodeIgniter->runController(Object(App\Controllers\Siswa))
 8 SYSTEMPATH\CodeIgniter.php(351): CodeIgniter\CodeIgniter->handleRequest(null, Object(Config\Cache), false)
 9 FCPATH\index.php(67): CodeIgniter\CodeIgniter->run()
10 SYSTEMPATH\Commands\Server\rewrite.php(46): require_once('FCPATH\\index.php')
CRITICAL - 2023-01-28 21:57:01 --> Attempt to read property "Kelas" on array
in APPPATH\Controllers\Siswa.php on line 86.
 1 APPPATH\Controllers\Siswa.php(86): CodeIgniter\Debug\Exceptions->errorHandler(2, 'Attempt to read property "Kelas" on array', 'APPPATH\\Controllers\\Siswa.php', 86)
 2 SYSTEMPATH\CodeIgniter.php(927): App\Controllers\Siswa->form_kelas(' ZnBKWEFrL2VaMFZCWjU5aWdGRHF2Zz09')
 3 SYSTEMPATH\CodeIgniter.php(482): CodeIgniter\CodeIgniter->runController(Object(App\Controllers\Siswa))
 4 SYSTEMPATH\CodeIgniter.php(351): CodeIgniter\CodeIgniter->handleRequest(null, Object(Config\Cache), false)
 5 FCPATH\index.php(67): CodeIgniter\CodeIgniter->run()
 6 SYSTEMPATH\Commands\Server\rewrite.php(46): require_once('FCPATH\\index.php')
CRITICAL - 2023-01-28 21:57:13 --> Undefined array key "Kelas"
in APPPATH\Controllers\Siswa.php on line 86.
 1 APPPATH\Controllers\Siswa.php(86): CodeIgniter\Debug\Exceptions->errorHandler(2, 'Undefined array key "Kelas"', 'APPPATH\\Controllers\\Siswa.php', 86)
 2 SYSTEMPATH\CodeIgniter.php(927): App\Controllers\Siswa->form_kelas(' ZnBKWEFrL2VaMFZCWjU5aWdGRHF2Zz09')
 3 SYSTEMPATH\CodeIgniter.php(482): CodeIgniter\CodeIgniter->runController(Object(App\Controllers\Siswa))
 4 SYSTEMPATH\CodeIgniter.php(351): CodeIgniter\CodeIgniter->handleRequest(null, Object(Config\Cache), false)
 5 FCPATH\index.php(67): CodeIgniter\CodeIgniter->run()
 6 SYSTEMPATH\Commands\Server\rewrite.php(46): require_once('FCPATH\\index.php')
CRITICAL - 2023-01-28 22:04:11 --> Invalid file: error/V_404.php
in SYSTEMPATH\Exceptions\FrameworkException.php on line 33.
 1 SYSTEMPATH\View\View.php(201): CodeIgniter\Exceptions\FrameworkException::forInvalidFile('error/V_404.php')
 2 SYSTEMPATH\Common.php(1134): CodeIgniter\View\View->render('error/V_404', [], true)
 3 APPPATH\Config\Routes.php(24): view('error/V_404')
 4 SYSTEMPATH\CodeIgniter.php(948): CodeIgniter\CodeIgniter->Config\{closure}('Controller or its method is not found: \\App\\Controllers\\Assets::plugins')
 5 SYSTEMPATH\CodeIgniter.php(370): CodeIgniter\CodeIgniter->display404errors(Object(CodeIgniter\Exceptions\PageNotFoundException))
 6 FCPATH\index.php(67): CodeIgniter\CodeIgniter->run()
 7 SYSTEMPATH\Commands\Server\rewrite.php(46): require_once('FCPATH\\index.php')
CRITICAL - 2023-01-28 22:04:11 --> Invalid file: error/V_404.php
in SYSTEMPATH\Exceptions\FrameworkException.php on line 33.
 1 SYSTEMPATH\View\View.php(201): CodeIgniter\Exceptions\FrameworkException::forInvalidFile('error/V_404.php')
 2 SYSTEMPATH\Common.php(1134): CodeIgniter\View\View->render('error/V_404', [], true)
 3 APPPATH\Config\Routes.php(24): view('error/V_404')
 4 SYSTEMPATH\CodeIgniter.php(948): CodeIgniter\CodeIgniter->Config\{closure}('Controller or its method is not found: \\App\\Controllers\\Assets::plugins')
 5 SYSTEMPATH\CodeIgniter.php(370): CodeIgniter\CodeIgniter->display404errors(Object(CodeIgniter\Exceptions\PageNotFoundException))
 6 FCPATH\index.php(67): CodeIgniter\CodeIgniter->run()
 7 SYSTEMPATH\Commands\Server\rewrite.php(46): require_once('FCPATH\\index.php')
CRITICAL - 2023-01-28 22:04:12 --> Invalid file: error/V_404.php
in SYSTEMPATH\Exceptions\FrameworkException.php on line 33.
 1 SYSTEMPATH\View\View.php(201): CodeIgniter\Exceptions\FrameworkException::forInvalidFile('error/V_404.php')
 2 SYSTEMPATH\Common.php(1134): CodeIgniter\View\View->render('error/V_404', [], true)
 3 APPPATH\Config\Routes.php(24): view('error/V_404')
 4 SYSTEMPATH\CodeIgniter.php(948): CodeIgniter\CodeIgniter->Config\{closure}('Controller or its method is not found: \\App\\Controllers\\Assets::plugins')
 5 SYSTEMPATH\CodeIgniter.php(370): CodeIgniter\CodeIgniter->display404errors(Object(CodeIgniter\Exceptions\PageNotFoundException))
 6 FCPATH\index.php(67): CodeIgniter\CodeIgniter->run()
 7 SYSTEMPATH\Commands\Server\rewrite.php(46): require_once('FCPATH\\index.php')
CRITICAL - 2023-01-28 22:04:12 --> Invalid file: error/V_404.php
in SYSTEMPATH\Exceptions\FrameworkException.php on line 33.
 1 SYSTEMPATH\View\View.php(201): CodeIgniter\Exceptions\FrameworkException::forInvalidFile('error/V_404.php')
 2 SYSTEMPATH\Common.php(1134): CodeIgniter\View\View->render('error/V_404', [], true)
 3 APPPATH\Config\Routes.php(24): view('error/V_404')
 4 SYSTEMPATH\CodeIgniter.php(948): CodeIgniter\CodeIgniter->Config\{closure}('Controller or its method is not found: \\App\\Controllers\\Assets::plugins')
 5 SYSTEMPATH\CodeIgniter.php(370): CodeIgniter\CodeIgniter->display404errors(Object(CodeIgniter\Exceptions\PageNotFoundException))
 6 FCPATH\index.php(67): CodeIgniter\CodeIgniter->run()
 7 SYSTEMPATH\Commands\Server\rewrite.php(46): require_once('FCPATH\\index.php')
CRITICAL - 2023-01-28 22:04:12 --> Invalid file: error/V_404.php
in SYSTEMPATH\Exceptions\FrameworkException.php on line 33.
 1 SYSTEMPATH\View\View.php(201): CodeIgniter\Exceptions\FrameworkException::forInvalidFile('error/V_404.php')
 2 SYSTEMPATH\Common.php(1134): CodeIgniter\View\View->render('error/V_404', [], true)
 3 APPPATH\Config\Routes.php(24): view('error/V_404')
 4 SYSTEMPATH\CodeIgniter.php(948): CodeIgniter\CodeIgniter->Config\{closure}('Controller or its method is not found: \\App\\Controllers\\Assets::plugins')
 5 SYSTEMPATH\CodeIgniter.php(370): CodeIgniter\CodeIgniter->display404errors(Object(CodeIgniter\Exceptions\PageNotFoundException))
 6 FCPATH\index.php(67): CodeIgniter\CodeIgniter->run()
 7 SYSTEMPATH\Commands\Server\rewrite.php(46): require_once('FCPATH\\index.php')
CRITICAL - 2023-01-28 22:35:09 --> Invalid file: error/V_404.php
in SYSTEMPATH\Exceptions\FrameworkException.php on line 33.
 1 SYSTEMPATH\View\View.php(201): CodeIgniter\Exceptions\FrameworkException::forInvalidFile('error/V_404.php')
 2 SYSTEMPATH\Common.php(1134): CodeIgniter\View\View->render('error/V_404', [], true)
 3 APPPATH\Config\Routes.php(24): view('error/V_404')
 4 SYSTEMPATH\CodeIgniter.php(948): CodeIgniter\CodeIgniter->Config\{closure}('Controller or its method is not found: \\App\\Controllers\\Assets::plugins')
 5 SYSTEMPATH\CodeIgniter.php(370): CodeIgniter\CodeIgniter->display404errors(Object(CodeIgniter\Exceptions\PageNotFoundException))
 6 FCPATH\index.php(67): CodeIgniter\CodeIgniter->run()
 7 SYSTEMPATH\Commands\Server\rewrite.php(46): require_once('FCPATH\\index.php')
CRITICAL - 2023-01-28 22:35:09 --> Invalid file: error/V_404.php
in SYSTEMPATH\Exceptions\FrameworkException.php on line 33.
 1 SYSTEMPATH\View\View.php(201): CodeIgniter\Exceptions\FrameworkException::forInvalidFile('error/V_404.php')
 2 SYSTEMPATH\Common.php(1134): CodeIgniter\View\View->render('error/V_404', [], true)
 3 APPPATH\Config\Routes.php(24): view('error/V_404')
 4 SYSTEMPATH\CodeIgniter.php(948): CodeIgniter\CodeIgniter->Config\{closure}('Controller or its method is not found: \\App\\Controllers\\Assets::plugins')
 5 SYSTEMPATH\CodeIgniter.php(370): CodeIgniter\CodeIgniter->display404errors(Object(CodeIgniter\Exceptions\PageNotFoundException))
 6 FCPATH\index.php(67): CodeIgniter\CodeIgniter->run()
 7 SYSTEMPATH\Commands\Server\rewrite.php(46): require_once('FCPATH\\index.php')
CRITICAL - 2023-01-28 22:35:09 --> Invalid file: error/V_404.php
in SYSTEMPATH\Exceptions\FrameworkException.php on line 33.
 1 SYSTEMPATH\View\View.php(201): CodeIgniter\Exceptions\FrameworkException::forInvalidFile('error/V_404.php')
 2 SYSTEMPATH\Common.php(1134): CodeIgniter\View\View->render('error/V_404', [], true)
 3 APPPATH\Config\Routes.php(24): view('error/V_404')
 4 SYSTEMPATH\CodeIgniter.php(948): CodeIgniter\CodeIgniter->Config\{closure}('Controller or its method is not found: \\App\\Controllers\\Assets::plugins')
 5 SYSTEMPATH\CodeIgniter.php(370): CodeIgniter\CodeIgniter->display404errors(Object(CodeIgniter\Exceptions\PageNotFoundException))
 6 FCPATH\index.php(67): CodeIgniter\CodeIgniter->run()
 7 SYSTEMPATH\Commands\Server\rewrite.php(46): require_once('FCPATH\\index.php')
CRITICAL - 2023-01-28 22:35:09 --> Invalid file: error/V_404.php
in SYSTEMPATH\Exceptions\FrameworkException.php on line 33.
 1 SYSTEMPATH\View\View.php(201): CodeIgniter\Exceptions\FrameworkException::forInvalidFile('error/V_404.php')
 2 SYSTEMPATH\Common.php(1134): CodeIgniter\View\View->render('error/V_404', [], true)
 3 APPPATH\Config\Routes.php(24): view('error/V_404')
 4 SYSTEMPATH\CodeIgniter.php(948): CodeIgniter\CodeIgniter->Config\{closure}('Controller or its method is not found: \\App\\Controllers\\Assets::plugins')
 5 SYSTEMPATH\CodeIgniter.php(370): CodeIgniter\CodeIgniter->display404errors(Object(CodeIgniter\Exceptions\PageNotFoundException))
 6 FCPATH\index.php(67): CodeIgniter\CodeIgniter->run()
 7 SYSTEMPATH\Commands\Server\rewrite.php(46): require_once('FCPATH\\index.php')
CRITICAL - 2023-01-28 22:35:09 --> Invalid file: error/V_404.php
in SYSTEMPATH\Exceptions\FrameworkException.php on line 33.
 1 SYSTEMPATH\View\View.php(201): CodeIgniter\Exceptions\FrameworkException::forInvalidFile('error/V_404.php')
 2 SYSTEMPATH\Common.php(1134): CodeIgniter\View\View->render('error/V_404', [], true)
 3 APPPATH\Config\Routes.php(24): view('error/V_404')
 4 SYSTEMPATH\CodeIgniter.php(948): CodeIgniter\CodeIgniter->Config\{closure}('Controller or its method is not found: \\App\\Controllers\\Assets::plugins')
 5 SYSTEMPATH\CodeIgniter.php(370): CodeIgniter\CodeIgniter->display404errors(Object(CodeIgniter\Exceptions\PageNotFoundException))
 6 FCPATH\index.php(67): CodeIgniter\CodeIgniter->run()
 7 SYSTEMPATH\Commands\Server\rewrite.php(46): require_once('FCPATH\\index.php')
CRITICAL - 2023-01-28 22:35:49 --> CodeIgniter\Validation\Rules::is_unique(): Argument #2 ($field) must be of type string, null given, called in C:\xampp\htdocs\SPPTerpadu\system\Validation\Validation.php on line 314
in SYSTEMPATH\Validation\Rules.php on line 126.
 1 SYSTEMPATH\Validation\Validation.php(314): CodeIgniter\Validation\Rules->is_unique('1133566515', null)
 2 SYSTEMPATH\Validation\Validation.php(175): CodeIgniter\Validation\Validation->processRules('IDKelas', 'IDKelas', '1133566515', [...], [...])
 3 APPPATH\Controllers\Siswa.php(105): CodeIgniter\Validation\Validation->run()
 4 SYSTEMPATH\CodeIgniter.php(927): App\Controllers\Siswa->simpan_kelas('Tambah')
 5 SYSTEMPATH\CodeIgniter.php(482): CodeIgniter\CodeIgniter->runController(Object(App\Controllers\Siswa))
 6 SYSTEMPATH\CodeIgniter.php(351): CodeIgniter\CodeIgniter->handleRequest(null, Object(Config\Cache), false)
 7 FCPATH\index.php(67): CodeIgniter\CodeIgniter->run()
 8 SYSTEMPATH\Commands\Server\rewrite.php(46): require_once('FCPATH\\index.php')
CRITICAL - 2023-01-28 22:36:09 --> Cannot access offset of type string on string
in APPPATH\Controllers\Siswa.php on line 146.
 1 SYSTEMPATH\CodeIgniter.php(927): App\Controllers\Siswa->simpan_kelas('ZnBKWEFrL2VaMFZCWjU5aWdGRHF2Zz09')
 2 SYSTEMPATH\CodeIgniter.php(482): CodeIgniter\CodeIgniter->runController(Object(App\Controllers\Siswa))
 3 SYSTEMPATH\CodeIgniter.php(351): CodeIgniter\CodeIgniter->handleRequest(null, Object(Config\Cache), false)
 4 FCPATH\index.php(67): CodeIgniter\CodeIgniter->run()
 5 SYSTEMPATH\Commands\Server\rewrite.php(46): require_once('FCPATH\\index.php')
CRITICAL - 2023-01-28 22:36:49 --> Cannot access offset of type string on string
in APPPATH\Controllers\Siswa.php on line 146.
 1 SYSTEMPATH\CodeIgniter.php(927): App\Controllers\Siswa->simpan_kelas('ZnBKWEFrL2VaMFZCWjU5aWdGRHF2Zz09')
 2 SYSTEMPATH\CodeIgniter.php(482): CodeIgniter\CodeIgniter->runController(Object(App\Controllers\Siswa))
 3 SYSTEMPATH\CodeIgniter.php(351): CodeIgniter\CodeIgniter->handleRequest(null, Object(Config\Cache), false)
 4 FCPATH\index.php(67): CodeIgniter\CodeIgniter->run()
 5 SYSTEMPATH\Commands\Server\rewrite.php(46): require_once('FCPATH\\index.php')
CRITICAL - 2023-01-28 22:50:54 --> Cannot access offset of type string on string
in APPPATH\Controllers\Siswa.php on line 146.
 1 SYSTEMPATH\CodeIgniter.php(927): App\Controllers\Siswa->simpan_kelas('ZnBKWEFrL2VaMFZCWjU5aWdGRHF2Zz09')
 2 SYSTEMPATH\CodeIgniter.php(482): CodeIgniter\CodeIgniter->runController(Object(App\Controllers\Siswa))
 3 SYSTEMPATH\CodeIgniter.php(351): CodeIgniter\CodeIgniter->handleRequest(null, Object(Config\Cache), false)
 4 FCPATH\index.php(67): CodeIgniter\CodeIgniter->run()
 5 SYSTEMPATH\Commands\Server\rewrite.php(46): require_once('FCPATH\\index.php')
CRITICAL - 2023-01-28 22:51:42 --> Attempt to read property "Kelas" on array
in APPPATH\Views\admin\V_Data_kelas.php on line 45.
 1 APPPATH\Views\admin\V_Data_kelas.php(45): CodeIgniter\Debug\Exceptions->errorHandler(2, 'Attempt to read property "Kelas" on array', 'APPPATH\\Views\\admin\\V_Data_kelas.php', 45)
 2 SYSTEMPATH\View\View.php(213): include('APPPATH\\Views\\admin\\V_Data_kelas.php')
 3 SYSTEMPATH\View\View.php(216): CodeIgniter\View\View->CodeIgniter\View\{closure}()
 4 SYSTEMPATH\Common.php(1134): CodeIgniter\View\View->render('/admin/V_Data_kelas', [], true)
 5 APPPATH\Controllers\Siswa.php(74): view('/admin/V_Data_kelas', [...])
 6 SYSTEMPATH\CodeIgniter.php(927): App\Controllers\Siswa->data_kelas()
 7 SYSTEMPATH\CodeIgniter.php(482): CodeIgniter\CodeIgniter->runController(Object(App\Controllers\Siswa))
 8 SYSTEMPATH\CodeIgniter.php(351): CodeIgniter\CodeIgniter->handleRequest(null, Object(Config\Cache), false)
 9 FCPATH\index.php(67): CodeIgniter\CodeIgniter->run()
10 SYSTEMPATH\Commands\Server\rewrite.php(46): require_once('FCPATH\\index.php')
CRITICAL - 2023-01-28 22:52:22 --> Attempt to read property "Kelas" on array
in APPPATH\Views\admin\V_Data_kelas.php on line 45.
 1 APPPATH\Views\admin\V_Data_kelas.php(45): CodeIgniter\Debug\Exceptions->errorHandler(2, 'Attempt to read property "Kelas" on array', 'APPPATH\\Views\\admin\\V_Data_kelas.php', 45)
 2 SYSTEMPATH\View\View.php(213): include('APPPATH\\Views\\admin\\V_Data_kelas.php')
 3 SYSTEMPATH\View\View.php(216): CodeIgniter\View\View->CodeIgniter\View\{closure}()
 4 SYSTEMPATH\Common.php(1134): CodeIgniter\View\View->render('/admin/V_Data_kelas', [], true)
 5 APPPATH\Controllers\Siswa.php(74): view('/admin/V_Data_kelas', [...])
 6 SYSTEMPATH\CodeIgniter.php(927): App\Controllers\Siswa->data_kelas()
 7 SYSTEMPATH\CodeIgniter.php(482): CodeIgniter\CodeIgniter->runController(Object(App\Controllers\Siswa))
 8 SYSTEMPATH\CodeIgniter.php(351): CodeIgniter\CodeIgniter->handleRequest(null, Object(Config\Cache), false)
 9 FCPATH\index.php(67): CodeIgniter\CodeIgniter->run()
10 SYSTEMPATH\Commands\Server\rewrite.php(46): require_once('FCPATH\\index.php')
CRITICAL - 2023-01-28 22:52:54 --> Attempt to read property "Kelas" on array
in APPPATH\Views\admin\V_Data_kelas.php on line 45.
 1 APPPATH\Views\admin\V_Data_kelas.php(45): CodeIgniter\Debug\Exceptions->errorHandler(2, 'Attempt to read property "Kelas" on array', 'APPPATH\\Views\\admin\\V_Data_kelas.php', 45)
 2 SYSTEMPATH\View\View.php(213): include('APPPATH\\Views\\admin\\V_Data_kelas.php')
 3 SYSTEMPATH\View\View.php(216): CodeIgniter\View\View->CodeIgniter\View\{closure}()
 4 SYSTEMPATH\Common.php(1134): CodeIgniter\View\View->render('/admin/V_Data_kelas', [], true)
 5 APPPATH\Controllers\Siswa.php(74): view('/admin/V_Data_kelas', [...])
 6 SYSTEMPATH\CodeIgniter.php(927): App\Controllers\Siswa->data_kelas()
 7 SYSTEMPATH\CodeIgniter.php(482): CodeIgniter\CodeIgniter->runController(Object(App\Controllers\Siswa))
 8 SYSTEMPATH\CodeIgniter.php(351): CodeIgniter\CodeIgniter->handleRequest(null, Object(Config\Cache), false)
 9 FCPATH\index.php(67): CodeIgniter\CodeIgniter->run()
10 SYSTEMPATH\Commands\Server\rewrite.php(46): require_once('FCPATH\\index.php')
CRITICAL - 2023-01-28 22:52:57 --> Invalid file: error/V_404.php
in SYSTEMPATH\Exceptions\FrameworkException.php on line 33.
 1 SYSTEMPATH\View\View.php(201): CodeIgniter\Exceptions\FrameworkException::forInvalidFile('error/V_404.php')
 2 SYSTEMPATH\Common.php(1134): CodeIgniter\View\View->render('error/V_404', [], true)
 3 APPPATH\Config\Routes.php(24): view('error/V_404')
 4 SYSTEMPATH\CodeIgniter.php(948): CodeIgniter\CodeIgniter->Config\{closure}('Controller method is not found: index')
 5 SYSTEMPATH\CodeIgniter.php(370): CodeIgniter\CodeIgniter->display404errors(Object(CodeIgniter\Exceptions\PageNotFoundException))
 6 FCPATH\index.php(67): CodeIgniter\CodeIgniter->run()
 7 SYSTEMPATH\Commands\Server\rewrite.php(46): require_once('FCPATH\\index.php')
CRITICAL - 2023-01-28 22:53:14 --> Attempt to read property "Kelas" on array
in APPPATH\Views\admin\V_Data_kelas.php on line 45.
 1 APPPATH\Views\admin\V_Data_kelas.php(45): CodeIgniter\Debug\Exceptions->errorHandler(2, 'Attempt to read property "Kelas" on array', 'APPPATH\\Views\\admin\\V_Data_kelas.php', 45)
 2 SYSTEMPATH\View\View.php(213): include('APPPATH\\Views\\admin\\V_Data_kelas.php')
 3 SYSTEMPATH\View\View.php(216): CodeIgniter\View\View->CodeIgniter\View\{closure}()
 4 SYSTEMPATH\Common.php(1134): CodeIgniter\View\View->render('/admin/V_Data_kelas', [], true)
 5 APPPATH\Controllers\Siswa.php(74): view('/admin/V_Data_kelas', [...])
 6 SYSTEMPATH\CodeIgniter.php(927): App\Controllers\Siswa->data_kelas()
 7 SYSTEMPATH\CodeIgniter.php(482): CodeIgniter\CodeIgniter->runController(Object(App\Controllers\Siswa))
 8 SYSTEMPATH\CodeIgniter.php(351): CodeIgniter\CodeIgniter->handleRequest(null, Object(Config\Cache), false)
 9 FCPATH\index.php(67): CodeIgniter\CodeIgniter->run()
10 SYSTEMPATH\Commands\Server\rewrite.php(46): require_once('FCPATH\\index.php')
CRITICAL - 2023-01-28 22:54:58 --> Array to string conversion
in APPPATH\Controllers\Siswa.php on line 146.
 1 APPPATH\Controllers\Siswa.php(146): CodeIgniter\Debug\Exceptions->errorHandler(2, 'Array to string conversion', 'APPPATH\\Controllers\\Siswa.php', 146)
 2 SYSTEMPATH\CodeIgniter.php(927): App\Controllers\Siswa->simpan_kelas('ZnBKWEFrL2VaMFZCWjU5aWdGRHF2Zz09')
 3 SYSTEMPATH\CodeIgniter.php(482): CodeIgniter\CodeIgniter->runController(Object(App\Controllers\Siswa))
 4 SYSTEMPATH\CodeIgniter.php(351): CodeIgniter\CodeIgniter->handleRequest(null, Object(Config\Cache), false)
 5 FCPATH\index.php(67): CodeIgniter\CodeIgniter->run()
 6 SYSTEMPATH\Commands\Server\rewrite.php(46): require_once('FCPATH\\index.php')
CRITICAL - 2023-01-28 22:55:29 --> Attempt to read property "Kelas" on array
in APPPATH\Views\admin\V_Data_kelas.php on line 45.
 1 APPPATH\Views\admin\V_Data_kelas.php(45): CodeIgniter\Debug\Exceptions->errorHandler(2, 'Attempt to read property "Kelas" on array', 'APPPATH\\Views\\admin\\V_Data_kelas.php', 45)
 2 SYSTEMPATH\View\View.php(213): include('APPPATH\\Views\\admin\\V_Data_kelas.php')
 3 SYSTEMPATH\View\View.php(216): CodeIgniter\View\View->CodeIgniter\View\{closure}()
 4 SYSTEMPATH\Common.php(1134): CodeIgniter\View\View->render('/admin/V_Data_kelas', [], true)
 5 APPPATH\Controllers\Siswa.php(74): view('/admin/V_Data_kelas', [...])
 6 SYSTEMPATH\CodeIgniter.php(927): App\Controllers\Siswa->data_kelas()
 7 SYSTEMPATH\CodeIgniter.php(482): CodeIgniter\CodeIgniter->runController(Object(App\Controllers\Siswa))
 8 SYSTEMPATH\CodeIgniter.php(351): CodeIgniter\CodeIgniter->handleRequest(null, Object(Config\Cache), false)
 9 FCPATH\index.php(67): CodeIgniter\CodeIgniter->run()
10 SYSTEMPATH\Commands\Server\rewrite.php(46): require_once('FCPATH\\index.php')
CRITICAL - 2023-01-28 22:56:31 --> Attempt to read property "Kelas" on array
in APPPATH\Views\admin\V_Data_kelas.php on line 45.
 1 APPPATH\Views\admin\V_Data_kelas.php(45): CodeIgniter\Debug\Exceptions->errorHandler(2, 'Attempt to read property "Kelas" on array', 'APPPATH\\Views\\admin\\V_Data_kelas.php', 45)
 2 SYSTEMPATH\View\View.php(213): include('APPPATH\\Views\\admin\\V_Data_kelas.php')
 3 SYSTEMPATH\View\View.php(216): CodeIgniter\View\View->CodeIgniter\View\{closure}()
 4 SYSTEMPATH\Common.php(1134): CodeIgniter\View\View->render('/admin/V_Data_kelas', [], true)
 5 APPPATH\Controllers\Siswa.php(74): view('/admin/V_Data_kelas', [...])
 6 SYSTEMPATH\CodeIgniter.php(927): App\Controllers\Siswa->data_kelas()
 7 SYSTEMPATH\CodeIgniter.php(482): CodeIgniter\CodeIgniter->runController(Object(App\Controllers\Siswa))
 8 SYSTEMPATH\CodeIgniter.php(351): CodeIgniter\CodeIgniter->handleRequest(null, Object(Config\Cache), false)
 9 FCPATH\index.php(67): CodeIgniter\CodeIgniter->run()
10 SYSTEMPATH\Commands\Server\rewrite.php(46): require_once('FCPATH\\index.php')
CRITICAL - 2023-01-28 22:56:57 --> Attempt to read property "Kelas" on array
in APPPATH\Views\admin\V_Data_kelas.php on line 45.
 1 APPPATH\Views\admin\V_Data_kelas.php(45): CodeIgniter\Debug\Exceptions->errorHandler(2, 'Attempt to read property "Kelas" on array', 'APPPATH\\Views\\admin\\V_Data_kelas.php', 45)
 2 SYSTEMPATH\View\View.php(213): include('APPPATH\\Views\\admin\\V_Data_kelas.php')
 3 SYSTEMPATH\View\View.php(216): CodeIgniter\View\View->CodeIgniter\View\{closure}()
 4 SYSTEMPATH\Common.php(1134): CodeIgniter\View\View->render('/admin/V_Data_kelas', [], true)
 5 APPPATH\Controllers\Siswa.php(74): view('/admin/V_Data_kelas', [...])
 6 SYSTEMPATH\CodeIgniter.php(927): App\Controllers\Siswa->data_kelas()
 7 SYSTEMPATH\CodeIgniter.php(482): CodeIgniter\CodeIgniter->runController(Object(App\Controllers\Siswa))
 8 SYSTEMPATH\CodeIgniter.php(351): CodeIgniter\CodeIgniter->handleRequest(null, Object(Config\Cache), false)
 9 FCPATH\index.php(67): CodeIgniter\CodeIgniter->run()
10 SYSTEMPATH\Commands\Server\rewrite.php(46): require_once('FCPATH\\index.php')
CRITICAL - 2023-01-28 22:57:05 --> Attempt to read property "NamaLengkap" on array
in APPPATH\Views\admin\V_Data_kelas.php on line 45.
 1 APPPATH\Views\admin\V_Data_kelas.php(45): CodeIgniter\Debug\Exceptions->errorHandler(2, 'Attempt to read property "NamaLengkap" on array', 'APPPATH\\Views\\admin\\V_Data_kelas.php', 45)
 2 SYSTEMPATH\View\View.php(213): include('APPPATH\\Views\\admin\\V_Data_kelas.php')
 3 SYSTEMPATH\View\View.php(216): CodeIgniter\View\View->CodeIgniter\View\{closure}()
 4 SYSTEMPATH\Common.php(1134): CodeIgniter\View\View->render('/admin/V_Data_kelas', [], true)
 5 APPPATH\Controllers\Siswa.php(74): view('/admin/V_Data_kelas', [...])
 6 SYSTEMPATH\CodeIgniter.php(927): App\Controllers\Siswa->data_kelas()
 7 SYSTEMPATH\CodeIgniter.php(482): CodeIgniter\CodeIgniter->runController(Object(App\Controllers\Siswa))
 8 SYSTEMPATH\CodeIgniter.php(351): CodeIgniter\CodeIgniter->handleRequest(null, Object(Config\Cache), false)
 9 FCPATH\index.php(67): CodeIgniter\CodeIgniter->run()
10 SYSTEMPATH\Commands\Server\rewrite.php(46): require_once('FCPATH\\index.php')
CRITICAL - 2023-01-28 22:58:23 --> Attempt to read property "Kelas" on array
in APPPATH\Views\admin\V_Data_kelas.php on line 45.
 1 APPPATH\Views\admin\V_Data_kelas.php(45): CodeIgniter\Debug\Exceptions->errorHandler(2, 'Attempt to read property "Kelas" on array', 'APPPATH\\Views\\admin\\V_Data_kelas.php', 45)
 2 SYSTEMPATH\View\View.php(213): include('APPPATH\\Views\\admin\\V_Data_kelas.php')
 3 SYSTEMPATH\View\View.php(216): CodeIgniter\View\View->CodeIgniter\View\{closure}()
 4 SYSTEMPATH\Common.php(1134): CodeIgniter\View\View->render('/admin/V_Data_kelas', [], true)
 5 APPPATH\Controllers\Siswa.php(74): view('/admin/V_Data_kelas', [...])
 6 SYSTEMPATH\CodeIgniter.php(927): App\Controllers\Siswa->data_kelas()
 7 SYSTEMPATH\CodeIgniter.php(482): CodeIgniter\CodeIgniter->runController(Object(App\Controllers\Siswa))
 8 SYSTEMPATH\CodeIgniter.php(351): CodeIgniter\CodeIgniter->handleRequest(null, Object(Config\Cache), false)
 9 FCPATH\index.php(67): CodeIgniter\CodeIgniter->run()
10 SYSTEMPATH\Commands\Server\rewrite.php(46): require_once('FCPATH\\index.php')
CRITICAL - 2023-01-28 22:59:04 --> Attempt to read property "Kelas" on array
in APPPATH\Views\admin\V_Data_kelas.php on line 45.
 1 APPPATH\Views\admin\V_Data_kelas.php(45): CodeIgniter\Debug\Exceptions->errorHandler(2, 'Attempt to read property "Kelas" on array', 'APPPATH\\Views\\admin\\V_Data_kelas.php', 45)
 2 SYSTEMPATH\View\View.php(213): include('APPPATH\\Views\\admin\\V_Data_kelas.php')
 3 SYSTEMPATH\View\View.php(216): CodeIgniter\View\View->CodeIgniter\View\{closure}()
 4 SYSTEMPATH\Common.php(1134): CodeIgniter\View\View->render('/admin/V_Data_kelas', [], true)
 5 APPPATH\Controllers\Siswa.php(74): view('/admin/V_Data_kelas', [...])
 6 SYSTEMPATH\CodeIgniter.php(927): App\Controllers\Siswa->data_kelas()
 7 SYSTEMPATH\CodeIgniter.php(482): CodeIgniter\CodeIgniter->runController(Object(App\Controllers\Siswa))
 8 SYSTEMPATH\CodeIgniter.php(351): CodeIgniter\CodeIgniter->handleRequest(null, Object(Config\Cache), false)
 9 FCPATH\index.php(67): CodeIgniter\CodeIgniter->run()
10 SYSTEMPATH\Commands\Server\rewrite.php(46): require_once('FCPATH\\index.php')
CRITICAL - 2023-01-28 22:59:18 --> Attempt to read property "Kelas" on array
in APPPATH\Views\admin\V_Data_kelas.php on line 45.
 1 APPPATH\Views\admin\V_Data_kelas.php(45): CodeIgniter\Debug\Exceptions->errorHandler(2, 'Attempt to read property "Kelas" on array', 'APPPATH\\Views\\admin\\V_Data_kelas.php', 45)
 2 SYSTEMPATH\View\View.php(213): include('APPPATH\\Views\\admin\\V_Data_kelas.php')
 3 SYSTEMPATH\View\View.php(216): CodeIgniter\View\View->CodeIgniter\View\{closure}()
 4 SYSTEMPATH\Common.php(1134): CodeIgniter\View\View->render('/admin/V_Data_kelas', [], true)
 5 APPPATH\Controllers\Siswa.php(74): view('/admin/V_Data_kelas', [...])
 6 SYSTEMPATH\CodeIgniter.php(927): App\Controllers\Siswa->data_kelas()
 7 SYSTEMPATH\CodeIgniter.php(482): CodeIgniter\CodeIgniter->runController(Object(App\Controllers\Siswa))
 8 SYSTEMPATH\CodeIgniter.php(351): CodeIgniter\CodeIgniter->handleRequest(null, Object(Config\Cache), false)
 9 FCPATH\index.php(67): CodeIgniter\CodeIgniter->run()
10 SYSTEMPATH\Commands\Server\rewrite.php(46): require_once('FCPATH\\index.php')
CRITICAL - 2023-01-28 23:02:25 --> Attempt to read property "NamaLengkap" on array
in APPPATH\Views\admin\V_Data_kelas.php on line 46.
 1 APPPATH\Views\admin\V_Data_kelas.php(46): CodeIgniter\Debug\Exceptions->errorHandler(2, 'Attempt to read property "NamaLengkap" on array', 'APPPATH\\Views\\admin\\V_Data_kelas.php', 46)
 2 SYSTEMPATH\View\View.php(213): include('APPPATH\\Views\\admin\\V_Data_kelas.php')
 3 SYSTEMPATH\View\View.php(216): CodeIgniter\View\View->CodeIgniter\View\{closure}()
 4 SYSTEMPATH\Common.php(1134): CodeIgniter\View\View->render('/admin/V_Data_kelas', [], true)
 5 APPPATH\Controllers\Siswa.php(75): view('/admin/V_Data_kelas', [...])
 6 SYSTEMPATH\CodeIgniter.php(927): App\Controllers\Siswa->data_kelas()
 7 SYSTEMPATH\CodeIgniter.php(482): CodeIgniter\CodeIgniter->runController(Object(App\Controllers\Siswa))
 8 SYSTEMPATH\CodeIgniter.php(351): CodeIgniter\CodeIgniter->handleRequest(null, Object(Config\Cache), false)
 9 FCPATH\index.php(67): CodeIgniter\CodeIgniter->run()
10 SYSTEMPATH\Commands\Server\rewrite.php(46): require_once('FCPATH\\index.php')
ERROR - 2023-01-28 23:05:40 --> mysqli_sql_exception: Unknown column 't_admin.NamaLengkap' in 'field list' in C:\xampp\htdocs\SPPTerpadu\system\Database\MySQLi\Connection.php:292
Stack trace:
#0 C:\xampp\htdocs\SPPTerpadu\system\Database\MySQLi\Connection.php(292): mysqli->query('SELECT `t_admin...', 0)
#1 C:\xampp\htdocs\SPPTerpadu\system\Database\BaseConnection.php(666): CodeIgniter\Database\MySQLi\Connection->execute('SELECT `t_admin...')
#2 C:\xampp\htdocs\SPPTerpadu\system\Database\BaseConnection.php(593): CodeIgniter\Database\BaseConnection->simpleQuery('SELECT `t_admin...')
#3 C:\xampp\htdocs\SPPTerpadu\system\Database\BaseBuilder.php(1585): CodeIgniter\Database\BaseConnection->query('SELECT `t_admin...', Array, false)
#4 C:\xampp\htdocs\SPPTerpadu\system\Model.php(223): CodeIgniter\Database\BaseBuilder->get()
#5 C:\xampp\htdocs\SPPTerpadu\system\BaseModel.php(585): CodeIgniter\Model->doFindAll(0, 0)
#6 C:\xampp\htdocs\SPPTerpadu\app\Controllers\Siswa.php(72): CodeIgniter\BaseModel->findAll()
#7 C:\xampp\htdocs\SPPTerpadu\system\CodeIgniter.php(927): App\Controllers\Siswa->data_kelas()
#8 C:\xampp\htdocs\SPPTerpadu\system\CodeIgniter.php(482): CodeIgniter\CodeIgniter->runController(Object(App\Controllers\Siswa))
#9 C:\xampp\htdocs\SPPTerpadu\system\CodeIgniter.php(351): CodeIgniter\CodeIgniter->handleRequest(NULL, Object(Config\Cache), false)
#10 C:\xampp\htdocs\SPPTerpadu\public\index.php(67): CodeIgniter\CodeIgniter->run()
#11 C:\xampp\htdocs\SPPTerpadu\system\Commands\Server\rewrite.php(46): require_once('C:\\xampp\\htdocs...')
#12 {main}
CRITICAL - 2023-01-28 23:05:40 --> Unknown column 't_admin.NamaLengkap' in 'field list'
in SYSTEMPATH\Database\MySQLi\Connection.php on line 292.
 1 SYSTEMPATH\Database\MySQLi\Connection.php(292): mysqli->query('SELECT `t_admin`.`NamaLengkap`
FROM `t_kelas`
LEFT JOIN `t_akun_admin` ON `t_akun_admin`.`IDAkunAdmin` = `t_kelas`.`IDAkunAdmin`
ORDER BY `Kelas` ASC', 0)
 2 SYSTEMPATH\Database\BaseConnection.php(666): CodeIgniter\Database\MySQLi\Connection->execute('SELECT `t_admin`.`NamaLengkap`
FROM `t_kelas`
LEFT JOIN `t_akun_admin` ON `t_akun_admin`.`IDAkunAdmin` = `t_kelas`.`IDAkunAdmin`
ORDER BY `Kelas` ASC')
 3 SYSTEMPATH\Database\BaseConnection.php(593): CodeIgniter\Database\BaseConnection->simpleQuery('SELECT `t_admin`.`NamaLengkap`
FROM `t_kelas`
LEFT JOIN `t_akun_admin` ON `t_akun_admin`.`IDAkunAdmin` = `t_kelas`.`IDAkunAdmin`
ORDER BY `Kelas` ASC')
 4 SYSTEMPATH\Database\BaseBuilder.php(1585): CodeIgniter\Database\BaseConnection->query('SELECT `t_admin`.`NamaLengkap`
FROM `t_kelas`
LEFT JOIN `t_akun_admin` ON `t_akun_admin`.`IDAkunAdmin` = `t_kelas`.`IDAkunAdmin`
ORDER BY `Kelas` ASC', [], false)
 5 SYSTEMPATH\Model.php(223): CodeIgniter\Database\BaseBuilder->get()
 6 SYSTEMPATH\BaseModel.php(585): CodeIgniter\Model->doFindAll(0, 0)
 7 APPPATH\Controllers\Siswa.php(72): CodeIgniter\BaseModel->findAll()
 8 SYSTEMPATH\CodeIgniter.php(927): App\Controllers\Siswa->data_kelas()
 9 SYSTEMPATH\CodeIgniter.php(482): CodeIgniter\CodeIgniter->runController(Object(App\Controllers\Siswa))
10 SYSTEMPATH\CodeIgniter.php(351): CodeIgniter\CodeIgniter->handleRequest(null, Object(Config\Cache), false)
11 FCPATH\index.php(67): CodeIgniter\CodeIgniter->run()
12 SYSTEMPATH\Commands\Server\rewrite.php(46): require_once('FCPATH\\index.php')
CRITICAL - 2023-01-28 23:07:25 --> Undefined array key "Kelas"
in APPPATH\Views\admin\V_Data_kelas.php on line 45.
 1 APPPATH\Views\admin\V_Data_kelas.php(45): CodeIgniter\Debug\Exceptions->errorHandler(2, 'Undefined array key "Kelas"', 'APPPATH\\Views\\admin\\V_Data_kelas.php', 45)
 2 SYSTEMPATH\View\View.php(213): include('APPPATH\\Views\\admin\\V_Data_kelas.php')
 3 SYSTEMPATH\View\View.php(216): CodeIgniter\View\View->CodeIgniter\View\{closure}()
 4 SYSTEMPATH\Common.php(1134): CodeIgniter\View\View->render('/admin/V_Data_kelas', [], true)
 5 APPPATH\Controllers\Siswa.php(74): view('/admin/V_Data_kelas', [...])
 6 SYSTEMPATH\CodeIgniter.php(927): App\Controllers\Siswa->data_kelas()
 7 SYSTEMPATH\CodeIgniter.php(482): CodeIgniter\CodeIgniter->runController(Object(App\Controllers\Siswa))
 8 SYSTEMPATH\CodeIgniter.php(351): CodeIgniter\CodeIgniter->handleRequest(null, Object(Config\Cache), false)
 9 FCPATH\index.php(67): CodeIgniter\CodeIgniter->run()
10 SYSTEMPATH\Commands\Server\rewrite.php(46): require_once('FCPATH\\index.php')
CRITICAL - 2023-01-28 23:07:50 --> Undefined array key "Kelas"
in APPPATH\Views\admin\V_Data_kelas.php on line 45.
 1 APPPATH\Views\admin\V_Data_kelas.php(45): CodeIgniter\Debug\Exceptions->errorHandler(2, 'Undefined array key "Kelas"', 'APPPATH\\Views\\admin\\V_Data_kelas.php', 45)
 2 SYSTEMPATH\View\View.php(213): include('APPPATH\\Views\\admin\\V_Data_kelas.php')
 3 SYSTEMPATH\View\View.php(216): CodeIgniter\View\View->CodeIgniter\View\{closure}()
 4 SYSTEMPATH\Common.php(1134): CodeIgniter\View\View->render('/admin/V_Data_kelas', [], true)
 5 APPPATH\Controllers\Siswa.php(74): view('/admin/V_Data_kelas', [...])
 6 SYSTEMPATH\CodeIgniter.php(927): App\Controllers\Siswa->data_kelas()
 7 SYSTEMPATH\CodeIgniter.php(482): CodeIgniter\CodeIgniter->runController(Object(App\Controllers\Siswa))
 8 SYSTEMPATH\CodeIgniter.php(351): CodeIgniter\CodeIgniter->handleRequest(null, Object(Config\Cache), false)
 9 FCPATH\index.php(67): CodeIgniter\CodeIgniter->run()
10 SYSTEMPATH\Commands\Server\rewrite.php(46): require_once('FCPATH\\index.php')
CRITICAL - 2023-01-28 23:07:50 --> Undefined array key "Kelas"
in APPPATH\Views\admin\V_Data_kelas.php on line 45.
 1 APPPATH\Views\admin\V_Data_kelas.php(45): CodeIgniter\Debug\Exceptions->errorHandler(2, 'Undefined array key "Kelas"', 'APPPATH\\Views\\admin\\V_Data_kelas.php', 45)
 2 SYSTEMPATH\View\View.php(213): include('APPPATH\\Views\\admin\\V_Data_kelas.php')
 3 SYSTEMPATH\View\View.php(216): CodeIgniter\View\View->CodeIgniter\View\{closure}()
 4 SYSTEMPATH\Common.php(1134): CodeIgniter\View\View->render('/admin/V_Data_kelas', [], true)
 5 APPPATH\Controllers\Siswa.php(74): view('/admin/V_Data_kelas', [...])
 6 SYSTEMPATH\CodeIgniter.php(927): App\Controllers\Siswa->data_kelas()
 7 SYSTEMPATH\CodeIgniter.php(482): CodeIgniter\CodeIgniter->runController(Object(App\Controllers\Siswa))
 8 SYSTEMPATH\CodeIgniter.php(351): CodeIgniter\CodeIgniter->handleRequest(null, Object(Config\Cache), false)
 9 FCPATH\index.php(67): CodeIgniter\CodeIgniter->run()
10 SYSTEMPATH\Commands\Server\rewrite.php(46): require_once('FCPATH\\index.php')
CRITICAL - 2023-01-28 23:07:51 --> Undefined array key "Kelas"
in APPPATH\Views\admin\V_Data_kelas.php on line 45.
 1 APPPATH\Views\admin\V_Data_kelas.php(45): CodeIgniter\Debug\Exceptions->errorHandler(2, 'Undefined array key "Kelas"', 'APPPATH\\Views\\admin\\V_Data_kelas.php', 45)
 2 SYSTEMPATH\View\View.php(213): include('APPPATH\\Views\\admin\\V_Data_kelas.php')
 3 SYSTEMPATH\View\View.php(216): CodeIgniter\View\View->CodeIgniter\View\{closure}()
 4 SYSTEMPATH\Common.php(1134): CodeIgniter\View\View->render('/admin/V_Data_kelas', [], true)
 5 APPPATH\Controllers\Siswa.php(74): view('/admin/V_Data_kelas', [...])
 6 SYSTEMPATH\CodeIgniter.php(927): App\Controllers\Siswa->data_kelas()
 7 SYSTEMPATH\CodeIgniter.php(482): CodeIgniter\CodeIgniter->runController(Object(App\Controllers\Siswa))
 8 SYSTEMPATH\CodeIgniter.php(351): CodeIgniter\CodeIgniter->handleRequest(null, Object(Config\Cache), false)
 9 FCPATH\index.php(67): CodeIgniter\CodeIgniter->run()
10 SYSTEMPATH\Commands\Server\rewrite.php(46): require_once('FCPATH\\index.php')
CRITICAL - 2023-01-28 23:07:52 --> Undefined array key "Kelas"
in APPPATH\Views\admin\V_Data_kelas.php on line 45.
 1 APPPATH\Views\admin\V_Data_kelas.php(45): CodeIgniter\Debug\Exceptions->errorHandler(2, 'Undefined array key "Kelas"', 'APPPATH\\Views\\admin\\V_Data_kelas.php', 45)
 2 SYSTEMPATH\View\View.php(213): include('APPPATH\\Views\\admin\\V_Data_kelas.php')
 3 SYSTEMPATH\View\View.php(216): CodeIgniter\View\View->CodeIgniter\View\{closure}()
 4 SYSTEMPATH\Common.php(1134): CodeIgniter\View\View->render('/admin/V_Data_kelas', [], true)
 5 APPPATH\Controllers\Siswa.php(74): view('/admin/V_Data_kelas', [...])
 6 SYSTEMPATH\CodeIgniter.php(927): App\Controllers\Siswa->data_kelas()
 7 SYSTEMPATH\CodeIgniter.php(482): CodeIgniter\CodeIgniter->runController(Object(App\Controllers\Siswa))
 8 SYSTEMPATH\CodeIgniter.php(351): CodeIgniter\CodeIgniter->handleRequest(null, Object(Config\Cache), false)
 9 FCPATH\index.php(67): CodeIgniter\CodeIgniter->run()
10 SYSTEMPATH\Commands\Server\rewrite.php(46): require_once('FCPATH\\index.php')
CRITICAL - 2023-01-28 23:10:47 --> Invalid file: error/V_404.php
in SYSTEMPATH\Exceptions\FrameworkException.php on line 33.
 1 SYSTEMPATH\View\View.php(201): CodeIgniter\Exceptions\FrameworkException::forInvalidFile('error/V_404.php')
 2 SYSTEMPATH\Common.php(1134): CodeIgniter\View\View->render('error/V_404', [], true)
 3 APPPATH\Config\Routes.php(24): view('error/V_404')
 4 SYSTEMPATH\CodeIgniter.php(948): CodeIgniter\CodeIgniter->Config\{closure}('Controller method is not found: data_kelasa')
 5 SYSTEMPATH\CodeIgniter.php(370): CodeIgniter\CodeIgniter->display404errors(Object(CodeIgniter\Exceptions\PageNotFoundException))
 6 FCPATH\index.php(67): CodeIgniter\CodeIgniter->run()
 7 SYSTEMPATH\Commands\Server\rewrite.php(46): require_once('FCPATH\\index.php')
CRITICAL - 2023-01-28 23:15:45 --> Undefined variable $status_form
in APPPATH\Controllers\Siswa.php on line 101.
 1 APPPATH\Controllers\Siswa.php(101): CodeIgniter\Debug\Exceptions->errorHandler(2, 'Undefined variable $status_form', 'APPPATH\\Controllers\\Siswa.php', 101)
 2 SYSTEMPATH\CodeIgniter.php(927): App\Controllers\Siswa->form_kelas('all1c2NpS2FZODVwR2w2aDZUZE4zUT09', 'WWR6TE8wNmpUUzV4dEU1N09iblNFdz09')
 3 SYSTEMPATH\CodeIgniter.php(482): CodeIgniter\CodeIgniter->runController(Object(App\Controllers\Siswa))
 4 SYSTEMPATH\CodeIgniter.php(351): CodeIgniter\CodeIgniter->handleRequest(null, Object(Config\Cache), false)
 5 FCPATH\index.php(67): CodeIgniter\CodeIgniter->run()
 6 SYSTEMPATH\Commands\Server\rewrite.php(46): require_once('FCPATH\\index.php')
CRITICAL - 2023-01-28 23:16:00 --> Undefined variable $status_form
in APPPATH\Controllers\Siswa.php on line 101.
 1 APPPATH\Controllers\Siswa.php(101): CodeIgniter\Debug\Exceptions->errorHandler(2, 'Undefined variable $status_form', 'APPPATH\\Controllers\\Siswa.php', 101)
 2 SYSTEMPATH\CodeIgniter.php(927): App\Controllers\Siswa->form_kelas('all1c2NpS2FZODVwR2w2aDZUZE4zUT09', 'WWR6TE8wNmpUUzV4dEU1N09iblNFdz09')
 3 SYSTEMPATH\CodeIgniter.php(482): CodeIgniter\CodeIgniter->runController(Object(App\Controllers\Siswa))
 4 SYSTEMPATH\CodeIgniter.php(351): CodeIgniter\CodeIgniter->handleRequest(null, Object(Config\Cache), false)
 5 FCPATH\index.php(67): CodeIgniter\CodeIgniter->run()
 6 SYSTEMPATH\Commands\Server\rewrite.php(46): require_once('FCPATH\\index.php')
CRITICAL - 2023-01-28 23:16:04 --> Undefined variable $status_form
in APPPATH\Controllers\Siswa.php on line 101.
 1 APPPATH\Controllers\Siswa.php(101): CodeIgniter\Debug\Exceptions->errorHandler(2, 'Undefined variable $status_form', 'APPPATH\\Controllers\\Siswa.php', 101)
 2 SYSTEMPATH\CodeIgniter.php(927): App\Controllers\Siswa->form_kelas('all1c2NpS2FZODVwR2w2aDZUZE4zUT09', 'WWR6TE8wNmpUUzV4dEU1N09iblNFdz09')
 3 SYSTEMPATH\CodeIgniter.php(482): CodeIgniter\CodeIgniter->runController(Object(App\Controllers\Siswa))
 4 SYSTEMPATH\CodeIgniter.php(351): CodeIgniter\CodeIgniter->handleRequest(null, Object(Config\Cache), false)
 5 FCPATH\index.php(67): CodeIgniter\CodeIgniter->run()
 6 SYSTEMPATH\Commands\Server\rewrite.php(46): require_once('FCPATH\\index.php')
CRITICAL - 2023-01-28 23:27:53 --> Array to string conversion
in APPPATH\Controllers\Siswa.php on line 156.
 1 APPPATH\Controllers\Siswa.php(156): CodeIgniter\Debug\Exceptions->errorHandler(2, 'Array to string conversion', 'APPPATH\\Controllers\\Siswa.php', 156)
 2 SYSTEMPATH\CodeIgniter.php(927): App\Controllers\Siswa->simpan_kelas('ZnBKWEFrL2VaMFZCWjU5aWdGRHF2Zz09')
 3 SYSTEMPATH\CodeIgniter.php(482): CodeIgniter\CodeIgniter->runController(Object(App\Controllers\Siswa))
 4 SYSTEMPATH\CodeIgniter.php(351): CodeIgniter\CodeIgniter->handleRequest(null, Object(Config\Cache), false)
 5 FCPATH\index.php(67): CodeIgniter\CodeIgniter->run()
 6 SYSTEMPATH\Commands\Server\rewrite.php(46): require_once('FCPATH\\index.php')
