CRITICAL - 2023-03-22 12:38:32 --> Undefined variable $session
in APPPATH\Views\admin\V_Dashboard.php on line 154.
 1 APPPATH\Views\admin\V_Dashboard.php(154): CodeIgniter\Debug\Exceptions->errorHandler(2, 'Undefined variable $session', 'APPPATH\\Views\\admin\\V_Dashboard.php', 154)
 2 SYSTEMPATH\View\View.php(213): include('APPPATH\\Views\\admin\\V_Dashboard.php')
 3 SYSTEMPATH\View\View.php(216): CodeIgniter\View\View->CodeIgniter\View\{closure}()
 4 SYSTEMPATH\View\View.php(229): CodeIgniter\View\View->render('/admin/V_Dashboard', [], true)
 5 SYSTEMPATH\Common.php(1134): CodeIgniter\View\View->render('admin/V_Data_akun_siswa', [], true)
 6 APPPATH\Controllers\Pengguna.php(11): view('admin/V_Data_akun_siswa')
 7 SYSTEMPATH\CodeIgniter.php(927): App\Controllers\Pengguna->akun_siswa()
 8 SYSTEMPATH\CodeIgniter.php(482): CodeIgniter\CodeIgniter->runController(Object(App\Controllers\Pengguna))
 9 SYSTEMPATH\CodeIgniter.php(351): CodeIgniter\CodeIgniter->handleRequest(null, Object(Config\Cache), false)
10 FCPATH\index.php(67): CodeIgniter\CodeIgniter->run()
11 SYSTEMPATH\Commands\Server\rewrite.php(46): require_once('FCPATH\\index.php')
CRITICAL - 2023-03-22 12:40:52 --> Invalid file: error/V_404.php
in SYSTEMPATH\Exceptions\FrameworkException.php on line 33.
 1 SYSTEMPATH\View\View.php(201): CodeIgniter\Exceptions\FrameworkException::forInvalidFile('error/V_404.php')
 2 SYSTEMPATH\Common.php(1134): CodeIgniter\View\View->render('error/V_404', [], true)
 3 APPPATH\Config\Routes.php(24): view('error/V_404')
 4 SYSTEMPATH\CodeIgniter.php(948): CodeIgniter\CodeIgniter->Config\{closure}('Controller method is not found: akun_admin')
 5 SYSTEMPATH\CodeIgniter.php(370): CodeIgniter\CodeIgniter->display404errors(Object(CodeIgniter\Exceptions\PageNotFoundException))
 6 FCPATH\index.php(67): CodeIgniter\CodeIgniter->run()
 7 SYSTEMPATH\Commands\Server\rewrite.php(46): require_once('FCPATH\\index.php')
CRITICAL - 2023-03-22 12:43:00 --> Invalid file: error/V_404.php
in SYSTEMPATH\Exceptions\FrameworkException.php on line 33.
 1 SYSTEMPATH\View\View.php(201): CodeIgniter\Exceptions\FrameworkException::forInvalidFile('error/V_404.php')
 2 SYSTEMPATH\Common.php(1134): CodeIgniter\View\View->render('error/V_404', [], true)
 3 APPPATH\Config\Routes.php(24): view('error/V_404')
 4 SYSTEMPATH\CodeIgniter.php(948): CodeIgniter\CodeIgniter->Config\{closure}('Controller method is not found: akun_admin')
 5 SYSTEMPATH\CodeIgniter.php(370): CodeIgniter\CodeIgniter->display404errors(Object(CodeIgniter\Exceptions\PageNotFoundException))
 6 FCPATH\index.php(67): CodeIgniter\CodeIgniter->run()
 7 SYSTEMPATH\Commands\Server\rewrite.php(46): require_once('FCPATH\\index.php')
CRITICAL - 2023-03-22 12:43:25 --> Invalid file: error/V_404.php
in SYSTEMPATH\Exceptions\FrameworkException.php on line 33.
 1 SYSTEMPATH\View\View.php(201): CodeIgniter\Exceptions\FrameworkException::forInvalidFile('error/V_404.php')
 2 SYSTEMPATH\Common.php(1134): CodeIgniter\View\View->render('error/V_404', [], true)
 3 APPPATH\Config\Routes.php(24): view('error/V_404')
 4 SYSTEMPATH\CodeIgniter.php(948): CodeIgniter\CodeIgniter->Config\{closure}('Controller method is not found: akun_admin')
 5 SYSTEMPATH\CodeIgniter.php(370): CodeIgniter\CodeIgniter->display404errors(Object(CodeIgniter\Exceptions\PageNotFoundException))
 6 FCPATH\index.php(67): CodeIgniter\CodeIgniter->run()
 7 SYSTEMPATH\Commands\Server\rewrite.php(46): require_once('FCPATH\\index.php')
CRITICAL - 2023-03-22 12:43:33 --> Undefined variable $session
in APPPATH\Views\admin\V_Dashboard.php on line 154.
 1 APPPATH\Views\admin\V_Dashboard.php(154): CodeIgniter\Debug\Exceptions->errorHandler(2, 'Undefined variable $session', 'APPPATH\\Views\\admin\\V_Dashboard.php', 154)
 2 SYSTEMPATH\View\View.php(213): include('APPPATH\\Views\\admin\\V_Dashboard.php')
 3 SYSTEMPATH\View\View.php(216): CodeIgniter\View\View->CodeIgniter\View\{closure}()
 4 SYSTEMPATH\View\View.php(229): CodeIgniter\View\View->render('/admin/V_Dashboard', [], true)
 5 SYSTEMPATH\Common.php(1134): CodeIgniter\View\View->render('admin/V_Data_akun_administrator', [], true)
 6 APPPATH\Controllers\Pengguna.php(16): view('admin/V_Data_akun_administrator')
 7 SYSTEMPATH\CodeIgniter.php(927): App\Controllers\Pengguna->akun_administrator()
 8 SYSTEMPATH\CodeIgniter.php(482): CodeIgniter\CodeIgniter->runController(Object(App\Controllers\Pengguna))
 9 SYSTEMPATH\CodeIgniter.php(351): CodeIgniter\CodeIgniter->handleRequest(null, Object(Config\Cache), false)
10 FCPATH\index.php(67): CodeIgniter\CodeIgniter->run()
11 SYSTEMPATH\Commands\Server\rewrite.php(46): require_once('FCPATH\\index.php')
ERROR - 2023-03-22 12:55:02 --> mysqli_sql_exception: Unknown column 'created-at' in 'order clause' in E:\xampp\htdocs\SPPTerpadu\system\Database\MySQLi\Connection.php:292
Stack trace:
#0 E:\xampp\htdocs\SPPTerpadu\system\Database\MySQLi\Connection.php(292): mysqli->query('SELECT *\nFROM `...', 0)
#1 E:\xampp\htdocs\SPPTerpadu\system\Database\BaseConnection.php(666): CodeIgniter\Database\MySQLi\Connection->execute('SELECT *\nFROM `...')
#2 E:\xampp\htdocs\SPPTerpadu\system\Database\BaseConnection.php(593): CodeIgniter\Database\BaseConnection->simpleQuery('SELECT *\nFROM `...')
#3 E:\xampp\htdocs\SPPTerpadu\system\Database\BaseBuilder.php(1585): CodeIgniter\Database\BaseConnection->query('SELECT *\nFROM `...', Array, false)
#4 E:\xampp\htdocs\SPPTerpadu\system\Model.php(223): CodeIgniter\Database\BaseBuilder->get()
#5 E:\xampp\htdocs\SPPTerpadu\system\BaseModel.php(585): CodeIgniter\Model->doFindAll(0, 0)
#6 E:\xampp\htdocs\SPPTerpadu\app\Controllers\Pengguna.php(31): CodeIgniter\BaseModel->findAll()
#7 E:\xampp\htdocs\SPPTerpadu\system\CodeIgniter.php(927): App\Controllers\Pengguna->akun_administrator()
#8 E:\xampp\htdocs\SPPTerpadu\system\CodeIgniter.php(482): CodeIgniter\CodeIgniter->runController(Object(App\Controllers\Pengguna))
#9 E:\xampp\htdocs\SPPTerpadu\system\CodeIgniter.php(351): CodeIgniter\CodeIgniter->handleRequest(NULL, Object(Config\Cache), false)
#10 E:\xampp\htdocs\SPPTerpadu\public\index.php(67): CodeIgniter\CodeIgniter->run()
#11 E:\xampp\htdocs\SPPTerpadu\system\Commands\Server\rewrite.php(46): require_once('E:\\xampp\\htdocs...')
#12 {main}
CRITICAL - 2023-03-22 12:55:02 --> Unknown column 'created-at' in 'order clause'
in SYSTEMPATH\Database\MySQLi\Connection.php on line 292.
 1 SYSTEMPATH\Database\MySQLi\Connection.php(292): mysqli->query('SELECT *
FROM `t_akun_admin`
ORDER BY `created-at` DESC', 0)
 2 SYSTEMPATH\Database\BaseConnection.php(666): CodeIgniter\Database\MySQLi\Connection->execute('SELECT *
FROM `t_akun_admin`
ORDER BY `created-at` DESC')
 3 SYSTEMPATH\Database\BaseConnection.php(593): CodeIgniter\Database\BaseConnection->simpleQuery('SELECT *
FROM `t_akun_admin`
ORDER BY `created-at` DESC')
 4 SYSTEMPATH\Database\BaseBuilder.php(1585): CodeIgniter\Database\BaseConnection->query('SELECT *
FROM `t_akun_admin`
ORDER BY `created-at` DESC', [], false)
 5 SYSTEMPATH\Model.php(223): CodeIgniter\Database\BaseBuilder->get()
 6 SYSTEMPATH\BaseModel.php(585): CodeIgniter\Model->doFindAll(0, 0)
 7 APPPATH\Controllers\Pengguna.php(31): CodeIgniter\BaseModel->findAll()
 8 SYSTEMPATH\CodeIgniter.php(927): App\Controllers\Pengguna->akun_administrator()
 9 SYSTEMPATH\CodeIgniter.php(482): CodeIgniter\CodeIgniter->runController(Object(App\Controllers\Pengguna))
10 SYSTEMPATH\CodeIgniter.php(351): CodeIgniter\CodeIgniter->handleRequest(null, Object(Config\Cache), false)
11 FCPATH\index.php(67): CodeIgniter\CodeIgniter->run()
12 SYSTEMPATH\Commands\Server\rewrite.php(46): require_once('FCPATH\\index.php')
CRITICAL - 2023-03-22 12:57:19 --> Invalid file: error/V_404.php
in SYSTEMPATH\Exceptions\FrameworkException.php on line 33.
 1 SYSTEMPATH\View\View.php(201): CodeIgniter\Exceptions\FrameworkException::forInvalidFile('error/V_404.php')
 2 SYSTEMPATH\Common.php(1134): CodeIgniter\View\View->render('error/V_404', [], true)
 3 APPPATH\Config\Routes.php(24): view('error/V_404')
 4 SYSTEMPATH\CodeIgniter.php(948): CodeIgniter\CodeIgniter->Config\{closure}('Controller method is not found: blokir_administrator')
 5 SYSTEMPATH\CodeIgniter.php(370): CodeIgniter\CodeIgniter->display404errors(Object(CodeIgniter\Exceptions\PageNotFoundException))
 6 FCPATH\index.php(67): CodeIgniter\CodeIgniter->run()
 7 SYSTEMPATH\Commands\Server\rewrite.php(46): require_once('FCPATH\\index.php')
CRITICAL - 2023-03-22 14:12:32 --> Undefined variable $kelas
in APPPATH\Views\admin\V_Form_akun_administrator.php on line 41.
 1 APPPATH\Views\admin\V_Form_akun_administrator.php(41): CodeIgniter\Debug\Exceptions->errorHandler(2, 'Undefined variable $kelas', 'APPPATH\\Views\\admin\\V_Form_akun_administrator.php', 41)
 2 SYSTEMPATH\View\View.php(213): include('APPPATH\\Views\\admin\\V_Form_akun_administrator.php')
 3 SYSTEMPATH\View\View.php(216): CodeIgniter\View\View->CodeIgniter\View\{closure}()
 4 SYSTEMPATH\Common.php(1134): CodeIgniter\View\View->render('/admin/V_Form_akun_administrator', [], true)
 5 APPPATH\Controllers\Pengguna.php(80): view('/admin/V_Form_akun_administrator', [...])
 6 SYSTEMPATH\CodeIgniter.php(927): App\Controllers\Pengguna->form_akun_administrator('ZnBKWEFrL2VaMFZCWjU5aWdGRHF2Zz09')
 7 SYSTEMPATH\CodeIgniter.php(482): CodeIgniter\CodeIgniter->runController(Object(App\Controllers\Pengguna))
 8 SYSTEMPATH\CodeIgniter.php(351): CodeIgniter\CodeIgniter->handleRequest(null, Object(Config\Cache), false)
 9 FCPATH\index.php(67): CodeIgniter\CodeIgniter->run()
10 SYSTEMPATH\Commands\Server\rewrite.php(46): require_once('FCPATH\\index.php')
CRITICAL - 2023-03-22 15:00:24 --> Undefined array key "NamaPengguna"
in APPPATH\Views\admin\V_Form_akun_administrator.php on line 47.
 1 APPPATH\Views\admin\V_Form_akun_administrator.php(47): CodeIgniter\Debug\Exceptions->errorHandler(2, 'Undefined array key "NamaPengguna"', 'APPPATH\\Views\\admin\\V_Form_akun_administrator.php', 47)
 2 SYSTEMPATH\View\View.php(213): include('APPPATH\\Views\\admin\\V_Form_akun_administrator.php')
 3 SYSTEMPATH\View\View.php(216): CodeIgniter\View\View->CodeIgniter\View\{closure}()
 4 SYSTEMPATH\Common.php(1134): CodeIgniter\View\View->render('/admin/V_Form_akun_administrator', [], true)
 5 APPPATH\Controllers\Pengguna.php(80): view('/admin/V_Form_akun_administrator', [...])
 6 SYSTEMPATH\CodeIgniter.php(927): App\Controllers\Pengguna->form_akun_administrator('ZnBKWEFrL2VaMFZCWjU5aWdGRHF2Zz09')
 7 SYSTEMPATH\CodeIgniter.php(482): CodeIgniter\CodeIgniter->runController(Object(App\Controllers\Pengguna))
 8 SYSTEMPATH\CodeIgniter.php(351): CodeIgniter\CodeIgniter->handleRequest(null, Object(Config\Cache), false)
 9 FCPATH\index.php(67): CodeIgniter\CodeIgniter->run()
10 SYSTEMPATH\Commands\Server\rewrite.php(46): require_once('FCPATH\\index.php')
CRITICAL - 2023-03-22 16:32:04 --> Invalid file: error/V_404.php
in SYSTEMPATH\Exceptions\FrameworkException.php on line 33.
 1 SYSTEMPATH\View\View.php(201): CodeIgniter\Exceptions\FrameworkException::forInvalidFile('error/V_404.php')
 2 SYSTEMPATH\Common.php(1134): CodeIgniter\View\View->render('error/V_404', [], true)
 3 APPPATH\Config\Routes.php(24): view('error/V_404')
 4 SYSTEMPATH\CodeIgniter.php(948): CodeIgniter\CodeIgniter->Config\{closure}('Controller or its method is not found: \\App\\Controllers\\Aplikasi::konfigurasi')
 5 SYSTEMPATH\CodeIgniter.php(370): CodeIgniter\CodeIgniter->display404errors(Object(CodeIgniter\Exceptions\PageNotFoundException))
 6 FCPATH\index.php(67): CodeIgniter\CodeIgniter->run()
 7 SYSTEMPATH\Commands\Server\rewrite.php(46): require_once('FCPATH\\index.php')
