CRITICAL - 2022-12-17 19:58:33 --> syntax error, unexpected token "echo"
in APPPATH\Views\admin\V_Data_siswa.php on line 25.
 1 SYSTEMPATH\View\View.php(216): CodeIgniter\View\View->CodeIgniter\View\{closure}()
 2 SYSTEMPATH\Common.php(1134): CodeIgniter\View\View->render('/admin/V_Data_siswa', [], true)
 3 APPPATH\Controllers\Siswa.php(11): view('/admin/V_Data_siswa')
 4 SYSTEMPATH\CodeIgniter.php(927): App\Controllers\Siswa->data_siswa()
 5 SYSTEMPATH\CodeIgniter.php(482): CodeIgniter\CodeIgniter->runController(Object(App\Controllers\Siswa))
 6 SYSTEMPATH\CodeIgniter.php(351): CodeIgniter\CodeIgniter->handleRequest(null, Object(Config\Cache), false)
 7 FCPATH\index.php(67): CodeIgniter\CodeIgniter->run()
 8 SYSTEMPATH\Commands\Server\rewrite.php(46): require_once('FCPATH\\index.php')
CRITICAL - 2022-12-17 20:00:27 --> Invalid file: /admin/V_Tambah_siswa.php
in SYSTEMPATH\Exceptions\FrameworkException.php on line 33.
 1 SYSTEMPATH\View\View.php(201): CodeIgniter\Exceptions\FrameworkException::forInvalidFile('/admin/V_Tambah_siswa.php')
 2 SYSTEMPATH\Common.php(1134): CodeIgniter\View\View->render('/admin/V_Tambah_siswa', [], true)
 3 APPPATH\Controllers\Siswa.php(16): view('/admin/V_Tambah_siswa')
 4 SYSTEMPATH\CodeIgniter.php(927): App\Controllers\Siswa->form_siswa(' WmZzU1FpNXpuV2ZtRGM1QzdwSmJ0UT09')
 5 SYSTEMPATH\CodeIgniter.php(482): CodeIgniter\CodeIgniter->runController(Object(App\Controllers\Siswa))
 6 SYSTEMPATH\CodeIgniter.php(351): CodeIgniter\CodeIgniter->handleRequest(null, Object(Config\Cache), false)
 7 FCPATH\index.php(67): CodeIgniter\CodeIgniter->run()
 8 SYSTEMPATH\Commands\Server\rewrite.php(46): require_once('FCPATH\\index.php')
