CRITICAL - 2023-01-24 21:38:27 --> The route for "http://localhost:8080/siswa/data_siswa" cannot be found.
in SYSTEMPATH\HTTP\RedirectResponse.php on line 60.
 1 SYSTEMPATH\HTTP\RedirectResponse.php(60): CodeIgniter\HTTP\Exceptions\HTTPException::forInvalidRedirectRoute('http://localhost:8080/siswa/data_siswa')
 2 SYSTEMPATH\Common.php(860): CodeIgniter\HTTP\RedirectResponse->route(false)
 3 APPPATH\Controllers\Siswa.php(21): redirect('http://localhost:8080/siswa/data_siswa')
 4 SYSTEMPATH\CodeIgniter.php(927): App\Controllers\Siswa->form_siswa(' WmZzU1FpNXpuV2ZtRGM1QzdwSmJ0UT09')
 5 SYSTEMPATH\CodeIgniter.php(482): CodeIgniter\CodeIgniter->runController(Object(App\Controllers\Siswa))
 6 SYSTEMPATH\CodeIgniter.php(351): CodeIgniter\CodeIgniter->handleRequest(null, Object(Config\Cache), false)
 7 FCPATH\index.php(67): CodeIgniter\CodeIgniter->run()
 8 SYSTEMPATH\Commands\Server\rewrite.php(46): require_once('FCPATH\\index.php')
CRITICAL - 2023-01-24 21:39:27 --> The route for "http://localhost:8080/siswa/data_siswa" cannot be found.
in SYSTEMPATH\HTTP\RedirectResponse.php on line 60.
 1 SYSTEMPATH\HTTP\RedirectResponse.php(60): CodeIgniter\HTTP\Exceptions\HTTPException::forInvalidRedirectRoute('http://localhost:8080/siswa/data_siswa')
 2 SYSTEMPATH\Common.php(860): CodeIgniter\HTTP\RedirectResponse->route(false)
 3 APPPATH\Controllers\Siswa.php(21): redirect('http://localhost:8080/siswa/data_siswa')
 4 SYSTEMPATH\CodeIgniter.php(927): App\Controllers\Siswa->form_siswa(' WmZzU1FpNXpuV2ZtRGM1QzdwSmJ0UT09')
 5 SYSTEMPATH\CodeIgniter.php(482): CodeIgniter\CodeIgniter->runController(Object(App\Controllers\Siswa))
 6 SYSTEMPATH\CodeIgniter.php(351): CodeIgniter\CodeIgniter->handleRequest(null, Object(Config\Cache), false)
 7 FCPATH\index.php(67): CodeIgniter\CodeIgniter->run()
 8 SYSTEMPATH\Commands\Server\rewrite.php(46): require_once('FCPATH\\index.php')
CRITICAL - 2023-01-24 21:39:45 --> The route for "http://localhost:8080/siswa/data_siswa" cannot be found.
in SYSTEMPATH\HTTP\RedirectResponse.php on line 60.
 1 SYSTEMPATH\HTTP\RedirectResponse.php(60): CodeIgniter\HTTP\Exceptions\HTTPException::forInvalidRedirectRoute('http://localhost:8080/siswa/data_siswa')
 2 SYSTEMPATH\Common.php(860): CodeIgniter\HTTP\RedirectResponse->route(false)
 3 APPPATH\Controllers\Siswa.php(21): redirect('http://localhost:8080/siswa/data_siswa')
 4 SYSTEMPATH\CodeIgniter.php(927): App\Controllers\Siswa->form_siswa(' WmZzU1FpNXpuV2ZtRGM1QzdwSmJ0UT09')
 5 SYSTEMPATH\CodeIgniter.php(482): CodeIgniter\CodeIgniter->runController(Object(App\Controllers\Siswa))
 6 SYSTEMPATH\CodeIgniter.php(351): CodeIgniter\CodeIgniter->handleRequest(null, Object(Config\Cache), false)
 7 FCPATH\index.php(67): CodeIgniter\CodeIgniter->run()
 8 SYSTEMPATH\Commands\Server\rewrite.php(46): require_once('FCPATH\\index.php')
CRITICAL - 2023-01-24 21:39:46 --> The route for "http://localhost:8080/siswa/data_siswa" cannot be found.
in SYSTEMPATH\HTTP\RedirectResponse.php on line 60.
 1 SYSTEMPATH\HTTP\RedirectResponse.php(60): CodeIgniter\HTTP\Exceptions\HTTPException::forInvalidRedirectRoute('http://localhost:8080/siswa/data_siswa')
 2 SYSTEMPATH\Common.php(860): CodeIgniter\HTTP\RedirectResponse->route(false)
 3 APPPATH\Controllers\Siswa.php(21): redirect('http://localhost:8080/siswa/data_siswa')
 4 SYSTEMPATH\CodeIgniter.php(927): App\Controllers\Siswa->form_siswa(' WmZzU1FpNXpuV2ZtRGM1QzdwSmJ0UT09')
 5 SYSTEMPATH\CodeIgniter.php(482): CodeIgniter\CodeIgniter->runController(Object(App\Controllers\Siswa))
 6 SYSTEMPATH\CodeIgniter.php(351): CodeIgniter\CodeIgniter->handleRequest(null, Object(Config\Cache), false)
 7 FCPATH\index.php(67): CodeIgniter\CodeIgniter->run()
 8 SYSTEMPATH\Commands\Server\rewrite.php(46): require_once('FCPATH\\index.php')
CRITICAL - 2023-01-24 21:39:50 --> The route for "http://localhost:8080/siswa/data_siswa" cannot be found.
in SYSTEMPATH\HTTP\RedirectResponse.php on line 60.
 1 SYSTEMPATH\HTTP\RedirectResponse.php(60): CodeIgniter\HTTP\Exceptions\HTTPException::forInvalidRedirectRoute('http://localhost:8080/siswa/data_siswa')
 2 SYSTEMPATH\Common.php(860): CodeIgniter\HTTP\RedirectResponse->route(false)
 3 APPPATH\Controllers\Siswa.php(21): redirect('http://localhost:8080/siswa/data_siswa')
 4 SYSTEMPATH\CodeIgniter.php(927): App\Controllers\Siswa->form_siswa(' WmZzU1FpNXpuV2ZtRGM1QzdwSmJ0UT09')
 5 SYSTEMPATH\CodeIgniter.php(482): CodeIgniter\CodeIgniter->runController(Object(App\Controllers\Siswa))
 6 SYSTEMPATH\CodeIgniter.php(351): CodeIgniter\CodeIgniter->handleRequest(null, Object(Config\Cache), false)
 7 FCPATH\index.php(67): CodeIgniter\CodeIgniter->run()
 8 SYSTEMPATH\Commands\Server\rewrite.php(46): require_once('FCPATH\\index.php')
CRITICAL - 2023-01-24 21:39:57 --> The route for "http://localhost:8080/siswa/data_siswa" cannot be found.
in SYSTEMPATH\HTTP\RedirectResponse.php on line 60.
 1 SYSTEMPATH\HTTP\RedirectResponse.php(60): CodeIgniter\HTTP\Exceptions\HTTPException::forInvalidRedirectRoute('http://localhost:8080/siswa/data_siswa')
 2 SYSTEMPATH\Common.php(860): CodeIgniter\HTTP\RedirectResponse->route(false)
 3 APPPATH\Controllers\Siswa.php(21): redirect('http://localhost:8080/siswa/data_siswa')
 4 SYSTEMPATH\CodeIgniter.php(927): App\Controllers\Siswa->form_siswa(' WmZzU1FpNXpuV2ZtRGM1QzdwSmJ0UT09')
 5 SYSTEMPATH\CodeIgniter.php(482): CodeIgniter\CodeIgniter->runController(Object(App\Controllers\Siswa))
 6 SYSTEMPATH\CodeIgniter.php(351): CodeIgniter\CodeIgniter->handleRequest(null, Object(Config\Cache), false)
 7 FCPATH\index.php(67): CodeIgniter\CodeIgniter->run()
 8 SYSTEMPATH\Commands\Server\rewrite.php(46): require_once('FCPATH\\index.php')
CRITICAL - 2023-01-24 21:39:59 --> The route for "http://localhost:8080/siswa/data_siswa" cannot be found.
in SYSTEMPATH\HTTP\RedirectResponse.php on line 60.
 1 SYSTEMPATH\HTTP\RedirectResponse.php(60): CodeIgniter\HTTP\Exceptions\HTTPException::forInvalidRedirectRoute('http://localhost:8080/siswa/data_siswa')
 2 SYSTEMPATH\Common.php(860): CodeIgniter\HTTP\RedirectResponse->route(false)
 3 APPPATH\Controllers\Siswa.php(21): redirect('http://localhost:8080/siswa/data_siswa')
 4 SYSTEMPATH\CodeIgniter.php(927): App\Controllers\Siswa->form_siswa(' WmZzU1FpNXpuV2ZtRGM1QzdwSmJ0UT09')
 5 SYSTEMPATH\CodeIgniter.php(482): CodeIgniter\CodeIgniter->runController(Object(App\Controllers\Siswa))
 6 SYSTEMPATH\CodeIgniter.php(351): CodeIgniter\CodeIgniter->handleRequest(null, Object(Config\Cache), false)
 7 FCPATH\index.php(67): CodeIgniter\CodeIgniter->run()
 8 SYSTEMPATH\Commands\Server\rewrite.php(46): require_once('FCPATH\\index.php')
CRITICAL - 2023-01-24 21:40:06 --> Undefined variable $status_form
in APPPATH\Controllers\Siswa.php on line 22.
 1 APPPATH\Controllers\Siswa.php(22): CodeIgniter\Debug\Exceptions->errorHandler(2, 'Undefined variable $status_form', 'APPPATH\\Controllers\\Siswa.php', 22)
 2 SYSTEMPATH\CodeIgniter.php(927): App\Controllers\Siswa->form_siswa(' WmZzU1FpNXpuV2ZtRGM1QzdwSmJ0UT09')
 3 SYSTEMPATH\CodeIgniter.php(482): CodeIgniter\CodeIgniter->runController(Object(App\Controllers\Siswa))
 4 SYSTEMPATH\CodeIgniter.php(351): CodeIgniter\CodeIgniter->handleRequest(null, Object(Config\Cache), false)
 5 FCPATH\index.php(67): CodeIgniter\CodeIgniter->run()
 6 SYSTEMPATH\Commands\Server\rewrite.php(46): require_once('FCPATH\\index.php')
CRITICAL - 2023-01-24 21:40:20 --> Undefined variable $status_form
in APPPATH\Controllers\Siswa.php on line 21.
 1 APPPATH\Controllers\Siswa.php(21): CodeIgniter\Debug\Exceptions->errorHandler(2, 'Undefined variable $status_form', 'APPPATH\\Controllers\\Siswa.php', 21)
 2 SYSTEMPATH\CodeIgniter.php(927): App\Controllers\Siswa->form_siswa(' WmZzU1FpNXpuV2ZtRGM1QzdwSmJ0UT09')
 3 SYSTEMPATH\CodeIgniter.php(482): CodeIgniter\CodeIgniter->runController(Object(App\Controllers\Siswa))
 4 SYSTEMPATH\CodeIgniter.php(351): CodeIgniter\CodeIgniter->handleRequest(null, Object(Config\Cache), false)
 5 FCPATH\index.php(67): CodeIgniter\CodeIgniter->run()
 6 SYSTEMPATH\Commands\Server\rewrite.php(46): require_once('FCPATH\\index.php')
CRITICAL - 2023-01-24 21:40:41 --> Undefined variable $status_form
in APPPATH\Controllers\Siswa.php on line 21.
 1 APPPATH\Controllers\Siswa.php(21): CodeIgniter\Debug\Exceptions->errorHandler(2, 'Undefined variable $status_form', 'APPPATH\\Controllers\\Siswa.php', 21)
 2 SYSTEMPATH\CodeIgniter.php(927): App\Controllers\Siswa->form_siswa(' WmZzU1FpNXpuV2ZtRGM1QzdwSmJ0UT09')
 3 SYSTEMPATH\CodeIgniter.php(482): CodeIgniter\CodeIgniter->runController(Object(App\Controllers\Siswa))
 4 SYSTEMPATH\CodeIgniter.php(351): CodeIgniter\CodeIgniter->handleRequest(null, Object(Config\Cache), false)
 5 FCPATH\index.php(67): CodeIgniter\CodeIgniter->run()
 6 SYSTEMPATH\Commands\Server\rewrite.php(46): require_once('FCPATH\\index.php')
CRITICAL - 2023-01-24 21:40:57 --> Undefined variable $status_form
in APPPATH\Controllers\Siswa.php on line 21.
 1 APPPATH\Controllers\Siswa.php(21): CodeIgniter\Debug\Exceptions->errorHandler(2, 'Undefined variable $status_form', 'APPPATH\\Controllers\\Siswa.php', 21)
 2 SYSTEMPATH\CodeIgniter.php(927): App\Controllers\Siswa->form_siswa(' WmZzU1FpNXpuV2ZtRGM1QzdwSmJ0UT09')
 3 SYSTEMPATH\CodeIgniter.php(482): CodeIgniter\CodeIgniter->runController(Object(App\Controllers\Siswa))
 4 SYSTEMPATH\CodeIgniter.php(351): CodeIgniter\CodeIgniter->handleRequest(null, Object(Config\Cache), false)
 5 FCPATH\index.php(67): CodeIgniter\CodeIgniter->run()
 6 SYSTEMPATH\Commands\Server\rewrite.php(46): require_once('FCPATH\\index.php')
CRITICAL - 2023-01-24 21:41:55 --> Undefined variable $status_form
in APPPATH\Controllers\Siswa.php on line 21.
 1 APPPATH\Controllers\Siswa.php(21): CodeIgniter\Debug\Exceptions->errorHandler(2, 'Undefined variable $status_form', 'APPPATH\\Controllers\\Siswa.php', 21)
 2 SYSTEMPATH\CodeIgniter.php(927): App\Controllers\Siswa->form_siswa(' WmZzU1FpNXpuV2ZtRGM1QzdwSmJ0UT09')
 3 SYSTEMPATH\CodeIgniter.php(482): CodeIgniter\CodeIgniter->runController(Object(App\Controllers\Siswa))
 4 SYSTEMPATH\CodeIgniter.php(351): CodeIgniter\CodeIgniter->handleRequest(null, Object(Config\Cache), false)
 5 FCPATH\index.php(67): CodeIgniter\CodeIgniter->run()
 6 SYSTEMPATH\Commands\Server\rewrite.php(46): require_once('FCPATH\\index.php')
CRITICAL - 2023-01-24 21:44:13 --> Undefined variable $status_form
in APPPATH\Views\admin\V_Form_siswa.php on line 2.
 1 APPPATH\Views\admin\V_Form_siswa.php(2): CodeIgniter\Debug\Exceptions->errorHandler(2, 'Undefined variable $status_form', 'APPPATH\\Views\\admin\\V_Form_siswa.php', 2)
 2 SYSTEMPATH\View\View.php(213): include('APPPATH\\Views\\admin\\V_Form_siswa.php')
 3 SYSTEMPATH\View\View.php(216): CodeIgniter\View\View->CodeIgniter\View\{closure}()
 4 SYSTEMPATH\Common.php(1134): CodeIgniter\View\View->render('/admin/V_Form_siswa', [], true)
 5 APPPATH\Controllers\Siswa.php(29): view('/admin/V_Form_siswa')
 6 SYSTEMPATH\CodeIgniter.php(927): App\Controllers\Siswa->form_siswa(' ZnBKWEFrL2VaMFZCWjU5aWdGRHF2Zz09')
 7 SYSTEMPATH\CodeIgniter.php(482): CodeIgniter\CodeIgniter->runController(Object(App\Controllers\Siswa))
 8 SYSTEMPATH\CodeIgniter.php(351): CodeIgniter\CodeIgniter->handleRequest(null, Object(Config\Cache), false)
 9 FCPATH\index.php(67): CodeIgniter\CodeIgniter->run()
10 SYSTEMPATH\Commands\Server\rewrite.php(46): require_once('FCPATH\\index.php')
