ERROR - 2023-06-30 11:09:08 --> Error connecting to the database: mysqli_sql_exception: No connection could be made because the target machine actively refused it in C:\SPPTerpadu\system\Database\MySQLi\Connection.php:171
Stack trace:
#0 C:\SPPTerpadu\system\Database\MySQLi\Connection.php(171): mysqli->real_connect('localhost', 'root', '', 'spp_terpadu', 3306, '', 0)
#1 C:\SPPTerpadu\system\Database\BaseConnection.php(382): CodeIgniter\Database\MySQLi\Connection->connect(false)
#2 C:\SPPTerpadu\system\Database\BaseConnection.php(561): CodeIgniter\Database\BaseConnection->initialize()
#3 C:\SPPTerpadu\system\Database\BaseBuilder.php(1585): CodeIgniter\Database\BaseConnection->query('SELECT *\nFROM `...', Array, false)
#4 C:\SPPTerpadu\system\Model.php(250): CodeIgniter\Database\BaseBuilder->get()
#5 C:\SPPTerpadu\system\BaseModel.php(623): CodeIgniter\Model->doFirst()
#6 C:\SPPTerpadu\app\Controllers\Autentifikasi.php(52): CodeIgniter\BaseModel->first()
#7 C:\SPPTerpadu\system\CodeIgniter.php(927): App\Controllers\Autentifikasi->validasi_login_admin()
#8 C:\SPPTerpadu\system\CodeIgniter.php(482): CodeIgniter\CodeIgniter->runController(Object(App\Controllers\Autentifikasi))
#9 C:\SPPTerpadu\system\CodeIgniter.php(351): CodeIgniter\CodeIgniter->handleRequest(NULL, Object(Config\Cache), false)
#10 C:\SPPTerpadu\public\index.php(67): CodeIgniter\CodeIgniter->run()
#11 C:\SPPTerpadu\system\Commands\Server\rewrite.php(46): require_once('C:\\SPPTerpadu\\p...')
#12 {main}

Next CodeIgniter\Database\Exceptions\DatabaseException: No connection could be made because the target machine actively refused it in C:\SPPTerpadu\system\Database\MySQLi\Connection.php:215
Stack trace:
#0 C:\SPPTerpadu\system\Database\BaseConnection.php(382): CodeIgniter\Database\MySQLi\Connection->connect(false)
#1 C:\SPPTerpadu\system\Database\BaseConnection.php(561): CodeIgniter\Database\BaseConnection->initialize()
#2 C:\SPPTerpadu\system\Database\BaseBuilder.php(1585): CodeIgniter\Database\BaseConnection->query('SELECT *\nFROM `...', Array, false)
#3 C:\SPPTerpadu\system\Model.php(250): CodeIgniter\Database\BaseBuilder->get()
#4 C:\SPPTerpadu\system\BaseModel.php(623): CodeIgniter\Model->doFirst()
#5 C:\SPPTerpadu\app\Controllers\Autentifikasi.php(52): CodeIgniter\BaseModel->first()
#6 C:\SPPTerpadu\system\CodeIgniter.php(927): App\Controllers\Autentifikasi->validasi_login_admin()
#7 C:\SPPTerpadu\system\CodeIgniter.php(482): CodeIgniter\CodeIgniter->runController(Object(App\Controllers\Autentifikasi))
#8 C:\SPPTerpadu\system\CodeIgniter.php(351): CodeIgniter\CodeIgniter->handleRequest(NULL, Object(Config\Cache), false)
#9 C:\SPPTerpadu\public\index.php(67): CodeIgniter\CodeIgniter->run()
#10 C:\SPPTerpadu\system\Commands\Server\rewrite.php(46): require_once('C:\\SPPTerpadu\\p...')
#11 {main}
CRITICAL - 2023-06-30 11:09:08 --> Unable to connect to the database.
Main connection [MySQLi]: No connection could be made because the target machine actively refused it
in SYSTEMPATH\Database\BaseConnection.php on line 418.
 1 SYSTEMPATH\Database\BaseConnection.php(561): CodeIgniter\Database\BaseConnection->initialize()
 2 SYSTEMPATH\Database\BaseBuilder.php(1585): CodeIgniter\Database\BaseConnection->query('SELECT *
FROM `t_akun_admin`
WHERE `NamaPengguna` = :NamaPengguna:
AND `KataSandi` = :KataSandi:
AND `Aktivasi` = :Aktivasi:
 LIMIT 1', [...], false)
 3 SYSTEMPATH\Model.php(250): CodeIgniter\Database\BaseBuilder->get()
 4 SYSTEMPATH\BaseModel.php(623): CodeIgniter\Model->doFirst()
 5 APPPATH\Controllers\Autentifikasi.php(52): CodeIgniter\BaseModel->first()
 6 SYSTEMPATH\CodeIgniter.php(927): App\Controllers\Autentifikasi->validasi_login_admin()
 7 SYSTEMPATH\CodeIgniter.php(482): CodeIgniter\CodeIgniter->runController(Object(App\Controllers\Autentifikasi))
 8 SYSTEMPATH\CodeIgniter.php(351): CodeIgniter\CodeIgniter->handleRequest(null, Object(Config\Cache), false)
 9 FCPATH\index.php(67): CodeIgniter\CodeIgniter->run()
10 SYSTEMPATH\Commands\Server\rewrite.php(46): require_once('FCPATH\\index.php')
CRITICAL - 2023-06-30 11:10:10 --> Invalid file: error/V_404.php
in SYSTEMPATH\Exceptions\FrameworkException.php on line 33.
 1 SYSTEMPATH\View\View.php(201): CodeIgniter\Exceptions\FrameworkException::forInvalidFile('error/V_404.php')
 2 SYSTEMPATH\Common.php(1134): CodeIgniter\View\View->render('error/V_404', [], true)
 3 APPPATH\Config\Routes.php(24): view('error/V_404')
 4 SYSTEMPATH\CodeIgniter.php(948): CodeIgniter\CodeIgniter->Config\{closure}('Controller or its method is not found: \\App\\Controllers\\Logs::siswa')
 5 SYSTEMPATH\CodeIgniter.php(370): CodeIgniter\CodeIgniter->display404errors(Object(CodeIgniter\Exceptions\PageNotFoundException))
 6 FCPATH\index.php(67): CodeIgniter\CodeIgniter->run()
 7 SYSTEMPATH\Commands\Server\rewrite.php(46): require_once('FCPATH\\index.php')
CRITICAL - 2023-06-30 14:18:20 --> Call to a member function insert() on null
in APPPATH\Controllers\Pengguna.php on line 134.
 1 SYSTEMPATH\CodeIgniter.php(927): App\Controllers\Pengguna->simpan_siswa('ZnBKWEFrL2VaMFZCWjU5aWdGRHF2Zz09')
 2 SYSTEMPATH\CodeIgniter.php(482): CodeIgniter\CodeIgniter->runController(Object(App\Controllers\Pengguna))
 3 SYSTEMPATH\CodeIgniter.php(351): CodeIgniter\CodeIgniter->handleRequest(null, Object(Config\Cache), false)
 4 FCPATH\index.php(67): CodeIgniter\CodeIgniter->run()
 5 SYSTEMPATH\Commands\Server\rewrite.php(46): require_once('FCPATH\\index.php')
CRITICAL - 2023-06-30 14:19:44 --> Call to a member function insert() on null
in APPPATH\Controllers\Pengguna.php on line 133.
 1 SYSTEMPATH\CodeIgniter.php(927): App\Controllers\Pengguna->simpan_siswa('ZnBKWEFrL2VaMFZCWjU5aWdGRHF2Zz09')
 2 SYSTEMPATH\CodeIgniter.php(482): CodeIgniter\CodeIgniter->runController(Object(App\Controllers\Pengguna))
 3 SYSTEMPATH\CodeIgniter.php(351): CodeIgniter\CodeIgniter->handleRequest(null, Object(Config\Cache), false)
 4 FCPATH\index.php(67): CodeIgniter\CodeIgniter->run()
 5 SYSTEMPATH\Commands\Server\rewrite.php(46): require_once('FCPATH\\index.php')
CRITICAL - 2023-06-30 14:35:55 --> Call to a member function insert() on null
in APPPATH\Controllers\Pengguna.php on line 133.
 1 SYSTEMPATH\CodeIgniter.php(927): App\Controllers\Pengguna->simpan_siswa('ZnBKWEFrL2VaMFZCWjU5aWdGRHF2Zz09')
 2 SYSTEMPATH\CodeIgniter.php(482): CodeIgniter\CodeIgniter->runController(Object(App\Controllers\Pengguna))
 3 SYSTEMPATH\CodeIgniter.php(351): CodeIgniter\CodeIgniter->handleRequest(null, Object(Config\Cache), false)
 4 FCPATH\index.php(67): CodeIgniter\CodeIgniter->run()
 5 SYSTEMPATH\Commands\Server\rewrite.php(46): require_once('FCPATH\\index.php')
CRITICAL - 2023-06-30 14:36:29 --> Call to a member function insert() on null
in APPPATH\Controllers\Pengguna.php on line 133.
 1 SYSTEMPATH\CodeIgniter.php(927): App\Controllers\Pengguna->simpan_siswa('ZnBKWEFrL2VaMFZCWjU5aWdGRHF2Zz09')
 2 SYSTEMPATH\CodeIgniter.php(482): CodeIgniter\CodeIgniter->runController(Object(App\Controllers\Pengguna))
 3 SYSTEMPATH\CodeIgniter.php(351): CodeIgniter\CodeIgniter->handleRequest(null, Object(Config\Cache), false)
 4 FCPATH\index.php(67): CodeIgniter\CodeIgniter->run()
 5 SYSTEMPATH\Commands\Server\rewrite.php(46): require_once('FCPATH\\index.php')
CRITICAL - 2023-06-30 14:37:03 --> Call to a member function insert() on null
in APPPATH\Controllers\Pengguna.php on line 133.
 1 SYSTEMPATH\CodeIgniter.php(927): App\Controllers\Pengguna->simpan_siswa('ZnBKWEFrL2VaMFZCWjU5aWdGRHF2Zz09')
 2 SYSTEMPATH\CodeIgniter.php(482): CodeIgniter\CodeIgniter->runController(Object(App\Controllers\Pengguna))
 3 SYSTEMPATH\CodeIgniter.php(351): CodeIgniter\CodeIgniter->handleRequest(null, Object(Config\Cache), false)
 4 FCPATH\index.php(67): CodeIgniter\CodeIgniter->run()
 5 SYSTEMPATH\Commands\Server\rewrite.php(46): require_once('FCPATH\\index.php')
ERROR - 2023-06-30 14:59:44 --> mysqli_sql_exception: Cannot add or update a child row: a foreign key constraint fails (`spp_terpadu`.`t_akun_siswa`, CONSTRAINT `t_akun_siswa_ibfk_1` FOREIGN KEY (`NISN`) REFERENCES `t_siswa` (`NISN`)) in C:\SPPTerpadu\system\Database\MySQLi\Connection.php:292
Stack trace:
#0 C:\SPPTerpadu\system\Database\MySQLi\Connection.php(292): mysqli->query('INSERT INTO `t_...', 0)
#1 C:\SPPTerpadu\system\Database\BaseConnection.php(666): CodeIgniter\Database\MySQLi\Connection->execute('INSERT INTO `t_...')
#2 C:\SPPTerpadu\system\Database\BaseConnection.php(593): CodeIgniter\Database\BaseConnection->simpleQuery('INSERT INTO `t_...')
#3 C:\SPPTerpadu\system\Database\BaseBuilder.php(1916): CodeIgniter\Database\BaseConnection->query('INSERT INTO `t_...', Array, false)
#4 C:\SPPTerpadu\system\Model.php(279): CodeIgniter\Database\BaseBuilder->insert()
#5 C:\SPPTerpadu\system\BaseModel.php(749): CodeIgniter\Model->doInsert(Array)
#6 C:\SPPTerpadu\system\Model.php(667): CodeIgniter\BaseModel->insert(Array, true)
#7 C:\SPPTerpadu\app\Controllers\Pengguna.php(133): CodeIgniter\Model->insert(Array)
#8 C:\SPPTerpadu\system\CodeIgniter.php(927): App\Controllers\Pengguna->simpan_siswa('ZnBKWEFrL2VaMFZ...')
#9 C:\SPPTerpadu\system\CodeIgniter.php(482): CodeIgniter\CodeIgniter->runController(Object(App\Controllers\Pengguna))
#10 C:\SPPTerpadu\system\CodeIgniter.php(351): CodeIgniter\CodeIgniter->handleRequest(NULL, Object(Config\Cache), false)
#11 C:\SPPTerpadu\public\index.php(67): CodeIgniter\CodeIgniter->run()
#12 C:\SPPTerpadu\system\Commands\Server\rewrite.php(46): require_once('C:\\SPPTerpadu\\p...')
#13 {main}
CRITICAL - 2023-06-30 14:59:44 --> Cannot add or update a child row: a foreign key constraint fails (`spp_terpadu`.`t_akun_siswa`, CONSTRAINT `t_akun_siswa_ibfk_1` FOREIGN KEY (`NISN`) REFERENCES `t_siswa` (`NISN`))
in SYSTEMPATH\Database\MySQLi\Connection.php on line 292.
 1 SYSTEMPATH\Database\MySQLi\Connection.php(292): mysqli->query('INSERT INTO `t_akun_siswa` (`IDAkun`, `NISN`, `NamaPengguna`, `KataSandi`, `Aktivasi`, `created_at`, `updated_at`) VALUES (\'67032934\', \'2131212\', \'daus\', \'daus\', \'Y\', \'2023-06-30 14:59:44\', \'2023-06-30 14:59:44\')', 0)
 2 SYSTEMPATH\Database\BaseConnection.php(666): CodeIgniter\Database\MySQLi\Connection->execute('INSERT INTO `t_akun_siswa` (`IDAkun`, `NISN`, `NamaPengguna`, `KataSandi`, `Aktivasi`, `created_at`, `updated_at`) VALUES (\'67032934\', \'2131212\', \'daus\', \'daus\', \'Y\', \'2023-06-30 14:59:44\', \'2023-06-30 14:59:44\')')
 3 SYSTEMPATH\Database\BaseConnection.php(593): CodeIgniter\Database\BaseConnection->simpleQuery('INSERT INTO `t_akun_siswa` (`IDAkun`, `NISN`, `NamaPengguna`, `KataSandi`, `Aktivasi`, `created_at`, `updated_at`) VALUES (\'67032934\', \'2131212\', \'daus\', \'daus\', \'Y\', \'2023-06-30 14:59:44\', \'2023-06-30 14:59:44\')')
 4 SYSTEMPATH\Database\BaseBuilder.php(1916): CodeIgniter\Database\BaseConnection->query('INSERT INTO `t_akun_siswa` (`IDAkun`, `NISN`, `NamaPengguna`, `KataSandi`, `Aktivasi`, `created_at`, `updated_at`) VALUES (:IDAkun:, :NISN:, :NamaPengguna:, :KataSandi:, :Aktivasi:, :created_at:, :updated_at:)', [...], false)
 5 SYSTEMPATH\Model.php(279): CodeIgniter\Database\BaseBuilder->insert()
 6 SYSTEMPATH\BaseModel.php(749): CodeIgniter\Model->doInsert([...])
 7 SYSTEMPATH\Model.php(667): CodeIgniter\BaseModel->insert([...], true)
 8 APPPATH\Controllers\Pengguna.php(133): CodeIgniter\Model->insert([...])
 9 SYSTEMPATH\CodeIgniter.php(927): App\Controllers\Pengguna->simpan_siswa('ZnBKWEFrL2VaMFZCWjU5aWdGRHF2Zz09')
10 SYSTEMPATH\CodeIgniter.php(482): CodeIgniter\CodeIgniter->runController(Object(App\Controllers\Pengguna))
11 SYSTEMPATH\CodeIgniter.php(351): CodeIgniter\CodeIgniter->handleRequest(null, Object(Config\Cache), false)
12 FCPATH\index.php(67): CodeIgniter\CodeIgniter->run()
13 SYSTEMPATH\Commands\Server\rewrite.php(46): require_once('FCPATH\\index.php')
ERROR - 2023-06-30 15:00:27 --> mysqli_sql_exception: Cannot add or update a child row: a foreign key constraint fails (`spp_terpadu`.`t_akun_siswa`, CONSTRAINT `t_akun_siswa_ibfk_1` FOREIGN KEY (`NISN`) REFERENCES `t_siswa` (`NISN`)) in C:\SPPTerpadu\system\Database\MySQLi\Connection.php:292
Stack trace:
#0 C:\SPPTerpadu\system\Database\MySQLi\Connection.php(292): mysqli->query('INSERT INTO `t_...', 0)
#1 C:\SPPTerpadu\system\Database\BaseConnection.php(666): CodeIgniter\Database\MySQLi\Connection->execute('INSERT INTO `t_...')
#2 C:\SPPTerpadu\system\Database\BaseConnection.php(593): CodeIgniter\Database\BaseConnection->simpleQuery('INSERT INTO `t_...')
#3 C:\SPPTerpadu\system\Database\BaseBuilder.php(1916): CodeIgniter\Database\BaseConnection->query('INSERT INTO `t_...', Array, false)
#4 C:\SPPTerpadu\system\Model.php(279): CodeIgniter\Database\BaseBuilder->insert()
#5 C:\SPPTerpadu\system\BaseModel.php(749): CodeIgniter\Model->doInsert(Array)
#6 C:\SPPTerpadu\system\Model.php(667): CodeIgniter\BaseModel->insert(Array, true)
#7 C:\SPPTerpadu\app\Controllers\Pengguna.php(133): CodeIgniter\Model->insert(Array)
#8 C:\SPPTerpadu\system\CodeIgniter.php(927): App\Controllers\Pengguna->simpan_siswa('ZnBKWEFrL2VaMFZ...')
#9 C:\SPPTerpadu\system\CodeIgniter.php(482): CodeIgniter\CodeIgniter->runController(Object(App\Controllers\Pengguna))
#10 C:\SPPTerpadu\system\CodeIgniter.php(351): CodeIgniter\CodeIgniter->handleRequest(NULL, Object(Config\Cache), false)
#11 C:\SPPTerpadu\public\index.php(67): CodeIgniter\CodeIgniter->run()
#12 C:\SPPTerpadu\system\Commands\Server\rewrite.php(46): require_once('C:\\SPPTerpadu\\p...')
#13 {main}
CRITICAL - 2023-06-30 15:00:27 --> Cannot add or update a child row: a foreign key constraint fails (`spp_terpadu`.`t_akun_siswa`, CONSTRAINT `t_akun_siswa_ibfk_1` FOREIGN KEY (`NISN`) REFERENCES `t_siswa` (`NISN`))
in SYSTEMPATH\Database\MySQLi\Connection.php on line 292.
 1 SYSTEMPATH\Database\MySQLi\Connection.php(292): mysqli->query('INSERT INTO `t_akun_siswa` (`IDAkun`, `NISN`, `NamaPengguna`, `KataSandi`, `Aktivasi`, `created_at`, `updated_at`) VALUES (\'1988609086\', \'2006823\', \'dausd\', \'daus\', \'Y\', \'2023-06-30 15:00:27\', \'2023-06-30 15:00:27\')', 0)
 2 SYSTEMPATH\Database\BaseConnection.php(666): CodeIgniter\Database\MySQLi\Connection->execute('INSERT INTO `t_akun_siswa` (`IDAkun`, `NISN`, `NamaPengguna`, `KataSandi`, `Aktivasi`, `created_at`, `updated_at`) VALUES (\'1988609086\', \'2006823\', \'dausd\', \'daus\', \'Y\', \'2023-06-30 15:00:27\', \'2023-06-30 15:00:27\')')
 3 SYSTEMPATH\Database\BaseConnection.php(593): CodeIgniter\Database\BaseConnection->simpleQuery('INSERT INTO `t_akun_siswa` (`IDAkun`, `NISN`, `NamaPengguna`, `KataSandi`, `Aktivasi`, `created_at`, `updated_at`) VALUES (\'1988609086\', \'2006823\', \'dausd\', \'daus\', \'Y\', \'2023-06-30 15:00:27\', \'2023-06-30 15:00:27\')')
 4 SYSTEMPATH\Database\BaseBuilder.php(1916): CodeIgniter\Database\BaseConnection->query('INSERT INTO `t_akun_siswa` (`IDAkun`, `NISN`, `NamaPengguna`, `KataSandi`, `Aktivasi`, `created_at`, `updated_at`) VALUES (:IDAkun:, :NISN:, :NamaPengguna:, :KataSandi:, :Aktivasi:, :created_at:, :updated_at:)', [...], false)
 5 SYSTEMPATH\Model.php(279): CodeIgniter\Database\BaseBuilder->insert()
 6 SYSTEMPATH\BaseModel.php(749): CodeIgniter\Model->doInsert([...])
 7 SYSTEMPATH\Model.php(667): CodeIgniter\BaseModel->insert([...], true)
 8 APPPATH\Controllers\Pengguna.php(133): CodeIgniter\Model->insert([...])
 9 SYSTEMPATH\CodeIgniter.php(927): App\Controllers\Pengguna->simpan_siswa('ZnBKWEFrL2VaMFZCWjU5aWdGRHF2Zz09')
10 SYSTEMPATH\CodeIgniter.php(482): CodeIgniter\CodeIgniter->runController(Object(App\Controllers\Pengguna))
11 SYSTEMPATH\CodeIgniter.php(351): CodeIgniter\CodeIgniter->handleRequest(null, Object(Config\Cache), false)
12 FCPATH\index.php(67): CodeIgniter\CodeIgniter->run()
13 SYSTEMPATH\Commands\Server\rewrite.php(46): require_once('FCPATH\\index.php')
CRITICAL - 2023-06-30 17:32:10 --> Invalid file: error/V_404.php
in SYSTEMPATH\Exceptions\FrameworkException.php on line 33.
 1 SYSTEMPATH\View\View.php(201): CodeIgniter\Exceptions\FrameworkException::forInvalidFile('error/V_404.php')
 2 SYSTEMPATH\Common.php(1134): CodeIgniter\View\View->render('error/V_404', [], true)
 3 APPPATH\Config\Routes.php(24): view('error/V_404')
 4 SYSTEMPATH\CodeIgniter.php(948): CodeIgniter\CodeIgniter->Config\{closure}('Controller or its method is not found: \\App\\Controllers\\Assets::plugins')
 5 SYSTEMPATH\CodeIgniter.php(370): CodeIgniter\CodeIgniter->display404errors(Object(CodeIgniter\Exceptions\PageNotFoundException))
 6 FCPATH\index.php(67): CodeIgniter\CodeIgniter->run()
 7 SYSTEMPATH\Commands\Server\rewrite.php(46): require_once('FCPATH\\index.php')
CRITICAL - 2023-06-30 17:32:10 --> Invalid file: error/V_404.php
in SYSTEMPATH\Exceptions\FrameworkException.php on line 33.
 1 SYSTEMPATH\View\View.php(201): CodeIgniter\Exceptions\FrameworkException::forInvalidFile('error/V_404.php')
 2 SYSTEMPATH\Common.php(1134): CodeIgniter\View\View->render('error/V_404', [], true)
 3 APPPATH\Config\Routes.php(24): view('error/V_404')
 4 SYSTEMPATH\CodeIgniter.php(948): CodeIgniter\CodeIgniter->Config\{closure}('Controller or its method is not found: \\App\\Controllers\\Assets::plugins')
 5 SYSTEMPATH\CodeIgniter.php(370): CodeIgniter\CodeIgniter->display404errors(Object(CodeIgniter\Exceptions\PageNotFoundException))
 6 FCPATH\index.php(67): CodeIgniter\CodeIgniter->run()
 7 SYSTEMPATH\Commands\Server\rewrite.php(46): require_once('FCPATH\\index.php')
CRITICAL - 2023-06-30 17:32:11 --> Invalid file: error/V_404.php
in SYSTEMPATH\Exceptions\FrameworkException.php on line 33.
 1 SYSTEMPATH\View\View.php(201): CodeIgniter\Exceptions\FrameworkException::forInvalidFile('error/V_404.php')
 2 SYSTEMPATH\Common.php(1134): CodeIgniter\View\View->render('error/V_404', [], true)
 3 APPPATH\Config\Routes.php(24): view('error/V_404')
 4 SYSTEMPATH\CodeIgniter.php(948): CodeIgniter\CodeIgniter->Config\{closure}('Controller or its method is not found: \\App\\Controllers\\Assets::plugins')
 5 SYSTEMPATH\CodeIgniter.php(370): CodeIgniter\CodeIgniter->display404errors(Object(CodeIgniter\Exceptions\PageNotFoundException))
 6 FCPATH\index.php(67): CodeIgniter\CodeIgniter->run()
 7 SYSTEMPATH\Commands\Server\rewrite.php(46): require_once('FCPATH\\index.php')
CRITICAL - 2023-06-30 17:32:11 --> Invalid file: error/V_404.php
in SYSTEMPATH\Exceptions\FrameworkException.php on line 33.
 1 SYSTEMPATH\View\View.php(201): CodeIgniter\Exceptions\FrameworkException::forInvalidFile('error/V_404.php')
 2 SYSTEMPATH\Common.php(1134): CodeIgniter\View\View->render('error/V_404', [], true)
 3 APPPATH\Config\Routes.php(24): view('error/V_404')
 4 SYSTEMPATH\CodeIgniter.php(948): CodeIgniter\CodeIgniter->Config\{closure}('Controller or its method is not found: \\App\\Controllers\\Assets::plugins')
 5 SYSTEMPATH\CodeIgniter.php(370): CodeIgniter\CodeIgniter->display404errors(Object(CodeIgniter\Exceptions\PageNotFoundException))
 6 FCPATH\index.php(67): CodeIgniter\CodeIgniter->run()
 7 SYSTEMPATH\Commands\Server\rewrite.php(46): require_once('FCPATH\\index.php')
CRITICAL - 2023-06-30 17:32:11 --> Invalid file: error/V_404.php
in SYSTEMPATH\Exceptions\FrameworkException.php on line 33.
 1 SYSTEMPATH\View\View.php(201): CodeIgniter\Exceptions\FrameworkException::forInvalidFile('error/V_404.php')
 2 SYSTEMPATH\Common.php(1134): CodeIgniter\View\View->render('error/V_404', [], true)
 3 APPPATH\Config\Routes.php(24): view('error/V_404')
 4 SYSTEMPATH\CodeIgniter.php(948): CodeIgniter\CodeIgniter->Config\{closure}('Controller or its method is not found: \\App\\Controllers\\Assets::plugins')
 5 SYSTEMPATH\CodeIgniter.php(370): CodeIgniter\CodeIgniter->display404errors(Object(CodeIgniter\Exceptions\PageNotFoundException))
 6 FCPATH\index.php(67): CodeIgniter\CodeIgniter->run()
 7 SYSTEMPATH\Commands\Server\rewrite.php(46): require_once('FCPATH\\index.php')
